<?xml version="1.0" encoding="UTF-8"?>
<!-- Generated by org.testng.reporters.JUnitXMLReporter -->
<testsuite ignored="0" hostname="DESKTOP-59T47C6" failures="1" tests="94" name="Default test" time="0.769" errors="0" timestamp="2024-08-21T10:47:37 IST">
  <testcase classname="commonMethods.Testcases" name="@AfterMethod Teardown" time="0.001">
    <failure type="java.lang.NullPointerException" message="Cannot invoke &amp;quot;com.aventstack.extentreports.ExtentTest.log(com.aventstack.extentreports.Status, String)&amp;quot; because &amp;quot;test&amp;quot; is null">
      <![CDATA[java.lang.NullPointerException: Cannot invoke "com.aventstack.extentreports.ExtentTest.log(com.aventstack.extentreports.Status, String)" because "test" is null
at atu.testng.reports.ATUReports.teardown(ATUReports.java:504)
at commonMethods.Testcases.Teardown(Testcases.java:290)
at java.base/jdk.internal.reflect.NativeMethodAccessorImpl.invoke0(Native Method)
at java.base/jdk.internal.reflect.NativeMethodAccessorImpl.invoke(NativeMethodAccessorImpl.java:77)
at java.base/jdk.internal.reflect.DelegatingMethodAccessorImpl.invoke(DelegatingMethodAccessorImpl.java:43)
at java.base/java.lang.reflect.Method.invoke(Method.java:568)
at org.testng.internal.MethodInvocationHelper.invokeMethod(MethodInvocationHelper.java:133)
at org.testng.internal.MethodInvocationHelper.invokeMethodConsideringTimeout(MethodInvocationHelper.java:62)
at org.testng.internal.ConfigInvoker.invokeConfigurationMethod(ConfigInvoker.java:385)
at org.testng.internal.ConfigInvoker.invokeConfigurations(ConfigInvoker.java:321)
at org.testng.internal.TestInvoker.runConfigMethods(TestInvoker.java:700)
at org.testng.internal.TestInvoker.runAfterGroupsConfigurations(TestInvoker.java:676)
at org.testng.internal.TestInvoker.invokeMethod(TestInvoker.java:660)
at org.testng.internal.TestInvoker.invokeTestMethod(TestInvoker.java:173)
at org.testng.internal.MethodRunner.runInSequence(MethodRunner.java:46)
at org.testng.internal.TestInvoker$MethodInvocationAgent.invoke(TestInvoker.java:824)
at org.testng.internal.TestInvoker.invokeTestMethods(TestInvoker.java:146)
at org.testng.internal.TestMethodWorker.invokeTestMethods(TestMethodWorker.java:146)
at org.testng.internal.TestMethodWorker.run(TestMethodWorker.java:128)
at java.base/java.util.ArrayList.forEach(ArrayList.java:1511)
at org.testng.TestRunner.privateRun(TestRunner.java:794)
at org.testng.TestRunner.run(TestRunner.java:596)
at org.testng.SuiteRunner.runTest(SuiteRunner.java:377)
at org.testng.SuiteRunner.runSequentially(SuiteRunner.java:371)
at org.testng.SuiteRunner.privateRun(SuiteRunner.java:332)
at org.testng.SuiteRunner.run(SuiteRunner.java:276)
at org.testng.SuiteRunnerWorker.runSuite(SuiteRunnerWorker.java:53)
at org.testng.SuiteRunnerWorker.run(SuiteRunnerWorker.java:96)
at org.testng.TestNG.runSuitesSequentially(TestNG.java:1212)
at org.testng.TestNG.runSuitesLocally(TestNG.java:1134)
at org.testng.TestNG.runSuites(TestNG.java:1063)
at org.testng.TestNG.run(TestNG.java:1031)
at org.testng.remote.AbstractRemoteTestNG.run(AbstractRemoteTestNG.java:115)
at org.testng.remote.RemoteTestNG.initAndRun(RemoteTestNG.java:293)
at org.testng.remote.RemoteTestNG.main(RemoteTestNG.java:91)
]]>
    </failure>
  </testcase> <!-- @AfterMethod Teardown -->
  <testcase classname="commonMethods.Testcases" name="@AfterMethod Teardown" time="-1.72421745659E9">
    <skipped/>
  </testcase> <!-- @AfterMethod Teardown -->
  <testcase classname="commonMethods.Testcases" name="@AfterMethod Teardown" time="-1.724217456595E9">
    <skipped/>
  </testcase> <!-- @AfterMethod Teardown -->
  <testcase classname="commonMethods.Testcases" name="@AfterMethod Teardown" time="-1.7242174566E9">
    <skipped/>
  </testcase> <!-- @AfterMethod Teardown -->
  <testcase classname="commonMethods.Testcases" name="@AfterMethod Teardown" time="-1.724217456605E9">
    <skipped/>
  </testcase> <!-- @AfterMethod Teardown -->
  <testcase classname="commonMethods.Testcases" name="@AfterMethod Teardown" time="-1.724217456611E9">
    <skipped/>
  </testcase> <!-- @AfterMethod Teardown -->
  <testcase classname="commonMethods.Testcases" name="@AfterMethod Teardown" time="-1.724217456615E9">
    <skipped/>
  </testcase> <!-- @AfterMethod Teardown -->
  <testcase classname="commonMethods.Testcases" name="@AfterMethod Teardown" time="-1.724217456621E9">
    <skipped/>
  </testcase> <!-- @AfterMethod Teardown -->
  <testcase classname="commonMethods.Testcases" name="@AfterMethod Teardown" time="-1.724217456627E9">
    <skipped/>
  </testcase> <!-- @AfterMethod Teardown -->
  <testcase classname="commonMethods.Testcases" name="@AfterMethod Teardown" time="-1.724217456633E9">
    <skipped/>
  </testcase> <!-- @AfterMethod Teardown -->
  <testcase classname="commonMethods.Testcases" name="@AfterMethod Teardown" time="-1.72421745664E9">
    <skipped/>
  </testcase> <!-- @AfterMethod Teardown -->
  <testcase classname="commonMethods.Testcases" name="@AfterMethod Teardown" time="-1.724217456645E9">
    <skipped/>
  </testcase> <!-- @AfterMethod Teardown -->
  <testcase classname="commonMethods.Testcases" name="@AfterMethod Teardown" time="-1.724217456649E9">
    <skipped/>
  </testcase> <!-- @AfterMethod Teardown -->
  <testcase classname="commonMethods.Testcases" name="@AfterMethod Teardown" time="-1.724217456652E9">
    <skipped/>
  </testcase> <!-- @AfterMethod Teardown -->
  <testcase classname="commonMethods.Testcases" name="@AfterMethod Teardown" time="-1.724217456657E9">
    <skipped/>
  </testcase> <!-- @AfterMethod Teardown -->
  <testcase classname="commonMethods.Testcases" name="@AfterMethod Teardown" time="-1.72421745666E9">
    <skipped/>
  </testcase> <!-- @AfterMethod Teardown -->
  <testcase classname="commonMethods.Testcases" name="@AfterMethod Teardown" time="-1.724217456664E9">
    <skipped/>
  </testcase> <!-- @AfterMethod Teardown -->
  <testcase classname="commonMethods.Testcases" name="@AfterMethod Teardown" time="-1.724217456668E9">
    <skipped/>
  </testcase> <!-- @AfterMethod Teardown -->
  <testcase classname="commonMethods.Testcases" name="@AfterMethod Teardown" time="-1.724217456672E9">
    <skipped/>
  </testcase> <!-- @AfterMethod Teardown -->
  <testcase classname="commonMethods.Testcases" name="@AfterMethod Teardown" time="-1.724217456675E9">
    <skipped/>
  </testcase> <!-- @AfterMethod Teardown -->
  <testcase classname="commonMethods.Testcases" name="@AfterMethod Teardown" time="-1.72421745668E9">
    <skipped/>
  </testcase> <!-- @AfterMethod Teardown -->
  <testcase classname="commonMethods.Testcases" name="@AfterMethod Teardown" time="-1.724217456685E9">
    <skipped/>
  </testcase> <!-- @AfterMethod Teardown -->
  <testcase classname="commonMethods.Testcases" name="@AfterMethod Teardown" time="-1.724217456693E9">
    <skipped/>
  </testcase> <!-- @AfterMethod Teardown -->
  <testcase classname="commonMethods.Testcases" name="@AfterMethod Teardown" time="-1.724217456695E9">
    <skipped/>
  </testcase> <!-- @AfterMethod Teardown -->
  <testcase classname="commonMethods.Testcases" name="@AfterMethod Teardown" time="-1.7242174567E9">
    <skipped/>
  </testcase> <!-- @AfterMethod Teardown -->
  <testcase classname="commonMethods.Testcases" name="@AfterMethod Teardown" time="-1.724217456707E9">
    <skipped/>
  </testcase> <!-- @AfterMethod Teardown -->
  <testcase classname="commonMethods.Testcases" name="@AfterMethod Teardown" time="-1.724217456711E9">
    <skipped/>
  </testcase> <!-- @AfterMethod Teardown -->
  <testcase classname="commonMethods.Testcases" name="@AfterMethod Teardown" time="-1.724217456714E9">
    <skipped/>
  </testcase> <!-- @AfterMethod Teardown -->
  <testcase classname="commonMethods.Testcases" name="@AfterMethod Teardown" time="-1.724217456719E9">
    <skipped/>
  </testcase> <!-- @AfterMethod Teardown -->
  <testcase classname="commonMethods.Testcases" name="@AfterMethod Teardown" time="-1.724217456722E9">
    <skipped/>
  </testcase> <!-- @AfterMethod Teardown -->
  <testcase classname="commonMethods.Testcases" name="@AfterMethod Teardown" time="-1.724217456726E9">
    <skipped/>
  </testcase> <!-- @AfterMethod Teardown -->
  <testcase classname="commonMethods.Testcases" name="@AfterMethod Teardown" time="-1.72421745673E9">
    <skipped/>
  </testcase> <!-- @AfterMethod Teardown -->
  <testcase classname="commonMethods.Testcases" name="@AfterMethod Teardown" time="-1.724217456738E9">
    <skipped/>
  </testcase> <!-- @AfterMethod Teardown -->
  <testcase classname="commonMethods.Testcases" name="@AfterMethod Teardown" time="-1.724217456742E9">
    <skipped/>
  </testcase> <!-- @AfterMethod Teardown -->
  <testcase classname="commonMethods.Testcases" name="@AfterMethod Teardown" time="-1.724217456746E9">
    <skipped/>
  </testcase> <!-- @AfterMethod Teardown -->
  <testcase classname="commonMethods.Testcases" name="@AfterMethod Teardown" time="-1.724217456749E9">
    <skipped/>
  </testcase> <!-- @AfterMethod Teardown -->
  <testcase classname="commonMethods.Testcases" name="@AfterMethod Teardown" time="-1.724217456752E9">
    <skipped/>
  </testcase> <!-- @AfterMethod Teardown -->
  <testcase classname="commonMethods.Testcases" name="@AfterMethod Teardown" time="-1.724217456755E9">
    <skipped/>
  </testcase> <!-- @AfterMethod Teardown -->
  <testcase classname="commonMethods.Testcases" name="@AfterMethod Teardown" time="-1.724217456759E9">
    <skipped/>
  </testcase> <!-- @AfterMethod Teardown -->
  <testcase classname="commonMethods.Testcases" name="@AfterMethod Teardown" time="-1.724217456763E9">
    <skipped/>
  </testcase> <!-- @AfterMethod Teardown -->
  <testcase classname="commonMethods.Testcases" name="@AfterMethod Teardown" time="-1.724217456766E9">
    <skipped/>
  </testcase> <!-- @AfterMethod Teardown -->
  <testcase classname="commonMethods.Testcases" name="@AfterMethod Teardown" time="-1.724217456769E9">
    <skipped/>
  </testcase> <!-- @AfterMethod Teardown -->
  <testcase classname="commonMethods.Testcases" name="@AfterMethod Teardown" time="-1.724217456773E9">
    <skipped/>
  </testcase> <!-- @AfterMethod Teardown -->
  <testcase classname="commonMethods.Testcases" name="@AfterMethod Teardown" time="-1.724217456777E9">
    <skipped/>
  </testcase> <!-- @AfterMethod Teardown -->
  <testcase classname="commonMethods.Testcases" name="@AfterMethod Teardown" time="-1.72421745679E9">
    <skipped/>
  </testcase> <!-- @AfterMethod Teardown -->
  <testcase classname="commonMethods.Testcases" name="@AfterMethod Teardown" time="-1.724217456793E9">
    <skipped/>
  </testcase> <!-- @AfterMethod Teardown -->
  <testcase classname="commonMethods.Testcases" name="@AfterMethod Teardown" time="-1.724217456796E9">
    <skipped/>
  </testcase> <!-- @AfterMethod Teardown -->
  <testcase classname="commonMethods.Testcases" name="@AfterMethod Teardown" time="-1.7242174568E9">
    <skipped/>
  </testcase> <!-- @AfterMethod Teardown -->
  <testcase classname="commonMethods.Testcases" name="@AfterMethod Teardown" time="-1.724217456805E9">
    <skipped/>
  </testcase> <!-- @AfterMethod Teardown -->
  <testcase classname="commonMethods.Testcases" name="@AfterMethod Teardown" time="-1.724217456808E9">
    <skipped/>
  </testcase> <!-- @AfterMethod Teardown -->
  <testcase classname="commonMethods.Testcases" name="@AfterMethod Teardown" time="-1.724217456811E9">
    <skipped/>
  </testcase> <!-- @AfterMethod Teardown -->
  <testcase classname="commonMethods.Testcases" name="@AfterMethod Teardown" time="-1.724217456814E9">
    <skipped/>
  </testcase> <!-- @AfterMethod Teardown -->
  <testcase classname="commonMethods.Testcases" name="@AfterMethod Teardown" time="-1.724217456817E9">
    <skipped/>
  </testcase> <!-- @AfterMethod Teardown -->
  <testcase classname="commonMethods.Testcases" name="@AfterMethod Teardown" time="-1.724217456822E9">
    <skipped/>
  </testcase> <!-- @AfterMethod Teardown -->
  <testcase classname="commonMethods.Testcases" name="@AfterMethod Teardown" time="-1.724217456829E9">
    <skipped/>
  </testcase> <!-- @AfterMethod Teardown -->
  <testcase classname="commonMethods.Testcases" name="@AfterMethod Teardown" time="-1.724217456835E9">
    <skipped/>
  </testcase> <!-- @AfterMethod Teardown -->
  <testcase classname="commonMethods.Testcases" name="@AfterMethod Teardown" time="-1.724217456838E9">
    <skipped/>
  </testcase> <!-- @AfterMethod Teardown -->
  <testcase classname="commonMethods.Testcases" name="@AfterMethod Teardown" time="-1.724217456842E9">
    <skipped/>
  </testcase> <!-- @AfterMethod Teardown -->
  <testcase classname="commonMethods.Testcases" name="@AfterMethod Teardown" time="-1.724217456848E9">
    <skipped/>
  </testcase> <!-- @AfterMethod Teardown -->
  <testcase classname="commonMethods.Testcases" name="@AfterMethod Teardown" time="-1.724217456853E9">
    <skipped/>
  </testcase> <!-- @AfterMethod Teardown -->
  <testcase classname="commonMethods.Testcases" name="@AfterMethod Teardown" time="-1.724217456856E9">
    <skipped/>
  </testcase> <!-- @AfterMethod Teardown -->
  <testcase classname="commonMethods.Testcases" name="@AfterMethod Teardown" time="-1.72421745686E9">
    <skipped/>
  </testcase> <!-- @AfterMethod Teardown -->
  <testcase classname="commonMethods.Testcases" name="@AfterMethod Teardown" time="-1.724217456863E9">
    <skipped/>
  </testcase> <!-- @AfterMethod Teardown -->
  <testcase classname="commonMethods.Testcases" name="@AfterMethod Teardown" time="-1.724217456867E9">
    <skipped/>
  </testcase> <!-- @AfterMethod Teardown -->
  <testcase classname="commonMethods.Testcases" name="@AfterMethod Teardown" time="-1.724217456869E9">
    <skipped/>
  </testcase> <!-- @AfterMethod Teardown -->
  <testcase classname="commonMethods.Testcases" name="@AfterMethod Teardown" time="-1.724217456873E9">
    <skipped/>
  </testcase> <!-- @AfterMethod Teardown -->
  <testcase classname="commonMethods.Testcases" name="@AfterMethod Teardown" time="-1.724217456875E9">
    <skipped/>
  </testcase> <!-- @AfterMethod Teardown -->
  <testcase classname="commonMethods.Testcases" name="@AfterMethod Teardown" time="-1.724217456878E9">
    <skipped/>
  </testcase> <!-- @AfterMethod Teardown -->
  <testcase classname="commonMethods.Testcases" name="@AfterMethod Teardown" time="-1.72421745688E9">
    <skipped/>
  </testcase> <!-- @AfterMethod Teardown -->
  <testcase classname="commonMethods.Testcases" name="@AfterMethod Teardown" time="-1.724217456882E9">
    <skipped/>
  </testcase> <!-- @AfterMethod Teardown -->
  <testcase classname="commonMethods.Testcases" name="@AfterMethod Teardown" time="-1.724217456886E9">
    <skipped/>
  </testcase> <!-- @AfterMethod Teardown -->
  <testcase classname="commonMethods.Testcases" name="@AfterMethod Teardown" time="-1.724217456888E9">
    <skipped/>
  </testcase> <!-- @AfterMethod Teardown -->
  <testcase classname="commonMethods.Testcases" name="@AfterMethod Teardown" time="-1.72421745689E9">
    <skipped/>
  </testcase> <!-- @AfterMethod Teardown -->
  <testcase classname="commonMethods.Testcases" name="@AfterMethod Teardown" time="-1.724217456892E9">
    <skipped/>
  </testcase> <!-- @AfterMethod Teardown -->
  <testcase classname="commonMethods.Testcases" name="@AfterMethod Teardown" time="-1.724217456895E9">
    <skipped/>
  </testcase> <!-- @AfterMethod Teardown -->
  <testcase classname="commonMethods.Testcases" name="@AfterMethod Teardown" time="-1.724217456899E9">
    <skipped/>
  </testcase> <!-- @AfterMethod Teardown -->
  <testcase classname="commonMethods.Testcases" name="@AfterMethod Teardown" time="-1.724217456902E9">
    <skipped/>
  </testcase> <!-- @AfterMethod Teardown -->
  <testcase classname="commonMethods.Testcases" name="@AfterMethod Teardown" time="-1.724217456905E9">
    <skipped/>
  </testcase> <!-- @AfterMethod Teardown -->
  <testcase classname="commonMethods.Testcases" name="@AfterMethod Teardown" time="-1.724217456908E9">
    <skipped/>
  </testcase> <!-- @AfterMethod Teardown -->
  <testcase classname="commonMethods.Testcases" name="@AfterMethod Teardown" time="-1.724217456912E9">
    <skipped/>
  </testcase> <!-- @AfterMethod Teardown -->
  <testcase classname="commonMethods.Testcases" name="@AfterMethod Teardown" time="-1.724217456915E9">
    <skipped/>
  </testcase> <!-- @AfterMethod Teardown -->
  <testcase classname="commonMethods.Testcases" name="@AfterMethod Teardown" time="-1.724217456917E9">
    <skipped/>
  </testcase> <!-- @AfterMethod Teardown -->
  <testcase classname="commonMethods.Testcases" name="@AfterMethod Teardown" time="-1.724217456923E9">
    <skipped/>
  </testcase> <!-- @AfterMethod Teardown -->
  <testcase classname="commonMethods.Testcases" name="@AfterMethod Teardown" time="-1.724217456927E9">
    <skipped/>
  </testcase> <!-- @AfterMethod Teardown -->
  <testcase classname="commonMethods.Testcases" name="@AfterMethod Teardown" time="-1.724217456929E9">
    <skipped/>
  </testcase> <!-- @AfterMethod Teardown -->
  <testcase classname="commonMethods.Testcases" name="@AfterMethod Teardown" time="-1.724217456934E9">
    <skipped/>
  </testcase> <!-- @AfterMethod Teardown -->
  <testcase classname="commonMethods.Testcases" name="@AfterMethod Teardown" time="-1.724217456938E9">
    <skipped/>
  </testcase> <!-- @AfterMethod Teardown -->
  <testcase classname="commonMethods.Testcases" name="@AfterMethod Teardown" time="-1.724217456941E9">
    <skipped/>
  </testcase> <!-- @AfterMethod Teardown -->
  <testcase classname="commonMethods.Testcases" name="@AfterMethod Teardown" time="-1.724217456944E9">
    <skipped/>
  </testcase> <!-- @AfterMethod Teardown -->
  <testcase classname="commonMethods.Testcases" name="@AfterMethod Teardown" time="-1.724217456948E9">
    <skipped/>
  </testcase> <!-- @AfterMethod Teardown -->
  <testcase classname="commonMethods.Testcases" name="@AfterMethod Teardown" time="-1.724217456951E9">
    <skipped/>
  </testcase> <!-- @AfterMethod Teardown -->
  <testcase classname="commonMethods.Testcases" name="@AfterMethod Teardown" time="-1.724217456954E9">
    <skipped/>
  </testcase> <!-- @AfterMethod Teardown -->
  <testcase classname="commonMethods.Testcases" name="@AfterMethod Teardown" time="-1.724217456957E9">
    <skipped/>
  </testcase> <!-- @AfterMethod Teardown -->
  <testcase classname="commonMethods.Testcases" name="@AfterMethod Teardown" time="-1.724217456961E9">
    <skipped/>
  </testcase> <!-- @AfterMethod Teardown -->
  <testcase classname="commonMethods.Testcases" name="@AfterTest aftertest" time="-1.724217456966E9">
    <skipped/>
  </testcase> <!-- @AfterTest aftertest -->
  <testcase classname="commonMethods.Testcases" name="EMS_Contract_Registration_IP" time="0.064">
    <failure type="java.lang.NullPointerException" message="Cannot invoke &amp;quot;String.split(String)&amp;quot; because &amp;quot;input&amp;quot; is null">
      <![CDATA[java.lang.NullPointerException: Cannot invoke "String.split(String)" because "input" is null
at commonMethods.Keywords.splitAndExpand(Keywords.java:318)
at commonMethods.Testcases.EMS_Contract_Registration_IP(Testcases.java:1760)
at java.base/jdk.internal.reflect.NativeMethodAccessorImpl.invoke0(Native Method)
at java.base/jdk.internal.reflect.NativeMethodAccessorImpl.invoke(NativeMethodAccessorImpl.java:77)
at java.base/jdk.internal.reflect.DelegatingMethodAccessorImpl.invoke(DelegatingMethodAccessorImpl.java:43)
at java.base/java.lang.reflect.Method.invoke(Method.java:568)
at org.testng.internal.MethodInvocationHelper.invokeMethod(MethodInvocationHelper.java:133)
at org.testng.internal.TestInvoker.invokeMethod(TestInvoker.java:598)
at org.testng.internal.TestInvoker.invokeTestMethod(TestInvoker.java:173)
at org.testng.internal.MethodRunner.runInSequence(MethodRunner.java:46)
at org.testng.internal.TestInvoker$MethodInvocationAgent.invoke(TestInvoker.java:824)
at org.testng.internal.TestInvoker.invokeTestMethods(TestInvoker.java:146)
at org.testng.internal.TestMethodWorker.invokeTestMethods(TestMethodWorker.java:146)
at org.testng.internal.TestMethodWorker.run(TestMethodWorker.java:128)
at java.base/java.util.ArrayList.forEach(ArrayList.java:1511)
at org.testng.TestRunner.privateRun(TestRunner.java:794)
at org.testng.TestRunner.run(TestRunner.java:596)
at org.testng.SuiteRunner.runTest(SuiteRunner.java:377)
at org.testng.SuiteRunner.runSequentially(SuiteRunner.java:371)
at org.testng.SuiteRunner.privateRun(SuiteRunner.java:332)
at org.testng.SuiteRunner.run(SuiteRunner.java:276)
at org.testng.SuiteRunnerWorker.runSuite(SuiteRunnerWorker.java:53)
at org.testng.SuiteRunnerWorker.run(SuiteRunnerWorker.java:96)
at org.testng.TestNG.runSuitesSequentially(TestNG.java:1212)
at org.testng.TestNG.runSuitesLocally(TestNG.java:1134)
at org.testng.TestNG.runSuites(TestNG.java:1063)
at org.testng.TestNG.run(TestNG.java:1031)
at org.testng.remote.AbstractRemoteTestNG.run(AbstractRemoteTestNG.java:115)
at org.testng.remote.RemoteTestNG.initAndRun(RemoteTestNG.java:293)
at org.testng.remote.RemoteTestNG.main(RemoteTestNG.java:91)
]]>
    </failure>
  </testcase> <!-- EMS_Contract_Registration_IP -->
  <testcase classname="commonMethods.Testcases" name="EMS_Contract_Registration_IP001" time="0.0">
    <skipped/>
  </testcase> <!-- EMS_Contract_Registration_IP001 -->
  <testcase classname="commonMethods.Testcases" name="EMS_Contract_Registration_IP002" time="0.0">
    <skipped/>
  </testcase> <!-- EMS_Contract_Registration_IP002 -->
  <testcase classname="commonMethods.Testcases" name="EMS_Contract_Registration_IP003" time="0.0">
    <skipped/>
  </testcase> <!-- EMS_Contract_Registration_IP003 -->
  <testcase classname="commonMethods.Testcases" name="EMS_Contract_Registration_IP004" time="0.0">
    <skipped/>
  </testcase> <!-- EMS_Contract_Registration_IP004 -->
  <testcase classname="commonMethods.Testcases" name="EMS_Contract_Registration_IP005" time="0.0">
    <skipped/>
  </testcase> <!-- EMS_Contract_Registration_IP005 -->
  <testcase classname="commonMethods.Testcases" name="EMS_Contract_Registration_IP006" time="0.0">
    <skipped/>
  </testcase> <!-- EMS_Contract_Registration_IP006 -->
  <testcase classname="commonMethods.Testcases" name="EMS_Contract_Registration_IP007" time="0.0">
    <skipped/>
  </testcase> <!-- EMS_Contract_Registration_IP007 -->
  <testcase classname="commonMethods.Testcases" name="EMS_Contract_Registration_IP008" time="0.0">
    <skipped/>
  </testcase> <!-- EMS_Contract_Registration_IP008 -->
  <testcase classname="commonMethods.Testcases" name="EMS_Contract_Registration_IP009" time="0.0">
    <skipped/>
  </testcase> <!-- EMS_Contract_Registration_IP009 -->
  <testcase classname="commonMethods.Testcases" name="EMS_Contract_Registration_IP010" time="0.0">
    <skipped/>
  </testcase> <!-- EMS_Contract_Registration_IP010 -->
  <testcase classname="commonMethods.Testcases" name="ScaleIn_ScaleOut_Reference_021_032_IP" time="0.0">
    <skipped/>
  </testcase> <!-- ScaleIn_ScaleOut_Reference_021_032_IP -->
  <testcase classname="commonMethods.Testcases" name="ScaleIn_ScaleOut_Reference_TS006_TS014_C" time="0.0">
    <skipped/>
  </testcase> <!-- ScaleIn_ScaleOut_Reference_TS006_TS014_C -->
  <testcase classname="commonMethods.Testcases" name="TC_EDI_Request_Submission_SC22" time="0.0">
    <skipped/>
  </testcase> <!-- TC_EDI_Request_Submission_SC22 -->
  <testcase classname="commonMethods.Testcases" name="TC_EMS_Contract_Billing_Generation_43" time="0.0">
    <skipped/>
  </testcase> <!-- TC_EMS_Contract_Billing_Generation_43 -->
  <testcase classname="commonMethods.Testcases" name="TC_EMS_Contract_Billing_Generation_44" time="0.0">
    <skipped/>
  </testcase> <!-- TC_EMS_Contract_Billing_Generation_44 -->
  <testcase classname="commonMethods.Testcases" name="TC_EMS_Contract_Billing_Generation_68" time="0.0">
    <skipped/>
  </testcase> <!-- TC_EMS_Contract_Billing_Generation_68 -->
  <testcase classname="commonMethods.Testcases" name="TC_EMS_Contract_Billing_Generation_69" time="0.0">
    <skipped/>
  </testcase> <!-- TC_EMS_Contract_Billing_Generation_69 -->
  <testcase classname="commonMethods.Testcases" name="TC_EMS_Contract_Billing_Generation_70" time="0.0">
    <skipped/>
  </testcase> <!-- TC_EMS_Contract_Billing_Generation_70 -->
  <testcase classname="commonMethods.Testcases" name="TC_EMS_Contract_Billing_Generation_71" time="0.0">
    <skipped/>
  </testcase> <!-- TC_EMS_Contract_Billing_Generation_71 -->
  <testcase classname="commonMethods.Testcases" name="TC_EMS_Contract_Billing_Generation_72" time="0.0">
    <skipped/>
  </testcase> <!-- TC_EMS_Contract_Billing_Generation_72 -->
  <testcase classname="commonMethods.Testcases" name="TC_EMS_Contract_Billing_Generation_73" time="0.0">
    <skipped/>
  </testcase> <!-- TC_EMS_Contract_Billing_Generation_73 -->
  <testcase classname="commonMethods.Testcases" name="TC_EMS_Contract_Billing_Generation_74" time="0.0">
    <skipped/>
  </testcase> <!-- TC_EMS_Contract_Billing_Generation_74 -->
  <testcase classname="commonMethods.Testcases" name="TC_EMS_Contract_Billing_Generation_75" time="0.0">
    <skipped/>
  </testcase> <!-- TC_EMS_Contract_Billing_Generation_75 -->
  <testcase classname="commonMethods.Testcases" name="TC_EMS_Contract_Billing_Generation_76" time="0.0">
    <skipped/>
  </testcase> <!-- TC_EMS_Contract_Billing_Generation_76 -->
  <testcase classname="commonMethods.Testcases" name="TC_EMS_Contract_Billing_Generation_77" time="0.0">
    <skipped/>
  </testcase> <!-- TC_EMS_Contract_Billing_Generation_77 -->
  <testcase classname="commonMethods.Testcases" name="TC_EMS_Contract_Billing_Generation_78" time="0.0">
    <skipped/>
  </testcase> <!-- TC_EMS_Contract_Billing_Generation_78 -->
  <testcase classname="commonMethods.Testcases" name="TC_EMS_Contract_Billing_Generation_79" time="0.0">
    <skipped/>
  </testcase> <!-- TC_EMS_Contract_Billing_Generation_79 -->
  <testcase classname="commonMethods.Testcases" name="TC_EMS_Contract_Billing_Generation_80" time="0.0">
    <skipped/>
  </testcase> <!-- TC_EMS_Contract_Billing_Generation_80 -->
  <testcase classname="commonMethods.Testcases" name="TC_EMS_Contract_Billing_Generation_81" time="0.0">
    <skipped/>
  </testcase> <!-- TC_EMS_Contract_Billing_Generation_81 -->
  <testcase classname="commonMethods.Testcases" name="TC_EMS_Contract_Billing_Generation_82" time="0.0">
    <skipped/>
  </testcase> <!-- TC_EMS_Contract_Billing_Generation_82 -->
  <testcase classname="commonMethods.Testcases" name="TC_EMS_Contract_Billing_Generation_83" time="0.0">
    <skipped/>
  </testcase> <!-- TC_EMS_Contract_Billing_Generation_83 -->
  <testcase classname="commonMethods.Testcases" name="TC_EMS_Contract_Registration_TS001" time="0.0">
    <skipped/>
  </testcase> <!-- TC_EMS_Contract_Registration_TS001 -->
  <testcase classname="commonMethods.Testcases" name="TC_EMS_Contract_Registration_TS001_To_TS005_C" time="0.0">
    <skipped/>
  </testcase> <!-- TC_EMS_Contract_Registration_TS001_To_TS005_C -->
  <testcase classname="commonMethods.Testcases" name="TC_EMS_Contract_Registration_TS002" time="0.0">
    <skipped/>
  </testcase> <!-- TC_EMS_Contract_Registration_TS002 -->
  <testcase classname="commonMethods.Testcases" name="TC_EMS_Contract_Registration_TS003" time="0.0">
    <skipped/>
  </testcase> <!-- TC_EMS_Contract_Registration_TS003 -->
  <testcase classname="commonMethods.Testcases" name="TC_EMS_Contract_Registration_TS004" time="0.0">
    <skipped/>
  </testcase> <!-- TC_EMS_Contract_Registration_TS004 -->
  <testcase classname="commonMethods.Testcases" name="TC_EMS_Gate_SC34" time="0.0">
    <skipped/>
  </testcase> <!-- TC_EMS_Gate_SC34 -->
  <testcase classname="commonMethods.Testcases" name="TC_Enquiry_History_TS023" time="0.0">
    <skipped/>
  </testcase> <!-- TC_Enquiry_History_TS023 -->
  <testcase classname="commonMethods.Testcases" name="TC_Enquiry_History_TS023_TS028_C" time="0.0">
    <skipped/>
  </testcase> <!-- TC_Enquiry_History_TS023_TS028_C -->
  <testcase classname="commonMethods.Testcases" name="TC_Enquiry_History_TS026" time="0.0">
    <skipped/>
  </testcase> <!-- TC_Enquiry_History_TS026 -->
  <testcase classname="commonMethods.Testcases" name="TC_Enquiry_History_TS027" time="0.0">
    <skipped/>
  </testcase> <!-- TC_Enquiry_History_TS027 -->
  <testcase classname="commonMethods.Testcases" name="TC_Enquiry_History_TS028" time="0.0">
    <skipped/>
  </testcase> <!-- TC_Enquiry_History_TS028 -->
  <testcase classname="commonMethods.Testcases" name="TC_EquipmentActivity_SC54" time="0.0">
    <skipped/>
  </testcase> <!-- TC_EquipmentActivity_SC54 -->
  <testcase classname="commonMethods.Testcases" name="TC_EquipmentActivity_SC55" time="0.0">
    <skipped/>
  </testcase> <!-- TC_EquipmentActivity_SC55 -->
  <testcase classname="commonMethods.Testcases" name="TC_EquipmentActivity_SC56" time="0.0">
    <skipped/>
  </testcase> <!-- TC_EquipmentActivity_SC56 -->
  <testcase classname="commonMethods.Testcases" name="TC_EquipmentReportCurrentHistory_SC30" time="0.0">
    <skipped/>
  </testcase> <!-- TC_EquipmentReportCurrentHistory_SC30 -->
  <testcase classname="commonMethods.Testcases" name="TC_EquipmentReportCurrentHistory_SC31" time="0.0">
    <skipped/>
  </testcase> <!-- TC_EquipmentReportCurrentHistory_SC31 -->
  <testcase classname="commonMethods.Testcases" name="TC_EquipmentReportCurrentHistory_SC32" time="0.0">
    <skipped/>
  </testcase> <!-- TC_EquipmentReportCurrentHistory_SC32 -->
  <testcase classname="commonMethods.Testcases" name="TC_EquipmentReport_SC29" time="0.0">
    <skipped/>
  </testcase> <!-- TC_EquipmentReport_SC29 -->
  <testcase classname="commonMethods.Testcases" name="TC_Equipment_Master_TS051" time="0.0">
    <skipped/>
  </testcase> <!-- TC_Equipment_Master_TS051 -->
  <testcase classname="commonMethods.Testcases" name="TC_Equipment_Master_TS051_TS053_C" time="0.0">
    <skipped/>
  </testcase> <!-- TC_Equipment_Master_TS051_TS053_C -->
  <testcase classname="commonMethods.Testcases" name="TC_Equipment_Master_TS052" time="0.0">
    <skipped/>
  </testcase> <!-- TC_Equipment_Master_TS052 -->
  <testcase classname="commonMethods.Testcases" name="TC_Equipment_Master_TS053" time="0.0">
    <skipped/>
  </testcase> <!-- TC_Equipment_Master_TS053 -->
  <testcase classname="commonMethods.Testcases" name="TC_Movement_Entry_IP" time="0.0">
    <skipped/>
  </testcase> <!-- TC_Movement_Entry_IP -->
  <testcase classname="commonMethods.Testcases" name="TC_Movement_Entry_TS_015" time="0.0">
    <skipped/>
  </testcase> <!-- TC_Movement_Entry_TS_015 -->
  <testcase classname="commonMethods.Testcases" name="TC_Movement_Entry_TS_016" time="0.0">
    <skipped/>
  </testcase> <!-- TC_Movement_Entry_TS_016 -->
  <testcase classname="commonMethods.Testcases" name="TC_Movement_Entry_TS_017" time="0.0">
    <skipped/>
  </testcase> <!-- TC_Movement_Entry_TS_017 -->
  <testcase classname="commonMethods.Testcases" name="TC_Movement_Entry_TS_019" time="0.0">
    <skipped/>
  </testcase> <!-- TC_Movement_Entry_TS_019 -->
  <testcase classname="commonMethods.Testcases" name="TC_Movement_Entry_TS_020" time="0.0">
    <skipped/>
  </testcase> <!-- TC_Movement_Entry_TS_020 -->
  <testcase classname="commonMethods.Testcases" name="TC_Movement_Entry_TS_021" time="0.0">
    <skipped/>
  </testcase> <!-- TC_Movement_Entry_TS_021 -->
  <testcase classname="commonMethods.Testcases" name="TC_On_Off_hire_status_TS036" time="0.0">
    <skipped/>
  </testcase> <!-- TC_On_Off_hire_status_TS036 -->
  <testcase classname="commonMethods.Testcases" name="TC_On_Off_hire_status_TS036_to_Stock_Report_by_Size_Type_Detail_Report_TS042_C" time="0.0">
    <skipped/>
  </testcase> <!-- TC_On_Off_hire_status_TS036_to_Stock_Report_by_Size_Type_Detail_Report_TS042_C -->
  <testcase classname="commonMethods.Testcases" name="TC_On_Off_hire_status_TS037" time="0.0">
    <skipped/>
  </testcase> <!-- TC_On_Off_hire_status_TS037 -->
  <testcase classname="commonMethods.Testcases" name="TC_Scale_In_TS_006" time="0.0">
    <skipped/>
  </testcase> <!-- TC_Scale_In_TS_006 -->
  <testcase classname="commonMethods.Testcases" name="TC_Scale_In_TS_007" time="0.0">
    <skipped/>
  </testcase> <!-- TC_Scale_In_TS_007 -->
  <testcase classname="commonMethods.Testcases" name="TC_Scale_In_TS_008" time="0.0">
    <skipped/>
  </testcase> <!-- TC_Scale_In_TS_008 -->
  <testcase classname="commonMethods.Testcases" name="TC_Scale_In_TS_009" time="0.0">
    <skipped/>
  </testcase> <!-- TC_Scale_In_TS_009 -->
  <testcase classname="commonMethods.Testcases" name="TC_Scale_In_TS_010" time="0.0">
    <skipped/>
  </testcase> <!-- TC_Scale_In_TS_010 -->
  <testcase classname="commonMethods.Testcases" name="TC_Scale_In_TS_011" time="0.0">
    <skipped/>
  </testcase> <!-- TC_Scale_In_TS_011 -->
  <testcase classname="commonMethods.Testcases" name="TC_Scale_In_TS_012" time="0.0">
    <skipped/>
  </testcase> <!-- TC_Scale_In_TS_012 -->
  <testcase classname="commonMethods.Testcases" name="TC_Scale_In_TS_013" time="0.0">
    <skipped/>
  </testcase> <!-- TC_Scale_In_TS_013 -->
  <testcase classname="commonMethods.Testcases" name="TC_Scale_In_TS_014" time="0.0">
    <skipped/>
  </testcase> <!-- TC_Scale_In_TS_014 -->
  <testcase classname="commonMethods.Testcases" name="TC_Scale_In_TS_021_IP" time="0.0">
    <skipped/>
  </testcase> <!-- TC_Scale_In_TS_021_IP -->
  <testcase classname="commonMethods.Testcases" name="TC_Scale_In_TS_022_IP" time="0.0">
    <skipped/>
  </testcase> <!-- TC_Scale_In_TS_022_IP -->
  <testcase classname="commonMethods.Testcases" name="TC_Scale_In_TS_023_IP" time="0.0">
    <skipped/>
  </testcase> <!-- TC_Scale_In_TS_023_IP -->
  <testcase classname="commonMethods.Testcases" name="TC_Scale_In_TS_024_IP" time="0.0">
    <skipped/>
  </testcase> <!-- TC_Scale_In_TS_024_IP -->
  <testcase classname="commonMethods.Testcases" name="TC_Scale_In_TS_025_IP" time="0.0">
    <skipped/>
  </testcase> <!-- TC_Scale_In_TS_025_IP -->
  <testcase classname="commonMethods.Testcases" name="TC_Scale_In_TS_026_IP" time="0.0">
    <skipped/>
  </testcase> <!-- TC_Scale_In_TS_026_IP -->
  <testcase classname="commonMethods.Testcases" name="TC_Scale_In_TS_027_IP" time="0.0">
    <skipped/>
  </testcase> <!-- TC_Scale_In_TS_027_IP -->
  <testcase classname="commonMethods.Testcases" name="TC_Scale_In_TS_028_IP" time="0.0">
    <skipped/>
  </testcase> <!-- TC_Scale_In_TS_028_IP -->
  <testcase classname="commonMethods.Testcases" name="TC_Scale_In_TS_029_IP" time="0.0">
    <skipped/>
  </testcase> <!-- TC_Scale_In_TS_029_IP -->
  <testcase classname="commonMethods.Testcases" name="TC_Scale_In_TS_030_IP" time="0.0">
    <skipped/>
  </testcase> <!-- TC_Scale_In_TS_030_IP -->
  <testcase classname="commonMethods.Testcases" name="TC_Scale_In_TS_031_IP" time="0.0">
    <skipped/>
  </testcase> <!-- TC_Scale_In_TS_031_IP -->
  <testcase classname="commonMethods.Testcases" name="TC_Scale_In_TS_032_IP" time="0.0">
    <skipped/>
  </testcase> <!-- TC_Scale_In_TS_032_IP -->
  <testcase classname="commonMethods.Testcases" name="TC_Stock_Report_by_Size_Type_Detail_Report_TS_040" time="0.0">
    <skipped/>
  </testcase> <!-- TC_Stock_Report_by_Size_Type_Detail_Report_TS_040 -->
  <testcase classname="commonMethods.Testcases" name="TC_Stock_Report_by_Size_Type_Detail_Report_TS_041" time="0.0">
    <skipped/>
  </testcase> <!-- TC_Stock_Report_by_Size_Type_Detail_Report_TS_041 -->
  <testcase classname="commonMethods.Testcases" name="TC_Stock_Report_by_Size_Type_TS039" time="0.0">
    <skipped/>
  </testcase> <!-- TC_Stock_Report_by_Size_Type_TS039 -->
  <testcase classname="commonMethods.Testcases" name="TC_Stock_Report_by_Stock_Status_TS042" time="0.0">
    <skipped/>
  </testcase> <!-- TC_Stock_Report_by_Stock_Status_TS042 -->
  <testcase classname="commonMethods.Testcases" name="TC_Stock_Report_by_service_TS038" time="0.0">
    <skipped/>
  </testcase> <!-- TC_Stock_Report_by_service_TS038 -->
  <testcase classname="commonMethods.Testcases" name="TS_EMS_Contract_Registration_12" time="0.0">
    <skipped/>
  </testcase> <!-- TS_EMS_Contract_Registration_12 -->
  <testcase classname="commonMethods.Testcases" name="TS_EMS_Contract_Registration_13" time="0.0">
    <skipped/>
  </testcase> <!-- TS_EMS_Contract_Registration_13 -->
  <testcase classname="commonMethods.Testcases" name="TS_EMS_Contract_Registration_14" time="0.0">
    <skipped/>
  </testcase> <!-- TS_EMS_Contract_Registration_14 -->
  <testcase classname="commonMethods.Testcases" name="TS_EMS_Contract_Registration_15" time="0.0">
    <skipped/>
  </testcase> <!-- TS_EMS_Contract_Registration_15 -->
</testsuite> <!-- Default test -->
