<?xml version="1.0" encoding="UTF-8"?>
<!-- Generated by org.testng.reporters.JUnitXMLReporter -->
<testsuite ignored="2117" hostname="DESKTOP-GTAMFC4" failures="0" tests="1" name="Test" time="235.114" errors="0" timestamp="2025-07-13T02:26:42 IST">
  <testcase classname="commonMethods.Testcases" name="TC_Charge_Detail_Report_SC041C" time="234.959"/>
  <testcase classname="commonMethods.Testcases" name="TC_PartBL_TC014" time="0.0">
    <ignored/>
  </testcase> <!-- TC_PartBL_TC014 -->
  <testcase classname="commonMethods.Testcases" name="TC_Un_Invoiced_BL_Report_SC039E" time="0.0">
    <ignored/>
  </testcase> <!-- TC_Un_Invoiced_BL_Report_SC039E -->
  <testcase classname="commonMethods.Testcases" name="TC_DG_Creation_SC_003" time="0.0">
    <ignored/>
  </testcase> <!-- TC_DG_Creation_SC_003 -->
  <testcase classname="commonMethods.Testcases" name="TC_Rate_Request_SC090" time="0.0">
    <ignored/>
  </testcase> <!-- TC_Rate_Request_SC090 -->
  <testcase classname="commonMethods.Testcases" name="TC_Import_Documentation_SC085" time="0.0">
    <ignored/>
  </testcase> <!-- TC_Import_Documentation_SC085 -->
  <testcase classname="commonMethods.Testcases" name="TC_EMS_EDI_Configuration_TS_008" time="0.0">
    <ignored/>
  </testcase> <!-- TC_EMS_EDI_Configuration_TS_008 -->
  <testcase classname="commonMethods.Testcases" name="TC_Ecommerce_Notification_SC002" time="0.0">
    <ignored/>
  </testcase> <!-- TC_Ecommerce_Notification_SC002 -->
  <testcase classname="commonMethods.Testcases" name="TC_Feeder_Contract_SC51" time="0.0">
    <ignored/>
  </testcase> <!-- TC_Feeder_Contract_SC51 -->
  <testcase classname="commonMethods.Testcases" name="TC_Discharge_Reconciliation_MD16" time="0.0">
    <ignored/>
  </testcase> <!-- TC_Discharge_Reconciliation_MD16 -->
  <testcase classname="commonMethods.Testcases" name="TC_Rate_Request_SC42" time="0.0">
    <ignored/>
  </testcase> <!-- TC_Rate_Request_SC42 -->
  <testcase classname="commonMethods.Testcases" name="TC_Contract_Management_System_SC075" time="0.0">
    <ignored/>
  </testcase> <!-- TC_Contract_Management_System_SC075 -->
  <testcase classname="commonMethods.Testcases" name="TC_Journal_Upload_JU04" time="0.0">
    <ignored/>
  </testcase> <!-- TC_Journal_Upload_JU04 -->
  <testcase classname="commonMethods.Testcases" name="TC_Payable_Payment_PP19" time="0.0">
    <ignored/>
  </testcase> <!-- TC_Payable_Payment_PP19 -->
  <testcase classname="commonMethods.Testcases" name="TC_ScaleIn_ScaleOut_Reference_TS21_to_TS32_I" time="0.0">
    <ignored/>
  </testcase> <!-- TC_ScaleIn_ScaleOut_Reference_TS21_to_TS32_I -->
  <testcase classname="commonMethods.Testcases" name="TC_PartBL_TC015" time="0.0">
    <ignored/>
  </testcase> <!-- TC_PartBL_TC015 -->
  <testcase classname="commonMethods.Testcases" name="TC_Un_Invoiced_BL_Report_SC039D" time="0.0">
    <ignored/>
  </testcase> <!-- TC_Un_Invoiced_BL_Report_SC039D -->
  <testcase classname="commonMethods.Testcases" name="TC_Rate_Request_SC091" time="0.0">
    <ignored/>
  </testcase> <!-- TC_Rate_Request_SC091 -->
  <testcase classname="commonMethods.Testcases" name="TC_Global_Configuration_SC027" time="0.0">
    <ignored/>
  </testcase> <!-- TC_Global_Configuration_SC027 -->
  <testcase classname="commonMethods.Testcases" name="TC_DG_Creation_SC_006" time="0.0">
    <ignored/>
  </testcase> <!-- TC_DG_Creation_SC_006 -->
  <testcase classname="commonMethods.Testcases" name="TC_EMS_EDI_Configuration_TS_009" time="0.0">
    <ignored/>
  </testcase> <!-- TC_EMS_EDI_Configuration_TS_009 -->
  <testcase classname="commonMethods.Testcases" name="TC_Ecommerce_Notification_SC001" time="0.0">
    <ignored/>
  </testcase> <!-- TC_Ecommerce_Notification_SC001 -->
  <testcase classname="commonMethods.Testcases" name="TC_Import_Documentation_SC040" time="0.0">
    <ignored/>
  </testcase> <!-- TC_Import_Documentation_SC040 -->
  <testcase classname="commonMethods.Testcases" name="TC_Import_Documentation_SC080" time="0.0">
    <ignored/>
  </testcase> <!-- TC_Import_Documentation_SC080 -->
  <testcase classname="commonMethods.Testcases" name="TC_Discharge_Reconciliation_MD13" time="0.0">
    <ignored/>
  </testcase> <!-- TC_Discharge_Reconciliation_MD13 -->
  <testcase classname="commonMethods.Testcases" name="TC_Rate_Request_SC41" time="0.0">
    <ignored/>
  </testcase> <!-- TC_Rate_Request_SC41 -->
  <testcase classname="commonMethods.Testcases" name="TC_Discharge_Reconciliation_MD09C" time="0.0">
    <ignored/>
  </testcase> <!-- TC_Discharge_Reconciliation_MD09C -->
  <testcase classname="commonMethods.Testcases" name="TC_Contract_Management_System_SC185" time="0.0">
    <ignored/>
  </testcase> <!-- TC_Contract_Management_System_SC185 -->
  <testcase classname="commonMethods.Testcases" name="TC_Contract_Management_System_SC074" time="0.0">
    <ignored/>
  </testcase> <!-- TC_Contract_Management_System_SC074 -->
  <testcase classname="commonMethods.Testcases" name="TC_Import_Invoice_SC015" time="0.0">
    <ignored/>
  </testcase> <!-- TC_Import_Invoice_SC015 -->
  <testcase classname="commonMethods.Testcases" name="TC_Scale_In_TS_023_IP" time="0.0">
    <ignored/>
  </testcase> <!-- TC_Scale_In_TS_023_IP -->
  <testcase classname="commonMethods.Testcases" name="TC_Journal_Upload_JU03" time="0.0">
    <ignored/>
  </testcase> <!-- TC_Journal_Upload_JU03 -->
  <testcase classname="commonMethods.Testcases" name="TC_Un_Invoiced_BL_Report_SC039C" time="0.0">
    <ignored/>
  </testcase> <!-- TC_Un_Invoiced_BL_Report_SC039C -->
  <testcase classname="commonMethods.Testcases" name="TC_Discharge_Reconciliation_MD30D" time="0.0">
    <ignored/>
  </testcase> <!-- TC_Discharge_Reconciliation_MD30D -->
  <testcase classname="commonMethods.Testcases" name="TC_Vendor_Invoice_Registration_SC61" time="0.0">
    <ignored/>
  </testcase> <!-- TC_Vendor_Invoice_Registration_SC61 -->
  <testcase classname="commonMethods.Testcases" name="TC_Payable_Payment_PP18" time="0.0">
    <ignored/>
  </testcase> <!-- TC_Payable_Payment_PP18 -->
  <testcase classname="commonMethods.Testcases" name="TC_Vendor_Invoice_Registration_SC21" time="0.0">
    <ignored/>
  </testcase> <!-- TC_Vendor_Invoice_Registration_SC21 -->
  <testcase classname="commonMethods.Testcases" name="TC_DG_Creation_SC_005" time="0.0">
    <ignored/>
  </testcase> <!-- TC_DG_Creation_SC_005 -->
  <testcase classname="commonMethods.Testcases" name="TC_Rate_Request_SC092" time="0.0">
    <ignored/>
  </testcase> <!-- TC_Rate_Request_SC092 -->
  <testcase classname="commonMethods.Testcases" name="TC_EMS_Contract_Billing_Generation_44" time="0.0">
    <ignored/>
  </testcase> <!-- TC_EMS_Contract_Billing_Generation_44 -->
  <testcase classname="commonMethods.Testcases" name="TC_EMS_EDI_Configuration_TS_006" time="0.0">
    <ignored/>
  </testcase> <!-- TC_EMS_EDI_Configuration_TS_006 -->
  <testcase classname="commonMethods.Testcases" name="TC_Ecommerce_Notification_SC004" time="0.0">
    <ignored/>
  </testcase> <!-- TC_Ecommerce_Notification_SC004 -->
  <testcase classname="commonMethods.Testcases" name="TC_Feeder_Contract_SC53" time="0.0">
    <ignored/>
  </testcase> <!-- TC_Feeder_Contract_SC53 -->
  <testcase classname="commonMethods.Testcases" name="TC_Movement_Entry_TS_016" time="0.0">
    <ignored/>
  </testcase> <!-- TC_Movement_Entry_TS_016 -->
  <testcase classname="commonMethods.Testcases" name="TC_Booking_SC022" time="0.0">
    <ignored/>
  </testcase> <!-- TC_Booking_SC022 -->
  <testcase classname="commonMethods.Testcases" name="TC_Booking_SC133" time="0.0">
    <ignored/>
  </testcase> <!-- TC_Booking_SC133 -->
  <testcase classname="commonMethods.Testcases" name="TC_Discharge_Reconciliation_MD14" time="0.0">
    <ignored/>
  </testcase> <!-- TC_Discharge_Reconciliation_MD14 -->
  <testcase classname="commonMethods.Testcases" name="TC_Contract_Management_System_SC077" time="0.0">
    <ignored/>
  </testcase> <!-- TC_Contract_Management_System_SC077 -->
  <testcase classname="commonMethods.Testcases" name="TC_Delivery_Order_TS_004" time="0.0">
    <ignored/>
  </testcase> <!-- TC_Delivery_Order_TS_004 -->
  <testcase classname="commonMethods.Testcases" name="TC_Contract_Management_System_SC184" time="0.0">
    <ignored/>
  </testcase> <!-- TC_Contract_Management_System_SC184 -->
  <testcase classname="commonMethods.Testcases" name="TC_Movement_Entry_Integration_TS048" time="0.0">
    <ignored/>
  </testcase> <!-- TC_Movement_Entry_Integration_TS048 -->
  <testcase classname="commonMethods.Testcases" name="TC_Journal_Upload_JU06" time="0.0">
    <ignored/>
  </testcase> <!-- TC_Journal_Upload_JU06 -->
  <testcase classname="commonMethods.Testcases" name="TC_Un_Invoiced_BL_Report_SC039B" time="0.0">
    <ignored/>
  </testcase> <!-- TC_Un_Invoiced_BL_Report_SC039B -->
  <testcase classname="commonMethods.Testcases" name="TC_Discharge_Reconciliation_MD30C" time="0.0">
    <ignored/>
  </testcase> <!-- TC_Discharge_Reconciliation_MD30C -->
  <testcase classname="commonMethods.Testcases" name="TC_Payable_Payment_PP17" time="0.0">
    <ignored/>
  </testcase> <!-- TC_Payable_Payment_PP17 -->
  <testcase classname="commonMethods.Testcases" name="TC_Vendor_Invoice_Registration_SC62" time="0.0">
    <ignored/>
  </testcase> <!-- TC_Vendor_Invoice_Registration_SC62 -->
  <testcase classname="commonMethods.Testcases" name="TC_Coastal_CS03_Long_Term_LT12_IP" time="0.0">
    <ignored/>
  </testcase> <!-- TC_Coastal_CS03_Long_Term_LT12_IP -->
  <testcase classname="commonMethods.Testcases" name="TC_Rate_Request_SC093" time="0.0">
    <ignored/>
  </testcase> <!-- TC_Rate_Request_SC093 -->
  <testcase classname="commonMethods.Testcases" name="TC_Vendor_Invoice_Registration_SC22" time="0.0">
    <ignored/>
  </testcase> <!-- TC_Vendor_Invoice_Registration_SC22 -->
  <testcase classname="commonMethods.Testcases" name="TC_EMS_EDI_Configuration_TS_007" time="0.0">
    <ignored/>
  </testcase> <!-- TC_EMS_EDI_Configuration_TS_007 -->
  <testcase classname="commonMethods.Testcases" name="TC_Ecommerce_Notification_SC003" time="0.0">
    <ignored/>
  </testcase> <!-- TC_Ecommerce_Notification_SC003 -->
  <testcase classname="commonMethods.Testcases" name="TC_Import_Documentation_SC042" time="0.0">
    <ignored/>
  </testcase> <!-- TC_Import_Documentation_SC042 -->
  <testcase classname="commonMethods.Testcases" name="TC_Import_Documentation_SC082" time="0.0">
    <ignored/>
  </testcase> <!-- TC_Import_Documentation_SC082 -->
  <testcase classname="commonMethods.Testcases" name="TC_Feeder_Contract_SC50" time="0.0">
    <ignored/>
  </testcase> <!-- TC_Feeder_Contract_SC50 -->
  <testcase classname="commonMethods.Testcases" name="TC_Booking_SC132" time="0.0">
    <ignored/>
  </testcase> <!-- TC_Booking_SC132 -->
  <testcase classname="commonMethods.Testcases" name="TC_Discharge_Reconciliation_MD59" time="0.0">
    <ignored/>
  </testcase> <!-- TC_Discharge_Reconciliation_MD59 -->
  <testcase classname="commonMethods.Testcases" name="TC_DG_Creation_SC_080" time="0.0">
    <ignored/>
  </testcase> <!-- TC_DG_Creation_SC_080 -->
  <testcase classname="commonMethods.Testcases" name="TC_Delivery_Order_TS_005" time="0.0">
    <ignored/>
  </testcase> <!-- TC_Delivery_Order_TS_005 -->
  <testcase classname="commonMethods.Testcases" name="TC_Discharge_Reconciliation_MD19" time="0.0">
    <ignored/>
  </testcase> <!-- TC_Discharge_Reconciliation_MD19 -->
  <testcase classname="commonMethods.Testcases" name="TC_Contract_Management_System_SC187" time="0.0">
    <ignored/>
  </testcase> <!-- TC_Contract_Management_System_SC187 -->
  <testcase classname="commonMethods.Testcases" name="TC_Contract_Management_System_SC076" time="0.0">
    <ignored/>
  </testcase> <!-- TC_Contract_Management_System_SC076 -->
  <testcase classname="commonMethods.Testcases" name="TC_Scale_In_TS_008" time="0.0">
    <ignored/>
  </testcase> <!-- TC_Scale_In_TS_008 -->
  <testcase classname="commonMethods.Testcases" name="TC_Movement_Entry_Integration_TS047" time="0.0">
    <ignored/>
  </testcase> <!-- TC_Movement_Entry_Integration_TS047 -->
  <testcase classname="commonMethods.Testcases" name="TC_Journal_Upload_JU05" time="0.0">
    <ignored/>
  </testcase> <!-- TC_Journal_Upload_JU05 -->
  <testcase classname="commonMethods.Testcases" name="TC_Vendor_Invoice_Registration_SC63" time="0.0">
    <ignored/>
  </testcase> <!-- TC_Vendor_Invoice_Registration_SC63 -->
  <testcase classname="commonMethods.Testcases" name="TC_Vendor_Invoice_Registration_SC23" time="0.0">
    <ignored/>
  </testcase> <!-- TC_Vendor_Invoice_Registration_SC23 -->
  <testcase classname="commonMethods.Testcases" name="TC_ECOM_KYC_Details_SC001" time="0.0">
    <ignored/>
  </testcase> <!-- TC_ECOM_KYC_Details_SC001 -->
  <testcase classname="commonMethods.Testcases" name="TC_EMS_Contract_Billing_Generation_86" time="0.0">
    <ignored/>
  </testcase> <!-- TC_EMS_Contract_Billing_Generation_86 -->
  <testcase classname="commonMethods.Testcases" name="TC_Detention_Waiver_TS_026" time="0.0">
    <ignored/>
  </testcase> <!-- TC_Detention_Waiver_TS_026 -->
  <testcase classname="commonMethods.Testcases" name="TC_Booking_SC020" time="0.0">
    <ignored/>
  </testcase> <!-- TC_Booking_SC020 -->
  <testcase classname="commonMethods.Testcases" name="TC_Booking_SC131" time="0.0">
    <ignored/>
  </testcase> <!-- TC_Booking_SC131 -->
  <testcase classname="commonMethods.Testcases" name="TC_Scale_In_TS_007" time="0.0">
    <ignored/>
  </testcase> <!-- TC_Scale_In_TS_007 -->
  <testcase classname="commonMethods.Testcases" name="TC_Ports_SC010" time="0.0">
    <ignored/>
  </testcase> <!-- TC_Ports_SC010 -->
  <testcase classname="commonMethods.Testcases" name="TC_Import_Documentation_SC009" time="0.0">
    <ignored/>
  </testcase> <!-- TC_Import_Documentation_SC009 -->
  <testcase classname="commonMethods.Testcases" name="TC_EDI_Creation_TS_022" time="0.0">
    <ignored/>
  </testcase> <!-- TC_EDI_Creation_TS_022 -->
  <testcase classname="commonMethods.Testcases" name="TC_Arrival_Notice_TS_053" time="0.0">
    <ignored/>
  </testcase> <!-- TC_Arrival_Notice_TS_053 -->
  <testcase classname="commonMethods.Testcases" name="TC_Vendor_Invoice_Registration_SC64" time="0.0">
    <ignored/>
  </testcase> <!-- TC_Vendor_Invoice_Registration_SC64 -->
  <testcase classname="commonMethods.Testcases" name="TC_Contract_Management_System_SC109" time="0.0">
    <ignored/>
  </testcase> <!-- TC_Contract_Management_System_SC109 -->
  <testcase classname="commonMethods.Testcases" name="TC_Discharge_Reconciliation_MD30E" time="0.0">
    <ignored/>
  </testcase> <!-- TC_Discharge_Reconciliation_MD30E -->
  <testcase classname="commonMethods.Testcases" name="TC_Proforma_Service_Creation_Consolidation" time="0.0">
    <ignored/>
  </testcase> <!-- TC_Proforma_Service_Creation_Consolidation -->
  <testcase classname="commonMethods.Testcases" name="TC_Vendor_Invoice_Registration_SC24" time="0.0">
    <ignored/>
  </testcase> <!-- TC_Vendor_Invoice_Registration_SC24 -->
  <testcase classname="commonMethods.Testcases" name="TC_Import_Invoice_SC011C" time="0.0">
    <ignored/>
  </testcase> <!-- TC_Import_Invoice_SC011C -->
  <testcase classname="commonMethods.Testcases" name="TC_Import_Documentation_SC084" time="0.0">
    <ignored/>
  </testcase> <!-- TC_Import_Documentation_SC084 -->
  <testcase classname="commonMethods.Testcases" name="TC_Haulage_Contract_SC32" time="0.0">
    <ignored/>
  </testcase> <!-- TC_Haulage_Contract_SC32 -->
  <testcase classname="commonMethods.Testcases" name="TC_Merge_Booking_SC15" time="0.0">
    <ignored/>
  </testcase> <!-- TC_Merge_Booking_SC15 -->
  <testcase classname="commonMethods.Testcases" name="TC_Feeder_Contract_SC52" time="0.0">
    <ignored/>
  </testcase> <!-- TC_Feeder_Contract_SC52 -->
  <testcase classname="commonMethods.Testcases" name="TC_Delivery_Order_TS_010" time="0.0">
    <ignored/>
  </testcase> <!-- TC_Delivery_Order_TS_010 -->
  <testcase classname="commonMethods.Testcases" name="TC_Movement_Entry_TS_017" time="0.0">
    <ignored/>
  </testcase> <!-- TC_Movement_Entry_TS_017 -->
  <testcase classname="commonMethods.Testcases" name="TC_Booking_SC023" time="0.0">
    <ignored/>
  </testcase> <!-- TC_Booking_SC023 -->
  <testcase classname="commonMethods.Testcases" name="TC_Booking_SC130" time="0.0">
    <ignored/>
  </testcase> <!-- TC_Booking_SC130 -->
  <testcase classname="commonMethods.Testcases" name="TC_DG_Creation_SC_082" time="0.0">
    <ignored/>
  </testcase> <!-- TC_DG_Creation_SC_082 -->
  <testcase classname="commonMethods.Testcases" name="TC_Detention_Waiver_TS_027" time="0.0">
    <ignored/>
  </testcase> <!-- TC_Detention_Waiver_TS_027 -->
  <testcase classname="commonMethods.Testcases" name="TC_Ports_SC011" time="0.0">
    <ignored/>
  </testcase> <!-- TC_Ports_SC011 -->
  <testcase classname="commonMethods.Testcases" name="TC_Movement_Entry_Integration_TS049" time="0.0">
    <ignored/>
  </testcase> <!-- TC_Movement_Entry_Integration_TS049 -->
  <testcase classname="commonMethods.Testcases" name="TC_EDI_Creation_TS_021" time="0.0">
    <ignored/>
  </testcase> <!-- TC_EDI_Creation_TS_021 -->
  <testcase classname="commonMethods.Testcases" name="TC_Arrival_Notice_TS_052" time="0.0">
    <ignored/>
  </testcase> <!-- TC_Arrival_Notice_TS_052 -->
  <testcase classname="commonMethods.Testcases" name="TC_Contract_Management_System_SC108" time="0.0">
    <ignored/>
  </testcase> <!-- TC_Contract_Management_System_SC108 -->
  <testcase classname="commonMethods.Testcases" name="TC_CRO_SC018" time="0.0">
    <ignored/>
  </testcase> <!-- TC_CRO_SC018 -->
  <testcase classname="commonMethods.Testcases" name="TC_Vendor_Contracts_SC013" time="0.0">
    <ignored/>
  </testcase> <!-- TC_Vendor_Contracts_SC013 -->
  <testcase classname="commonMethods.Testcases" name="TC_Email_To_Customers_002" time="0.0">
    <ignored/>
  </testcase> <!-- TC_Email_To_Customers_002 -->
  <testcase classname="commonMethods.Testcases" name="TC_Import_Invoice_SC011B" time="0.0">
    <ignored/>
  </testcase> <!-- TC_Import_Invoice_SC011B -->
  <testcase classname="commonMethods.Testcases" name="TC_Merge_Booking_SC14" time="0.0">
    <ignored/>
  </testcase> <!-- TC_Merge_Booking_SC14 -->
  <testcase classname="commonMethods.Testcases" name="TC_Detention_Waiver_TS_028" time="0.0">
    <ignored/>
  </testcase> <!-- TC_Detention_Waiver_TS_028 -->
  <testcase classname="commonMethods.Testcases" name="TC_Delivery_Order_TS_008" time="0.0">
    <ignored/>
  </testcase> <!-- TC_Delivery_Order_TS_008 -->
  <testcase classname="commonMethods.Testcases" name="TC_Booking_SC066" time="0.0">
    <ignored/>
  </testcase> <!-- TC_Booking_SC066 -->
  <testcase classname="commonMethods.Testcases" name="TC_DG_Creation_SC_081" time="0.0">
    <ignored/>
  </testcase> <!-- TC_DG_Creation_SC_081 -->
  <testcase classname="commonMethods.Testcases" name="TC_Discharge_Reconciliation_MD09B" time="0.0">
    <ignored/>
  </testcase> <!-- TC_Discharge_Reconciliation_MD09B -->
  <testcase classname="commonMethods.Testcases" name="TC_Delivery_Order_TS_048" time="0.0">
    <ignored/>
  </testcase> <!-- TC_Delivery_Order_TS_048 -->
  <testcase classname="commonMethods.Testcases" name="TC_Booking_SC026" time="0.0">
    <ignored/>
  </testcase> <!-- TC_Booking_SC026 -->
  <testcase classname="commonMethods.Testcases" name="TC_Booking_SC137" time="0.0">
    <ignored/>
  </testcase> <!-- TC_Booking_SC137 -->
  <testcase classname="commonMethods.Testcases" name="TC_Scale_In_TS_009" time="0.0">
    <ignored/>
  </testcase> <!-- TC_Scale_In_TS_009 -->
  <testcase classname="commonMethods.Testcases" name="TC_Contract_Management_System_SC219" time="0.0">
    <ignored/>
  </testcase> <!-- TC_Contract_Management_System_SC219 -->
  <testcase classname="commonMethods.Testcases" name="TC_Arrival_Notice_TS_051" time="0.0">
    <ignored/>
  </testcase> <!-- TC_Arrival_Notice_TS_051 -->
  <testcase classname="commonMethods.Testcases" name="TC_Movement_Entry_Integration_TS044" time="0.0">
    <ignored/>
  </testcase> <!-- TC_Movement_Entry_Integration_TS044 -->
  <testcase classname="commonMethods.Testcases" name="TC_EDI_Creation_TS_020" time="0.0">
    <ignored/>
  </testcase> <!-- TC_EDI_Creation_TS_020 -->
  <testcase classname="commonMethods.Testcases" name="TC_Reversal_R01" time="0.0">
    <ignored/>
  </testcase> <!-- TC_Reversal_R01 -->
  <testcase classname="commonMethods.Testcases" name="TC_Vendor_Contracts_SC012" time="0.0">
    <ignored/>
  </testcase> <!-- TC_Vendor_Contracts_SC012 -->
  <testcase classname="commonMethods.Testcases" name="TC_Scale_In_TS_022_IP" time="0.0">
    <ignored/>
  </testcase> <!-- TC_Scale_In_TS_022_IP -->
  <testcase classname="commonMethods.Testcases" name="TC_Email_To_Customers_001" time="0.0">
    <ignored/>
  </testcase> <!-- TC_Email_To_Customers_001 -->
  <testcase classname="commonMethods.Testcases" name="TC_Import_Documentation_SC086" time="0.0">
    <ignored/>
  </testcase> <!-- TC_Import_Documentation_SC086 -->
  <testcase classname="commonMethods.Testcases" name="TC_Haulage_Contract_SC34" time="0.0">
    <ignored/>
  </testcase> <!-- TC_Haulage_Contract_SC34 -->
  <testcase classname="commonMethods.Testcases" name="TC_CRO_SC019" time="0.0">
    <ignored/>
  </testcase> <!-- TC_CRO_SC019 -->
  <testcase classname="commonMethods.Testcases" name="TC_Cost_Activity_Report_TS050" time="0.0">
    <ignored/>
  </testcase> <!-- TC_Cost_Activity_Report_TS050 -->
  <testcase classname="commonMethods.Testcases" name="TC_EMS_Contract_Billing_Generation_43" time="0.0">
    <ignored/>
  </testcase> <!-- TC_EMS_Contract_Billing_Generation_43 -->
  <testcase classname="commonMethods.Testcases" name="TC_Delivery_Order_TS_009" time="0.0">
    <ignored/>
  </testcase> <!-- TC_Delivery_Order_TS_009 -->
  <testcase classname="commonMethods.Testcases" name="TC_Discharge_Reconciliation_MD15" time="0.0">
    <ignored/>
  </testcase> <!-- TC_Discharge_Reconciliation_MD15 -->
  <testcase classname="commonMethods.Testcases" name="TC_Detention_Waiver_TS_029" time="0.0">
    <ignored/>
  </testcase> <!-- TC_Detention_Waiver_TS_029 -->
  <testcase classname="commonMethods.Testcases" name="TC_Movement_Entry_TS_015" time="0.0">
    <ignored/>
  </testcase> <!-- TC_Movement_Entry_TS_015 -->
  <testcase classname="commonMethods.Testcases" name="TC_Booking_SC021" time="0.0">
    <ignored/>
  </testcase> <!-- TC_Booking_SC021 -->
  <testcase classname="commonMethods.Testcases" name="TC_Discharge_Reconciliation_MD09A" time="0.0">
    <ignored/>
  </testcase> <!-- TC_Discharge_Reconciliation_MD09A -->
  <testcase classname="commonMethods.Testcases" name="TC_Delivery_Order_TS_049" time="0.0">
    <ignored/>
  </testcase> <!-- TC_Delivery_Order_TS_049 -->
  <testcase classname="commonMethods.Testcases" name="TC_Booking_SC136" time="0.0">
    <ignored/>
  </testcase> <!-- TC_Booking_SC136 -->
  <testcase classname="commonMethods.Testcases" name="TC_Arrival_Notice_TS_050" time="0.0">
    <ignored/>
  </testcase> <!-- TC_Arrival_Notice_TS_050 -->
  <testcase classname="commonMethods.Testcases" name="TC_Movement_Entry_Integration_TS043" time="0.0">
    <ignored/>
  </testcase> <!-- TC_Movement_Entry_Integration_TS043 -->
  <testcase classname="commonMethods.Testcases" name="TC_Contract_Management_System_SC218" time="0.0">
    <ignored/>
  </testcase> <!-- TC_Contract_Management_System_SC218 -->
  <testcase classname="commonMethods.Testcases" name="TC_Detention_Waiver_TS_038A" time="0.0">
    <ignored/>
  </testcase> <!-- TC_Detention_Waiver_TS_038A -->
  <testcase classname="commonMethods.Testcases" name="TC_Arrival_Notice_TS_046" time="0.0">
    <ignored/>
  </testcase> <!-- TC_Arrival_Notice_TS_046 -->
  <testcase classname="commonMethods.Testcases" name="TC_Reversal_R02" time="0.0">
    <ignored/>
  </testcase> <!-- TC_Reversal_R02 -->
  <testcase classname="commonMethods.Testcases" name="TC_Feeder_Contract_SC59" time="0.0">
    <ignored/>
  </testcase> <!-- TC_Feeder_Contract_SC59 -->
  <testcase classname="commonMethods.Testcases" name="TC_Receivable_Receipt_RR15" time="0.0">
    <ignored/>
  </testcase> <!-- TC_Receivable_Receipt_RR15 -->
  <testcase classname="commonMethods.Testcases" name="TC_Contract_Management_System_SC102" time="0.0">
    <ignored/>
  </testcase> <!-- TC_Contract_Management_System_SC102 -->
  <testcase classname="commonMethods.Testcases" name="TC_Booking_SC105" time="0.0">
    <ignored/>
  </testcase> <!-- TC_Booking_SC105 -->
  <testcase classname="commonMethods.Testcases" name="TC_Outstanding_Freight_Report_SC046A" time="0.0">
    <ignored/>
  </testcase> <!-- TC_Outstanding_Freight_Report_SC046A -->
  <testcase classname="commonMethods.Testcases" name="TC_Contract_Management_System_SC213" time="0.0">
    <ignored/>
  </testcase> <!-- TC_Contract_Management_System_SC213 -->
  <testcase classname="commonMethods.Testcases" name="TC_Movement_Entry_TS_018" time="0.0">
    <ignored/>
  </testcase> <!-- TC_Movement_Entry_TS_018 -->
  <testcase classname="commonMethods.Testcases" name="TC_Cost_Activity_Report_TS017" time="0.0">
    <ignored/>
  </testcase> <!-- TC_Cost_Activity_Report_TS017 -->
  <testcase classname="commonMethods.Testcases" name="TC_Detention_Waiver_TS_038D" time="0.0">
    <ignored/>
  </testcase> <!-- TC_Detention_Waiver_TS_038D -->
  <testcase classname="commonMethods.Testcases" name="TC_Arrival_Notice_TS_045" time="0.0">
    <ignored/>
  </testcase> <!-- TC_Arrival_Notice_TS_045 -->
  <testcase classname="commonMethods.Testcases" name="TC_Discharge_Reconciliation_MD70" time="0.0">
    <ignored/>
  </testcase> <!-- TC_Discharge_Reconciliation_MD70 -->
  <testcase classname="commonMethods.Testcases" name="TC_Receivable_Receipt_RR16" time="0.0">
    <ignored/>
  </testcase> <!-- TC_Receivable_Receipt_RR16 -->
  <testcase classname="commonMethods.Testcases" name="TC_Rate_Request_SC79" time="0.0">
    <ignored/>
  </testcase> <!-- TC_Rate_Request_SC79 -->
  <testcase classname="commonMethods.Testcases" name="TC_Booking_SC108" time="0.0">
    <ignored/>
  </testcase> <!-- TC_Booking_SC108 -->
  <testcase classname="commonMethods.Testcases" name="TC_Agency_Master_SC010" time="0.0">
    <ignored/>
  </testcase> <!-- TC_Agency_Master_SC010 -->
  <testcase classname="commonMethods.Testcases" name="TC_Vendor_Invoice_Registration_SC60" time="0.0">
    <ignored/>
  </testcase> <!-- TC_Vendor_Invoice_Registration_SC60 -->
  <testcase classname="commonMethods.Testcases" name="TC_Customer_Statement_SC045" time="0.0">
    <ignored/>
  </testcase> <!-- TC_Customer_Statement_SC045 -->
  <testcase classname="commonMethods.Testcases" name="TC_Detention_Waiver_TS_010B" time="0.0">
    <ignored/>
  </testcase> <!-- TC_Detention_Waiver_TS_010B -->
  <testcase classname="commonMethods.Testcases" name="TC_Contract_Management_System_SC212" time="0.0">
    <ignored/>
  </testcase> <!-- TC_Contract_Management_System_SC212 -->
  <testcase classname="commonMethods.Testcases" name="TC_Coastal_Schedule_CS04_I" time="0.0">
    <ignored/>
  </testcase> <!-- TC_Coastal_Schedule_CS04_I -->
  <testcase classname="commonMethods.Testcases" name="TC_Scale_In_TS_006" time="0.0">
    <ignored/>
  </testcase> <!-- TC_Scale_In_TS_006 -->
  <testcase classname="commonMethods.Testcases" name="TC_Import_Documentation_SC008" time="0.0">
    <ignored/>
  </testcase> <!-- TC_Import_Documentation_SC008 -->
  <testcase classname="commonMethods.Testcases" name="TC_Arrival_Notice_TS_044" time="0.0">
    <ignored/>
  </testcase> <!-- TC_Arrival_Notice_TS_044 -->
  <testcase classname="commonMethods.Testcases" name="TC_Receivable_Receipt_RR13" time="0.0">
    <ignored/>
  </testcase> <!-- TC_Receivable_Receipt_RR13 -->
  <testcase classname="commonMethods.Testcases" name="TC_Movement_Entry_IntegrationTS034" time="0.0">
    <ignored/>
  </testcase> <!-- TC_Movement_Entry_IntegrationTS034 -->
  <testcase classname="commonMethods.Testcases" name="TC_Detention_Waiver_TS_016A" time="0.0">
    <ignored/>
  </testcase> <!-- TC_Detention_Waiver_TS_016A -->
  <testcase classname="commonMethods.Testcases" name="TC_Rate_Request_SC40" time="0.0">
    <ignored/>
  </testcase> <!-- TC_Rate_Request_SC40 -->
  <testcase classname="commonMethods.Testcases" name="TC_Discharge_Confirmation_SC_DC_02" time="0.0">
    <ignored/>
  </testcase> <!-- TC_Discharge_Confirmation_SC_DC_02 -->
  <testcase classname="commonMethods.Testcases" name="TC_Import_Invoice_SC014" time="0.0">
    <ignored/>
  </testcase> <!-- TC_Import_Invoice_SC014 -->
  <testcase classname="commonMethods.Testcases" name="TC_Import_Documentation_SC007" time="0.0">
    <ignored/>
  </testcase> <!-- TC_Import_Documentation_SC007 -->
  <testcase classname="commonMethods.Testcases" name="TC_Arrival_Notice_TS_043" time="0.0">
    <ignored/>
  </testcase> <!-- TC_Arrival_Notice_TS_043 -->
  <testcase classname="commonMethods.Testcases" name="TC_Detention_Waiver_TS_038B" time="0.0">
    <ignored/>
  </testcase> <!-- TC_Detention_Waiver_TS_038B -->
  <testcase classname="commonMethods.Testcases" name="TC_Feeder_Contract_SC58" time="0.0">
    <ignored/>
  </testcase> <!-- TC_Feeder_Contract_SC58 -->
  <testcase classname="commonMethods.Testcases" name="TC_Import_Invoice_SC011A" time="0.0">
    <ignored/>
  </testcase> <!-- TC_Import_Invoice_SC011A -->
  <testcase classname="commonMethods.Testcases" name="TC_DG_Creation_SC_098" time="0.0">
    <ignored/>
  </testcase> <!-- TC_DG_Creation_SC_098 -->
  <testcase classname="commonMethods.Testcases" name="TC_Receivable_Receipt_RR14" time="0.0">
    <ignored/>
  </testcase> <!-- TC_Receivable_Receipt_RR14 -->
  <testcase classname="commonMethods.Testcases" name="TC_Booking_SC106" time="0.0">
    <ignored/>
  </testcase> <!-- TC_Booking_SC106 -->
  <testcase classname="commonMethods.Testcases" name="TC_Scale_In_TS_021_IP" time="0.0">
    <ignored/>
  </testcase> <!-- TC_Scale_In_TS_021_IP -->
  <testcase classname="commonMethods.Testcases" name="TC_Outstanding_Freight_Report_SC046B" time="0.0">
    <ignored/>
  </testcase> <!-- TC_Outstanding_Freight_Report_SC046B -->
  <testcase classname="commonMethods.Testcases" name="TC_Movement_Entry_IntegrationTS033" time="0.0">
    <ignored/>
  </testcase> <!-- TC_Movement_Entry_IntegrationTS033 -->
  <testcase classname="commonMethods.Testcases" name="TC_Coastal_Schedule_CS02H_IP" time="0.0">
    <ignored/>
  </testcase> <!-- TC_Coastal_Schedule_CS02H_IP -->
  <testcase classname="commonMethods.Testcases" name="TC_Import_Invoice_SC013" time="0.0">
    <ignored/>
  </testcase> <!-- TC_Import_Invoice_SC013 -->
  <testcase classname="commonMethods.Testcases" name="TC_Movement_Entry_TS_019" time="0.0">
    <ignored/>
  </testcase> <!-- TC_Movement_Entry_TS_019 -->
  <testcase classname="commonMethods.Testcases" name="TC_Rate_Request_SC094" time="0.0">
    <ignored/>
  </testcase> <!-- TC_Rate_Request_SC094 -->
  <testcase classname="commonMethods.Testcases" name="TC_Feeder_Contract_SC55" time="0.0">
    <ignored/>
  </testcase> <!-- TC_Feeder_Contract_SC55 -->
  <testcase classname="commonMethods.Testcases" name="TC_Payable_Payment_PP16" time="0.0">
    <ignored/>
  </testcase> <!-- TC_Payable_Payment_PP16 -->
  <testcase classname="commonMethods.Testcases" name="TC_Un_Invoiced_BL_Report_SC039A" time="0.0">
    <ignored/>
  </testcase> <!-- TC_Un_Invoiced_BL_Report_SC039A -->
  <testcase classname="commonMethods.Testcases" name="TC_Feeder_Contract_SC15" time="0.0">
    <ignored/>
  </testcase> <!-- TC_Feeder_Contract_SC15 -->
  <testcase classname="commonMethods.Testcases" name="TC_Contract_Management_System_SC146" time="0.0">
    <ignored/>
  </testcase> <!-- TC_Contract_Management_System_SC146 -->
  <testcase classname="commonMethods.Testcases" name="TC_Billing_Invoice_B07" time="0.0">
    <ignored/>
  </testcase> <!-- TC_Billing_Invoice_B07 -->
  <testcase classname="commonMethods.Testcases" name="TC_Booking_SC149" time="0.0">
    <ignored/>
  </testcase> <!-- TC_Booking_SC149 -->
  <testcase classname="commonMethods.Testcases" name="TC_Receivable_Receipt_RR11" time="0.0">
    <ignored/>
  </testcase> <!-- TC_Receivable_Receipt_RR11 -->
  <testcase classname="commonMethods.Testcases" name="TC_Contract_Management_System_SC106" time="0.0">
    <ignored/>
  </testcase> <!-- TC_Contract_Management_System_SC106 -->
  <testcase classname="commonMethods.Testcases" name="TC_Booking_SC109" time="0.0">
    <ignored/>
  </testcase> <!-- TC_Booking_SC109 -->
  <testcase classname="commonMethods.Testcases" name="TC_End_To_End_SC001" time="0.0">
    <ignored/>
  </testcase> <!-- TC_End_To_End_SC001 -->
  <testcase classname="commonMethods.Testcases" name="TC_Contract_Management_System_SC217" time="0.0">
    <ignored/>
  </testcase> <!-- TC_Contract_Management_System_SC217 -->
  <testcase classname="commonMethods.Testcases" name="TC_Equipment_Profile_TS_059" time="0.0">
    <ignored/>
  </testcase> <!-- TC_Equipment_Profile_TS_059 -->
  <testcase classname="commonMethods.Testcases" name="TC_Import_Documentation_SC001" time="0.0">
    <ignored/>
  </testcase> <!-- TC_Import_Documentation_SC001 -->
  <testcase classname="commonMethods.Testcases" name="TC_Import_Documentation_SC112" time="0.0">
    <ignored/>
  </testcase> <!-- TC_Import_Documentation_SC112 -->
  <testcase classname="commonMethods.Testcases" name="TC_Contract_Management_System_SC257" time="0.0">
    <ignored/>
  </testcase> <!-- TC_Contract_Management_System_SC257 -->
  <testcase classname="commonMethods.Testcases" name="TC_Movement_Entry_IntegrationTS036" time="0.0">
    <ignored/>
  </testcase> <!-- TC_Movement_Entry_IntegrationTS036 -->
  <testcase classname="commonMethods.Testcases" name="TC_Delivery_Order_TS_006" time="0.0">
    <ignored/>
  </testcase> <!-- TC_Delivery_Order_TS_006 -->
  <testcase classname="commonMethods.Testcases" name="TC_Proforma_Service_Creation_PC02_I" time="0.0">
    <ignored/>
  </testcase> <!-- TC_Proforma_Service_Creation_PC02_I -->
  <testcase classname="commonMethods.Testcases" name="TC_CRO_SC052" time="0.0">
    <ignored/>
  </testcase> <!-- TC_CRO_SC052 -->
  <testcase classname="commonMethods.Testcases" name="TC_Rate_Request_SC095" time="0.0">
    <ignored/>
  </testcase> <!-- TC_Rate_Request_SC095 -->
  <testcase classname="commonMethods.Testcases" name="TC_Reversal_R03" time="0.0">
    <ignored/>
  </testcase> <!-- TC_Reversal_R03 -->
  <testcase classname="commonMethods.Testcases" name="TC_Payable_Payment_PP15" time="0.0">
    <ignored/>
  </testcase> <!-- TC_Payable_Payment_PP15 -->
  <testcase classname="commonMethods.Testcases" name="TC_Arrival_Notice_TS_049" time="0.0">
    <ignored/>
  </testcase> <!-- TC_Arrival_Notice_TS_049 -->
  <testcase classname="commonMethods.Testcases" name="TC_Movement_Entry_TS_020" time="0.0">
    <ignored/>
  </testcase> <!-- TC_Movement_Entry_TS_020 -->
  <testcase classname="commonMethods.Testcases" name="TC_Billing_Invoice_B06" time="0.0">
    <ignored/>
  </testcase> <!-- TC_Billing_Invoice_B06 -->
  <testcase classname="commonMethods.Testcases" name="TC_Contract_Management_System_SC101" time="0.0">
    <ignored/>
  </testcase> <!-- TC_Contract_Management_System_SC101 -->
  <testcase classname="commonMethods.Testcases" name="TC_Receivable_Receipt_RR12" time="0.0">
    <ignored/>
  </testcase> <!-- TC_Receivable_Receipt_RR12 -->
  <testcase classname="commonMethods.Testcases" name="TC_Detention_Waiver_TS_016B" time="0.0">
    <ignored/>
  </testcase> <!-- TC_Detention_Waiver_TS_016B -->
  <testcase classname="commonMethods.Testcases" name="TC_Contract_Management_System_SC216" time="0.0">
    <ignored/>
  </testcase> <!-- TC_Contract_Management_System_SC216 -->
  <testcase classname="commonMethods.Testcases" name="TC_Import_Documentation_SC111" time="0.0">
    <ignored/>
  </testcase> <!-- TC_Import_Documentation_SC111 -->
  <testcase classname="commonMethods.Testcases" name="TC_Delivery_Order_TS_007" time="0.0">
    <ignored/>
  </testcase> <!-- TC_Delivery_Order_TS_007 -->
  <testcase classname="commonMethods.Testcases" name="TC_Contract_Management_System_SC256" time="0.0">
    <ignored/>
  </testcase> <!-- TC_Contract_Management_System_SC256 -->
  <testcase classname="commonMethods.Testcases" name="TC_Movement_Entry_IntegrationTS035" time="0.0">
    <ignored/>
  </testcase> <!-- TC_Movement_Entry_IntegrationTS035 -->
  <testcase classname="commonMethods.Testcases" name="TC_Cost_Activity_Report_TS016" time="0.0">
    <ignored/>
  </testcase> <!-- TC_Cost_Activity_Report_TS016 -->
  <testcase classname="commonMethods.Testcases" name="TC_Feeder_Contract_SC57" time="0.0">
    <ignored/>
  </testcase> <!-- TC_Feeder_Contract_SC57 -->
  <testcase classname="commonMethods.Testcases" name="TC_Rate_Request_SC096" time="0.0">
    <ignored/>
  </testcase> <!-- TC_Rate_Request_SC096 -->
  <testcase classname="commonMethods.Testcases" name="TC_Feeder_Contract_SC17" time="0.0">
    <ignored/>
  </testcase> <!-- TC_Feeder_Contract_SC17 -->
  <testcase classname="commonMethods.Testcases" name="TC_Arrival_Notice_TS_048" time="0.0">
    <ignored/>
  </testcase> <!-- TC_Arrival_Notice_TS_048 -->
  <testcase classname="commonMethods.Testcases" name="TC_Payable_Payment_PP14" time="0.0">
    <ignored/>
  </testcase> <!-- TC_Payable_Payment_PP14 -->
  <testcase classname="commonMethods.Testcases" name="TC_DG_Creation_SC_055" time="0.0">
    <ignored/>
  </testcase> <!-- TC_DG_Creation_SC_055 -->
  <testcase classname="commonMethods.Testcases" name="TC_Contract_Management_System_SC100" time="0.0">
    <ignored/>
  </testcase> <!-- TC_Contract_Management_System_SC100 -->
  <testcase classname="commonMethods.Testcases" name="TC_Billing_Invoice_B05" time="0.0">
    <ignored/>
  </testcase> <!-- TC_Billing_Invoice_B05 -->
  <testcase classname="commonMethods.Testcases" name="TC_CoastalSchedule_CS1ToCS3" time="0.0">
    <ignored/>
  </testcase> <!-- TC_CoastalSchedule_CS1ToCS3 -->
  <testcase classname="commonMethods.Testcases" name="TC_Contract_Management_System_SC211" time="0.0">
    <ignored/>
  </testcase> <!-- TC_Contract_Management_System_SC211 -->
  <testcase classname="commonMethods.Testcases" name="TC_Movement_Entry_IntegrationTS038" time="0.0">
    <ignored/>
  </testcase> <!-- TC_Movement_Entry_IntegrationTS038 -->
  <testcase classname="commonMethods.Testcases" name="TC_Equipment_Profile_TS_057" time="0.0">
    <ignored/>
  </testcase> <!-- TC_Equipment_Profile_TS_057 -->
  <testcase classname="commonMethods.Testcases" name="TC_Rate_Request_SC44" time="0.0">
    <ignored/>
  </testcase> <!-- TC_Rate_Request_SC44 -->
  <testcase classname="commonMethods.Testcases" name="TC_Journal_Upload_JU02" time="0.0">
    <ignored/>
  </testcase> <!-- TC_Journal_Upload_JU02 -->
  <testcase classname="commonMethods.Testcases" name="TC_CRO_SC050" time="0.0">
    <ignored/>
  </testcase> <!-- TC_CRO_SC050 -->
  <testcase classname="commonMethods.Testcases" name="TC_Cost_Activity_Report_TS015" time="0.0">
    <ignored/>
  </testcase> <!-- TC_Cost_Activity_Report_TS015 -->
  <testcase classname="commonMethods.Testcases" name="TC_Rate_Request_SC097" time="0.0">
    <ignored/>
  </testcase> <!-- TC_Rate_Request_SC097 -->
  <testcase classname="commonMethods.Testcases" name="TC_Feeder_Contract_SC54" time="0.0">
    <ignored/>
  </testcase> <!-- TC_Feeder_Contract_SC54 -->
  <testcase classname="commonMethods.Testcases" name="TC_Arrival_Notice_TS_047" time="0.0">
    <ignored/>
  </testcase> <!-- TC_Arrival_Notice_TS_047 -->
  <testcase classname="commonMethods.Testcases" name="TC_Payable_Payment_PP13" time="0.0">
    <ignored/>
  </testcase> <!-- TC_Payable_Payment_PP13 -->
  <testcase classname="commonMethods.Testcases" name="TC_Feeder_Contract_SC14" time="0.0">
    <ignored/>
  </testcase> <!-- TC_Feeder_Contract_SC14 -->
  <testcase classname="commonMethods.Testcases" name="TC_DG_Creation_SC_054" time="0.0">
    <ignored/>
  </testcase> <!-- TC_DG_Creation_SC_054 -->
  <testcase classname="commonMethods.Testcases" name="TC_Contract_Management_System_SC103" time="0.0">
    <ignored/>
  </testcase> <!-- TC_Contract_Management_System_SC103 -->
  <testcase classname="commonMethods.Testcases" name="TC_Booking_SC039" time="0.0">
    <ignored/>
  </testcase> <!-- TC_Booking_SC039 -->
  <testcase classname="commonMethods.Testcases" name="TC_Billing_Invoice_B04" time="0.0">
    <ignored/>
  </testcase> <!-- TC_Billing_Invoice_B04 -->
  <testcase classname="commonMethods.Testcases" name="TC_Stock_Report_by_Stock_Status_TS042" time="0.0">
    <ignored/>
  </testcase> <!-- TC_Stock_Report_by_Stock_Status_TS042 -->
  <testcase classname="commonMethods.Testcases" name="TC_Import_Invoice_SC008D" time="0.0">
    <ignored/>
  </testcase> <!-- TC_Import_Invoice_SC008D -->
  <testcase classname="commonMethods.Testcases" name="TC_Receivable_Receipt_RR10" time="0.0">
    <ignored/>
  </testcase> <!-- TC_Receivable_Receipt_RR10 -->
  <testcase classname="commonMethods.Testcases" name="TC_Equipment_Profile_TS057_To_TS061_C" time="0.0">
    <ignored/>
  </testcase> <!-- TC_Equipment_Profile_TS057_To_TS061_C -->
  <testcase classname="commonMethods.Testcases" name="TC_Movement_Entry_IntegrationTS037" time="0.0">
    <ignored/>
  </testcase> <!-- TC_Movement_Entry_IntegrationTS037 -->
  <testcase classname="commonMethods.Testcases" name="TC_Rate_Request_SC43" time="0.0">
    <ignored/>
  </testcase> <!-- TC_Rate_Request_SC43 -->
  <testcase classname="commonMethods.Testcases" name="TC_Journal_Upload_JU01" time="0.0">
    <ignored/>
  </testcase> <!-- TC_Journal_Upload_JU01 -->
  <testcase classname="commonMethods.Testcases" name="TC_Cost_Activity_Report_TS018" time="0.0">
    <ignored/>
  </testcase> <!-- TC_Cost_Activity_Report_TS018 -->
  <testcase classname="commonMethods.Testcases" name="TC_CRO_SC051" time="0.0">
    <ignored/>
  </testcase> <!-- TC_CRO_SC051 -->
  <testcase classname="commonMethods.Testcases" name="TC_Feeder_Contract_SC45" time="0.0">
    <ignored/>
  </testcase> <!-- TC_Feeder_Contract_SC45 -->
  <testcase classname="commonMethods.Testcases" name="Lessor_Bill_Upload_TS_045" time="0.0">
    <ignored/>
  </testcase> <!-- Lessor_Bill_Upload_TS_045 -->
  <testcase classname="commonMethods.Testcases" name="TC_Feeder_Contract_SC05" time="0.0">
    <ignored/>
  </testcase> <!-- TC_Feeder_Contract_SC05 -->
  <testcase classname="commonMethods.Testcases" name="TC_EMS_Contract_Billing_Generation_82" time="0.0">
    <ignored/>
  </testcase> <!-- TC_EMS_Contract_Billing_Generation_82 -->
  <testcase classname="commonMethods.Testcases" name="TC_Rate_Request_SC02" time="0.0">
    <ignored/>
  </testcase> <!-- TC_Rate_Request_SC02 -->
  <testcase classname="commonMethods.Testcases" name="EMS_Contract_Registration_IP001" time="0.0">
    <ignored/>
  </testcase> <!-- EMS_Contract_Registration_IP001 -->
  <testcase classname="commonMethods.Testcases" name="TC_Ecommerce_Customer_Gate_002" time="0.0">
    <ignored/>
  </testcase> <!-- TC_Ecommerce_Customer_Gate_002 -->
  <testcase classname="commonMethods.Testcases" name="TC_DG_Creation_SC_057" time="0.0">
    <ignored/>
  </testcase> <!-- TC_DG_Creation_SC_057 -->
  <testcase classname="commonMethods.Testcases" name="TC_EMS_Contract_Registration_TS002" time="0.0">
    <ignored/>
  </testcase> <!-- TC_EMS_Contract_Registration_TS002 -->
  <testcase classname="commonMethods.Testcases" name="TC_DG_Creation_SC_097" time="0.0">
    <ignored/>
  </testcase> <!-- TC_DG_Creation_SC_097 -->
  <testcase classname="commonMethods.Testcases" name="TC_Detention_Waiver_TS_012" time="0.0">
    <ignored/>
  </testcase> <!-- TC_Detention_Waiver_TS_012 -->
  <testcase classname="commonMethods.Testcases" name="TC_Haulage_Contract_SC28" time="0.0">
    <ignored/>
  </testcase> <!-- TC_Haulage_Contract_SC28 -->
  <testcase classname="commonMethods.Testcases" name="TC_Import_Documentation_SC011" time="0.0">
    <ignored/>
  </testcase> <!-- TC_Import_Documentation_SC011 -->
  <testcase classname="commonMethods.Testcases" name="TC_Vendor_Invoice_Registration_SC16" time="0.0">
    <ignored/>
  </testcase> <!-- TC_Vendor_Invoice_Registration_SC16 -->
  <testcase classname="commonMethods.Testcases" name="TC_CoastalSchedule_CS7ToCS11" time="0.0">
    <ignored/>
  </testcase> <!-- TC_CoastalSchedule_CS7ToCS11 -->
  <testcase classname="commonMethods.Testcases" name="TC_Schedule_Security_SS06" time="0.0">
    <ignored/>
  </testcase> <!-- TC_Schedule_Security_SS06 -->
  <testcase classname="commonMethods.Testcases" name="TC_Discharge_Reconciliation_MD56" time="0.0">
    <ignored/>
  </testcase> <!-- TC_Discharge_Reconciliation_MD56 -->
  <testcase classname="commonMethods.Testcases" name="TC_Feeder_Contract_SC46" time="0.0">
    <ignored/>
  </testcase> <!-- TC_Feeder_Contract_SC46 -->
  <testcase classname="commonMethods.Testcases" name="TC_Feeder_Contract_SC06" time="0.0">
    <ignored/>
  </testcase> <!-- TC_Feeder_Contract_SC06 -->
  <testcase classname="commonMethods.Testcases" name="TC_EMS_Contract_Billing_Generation_85" time="0.0">
    <ignored/>
  </testcase> <!-- TC_EMS_Contract_Billing_Generation_85 -->
  <testcase classname="commonMethods.Testcases" name="TC_CRO_SC027" time="0.0">
    <ignored/>
  </testcase> <!-- TC_CRO_SC027 -->
  <testcase classname="commonMethods.Testcases" name="TC_Rate_Request_SC01" time="0.0">
    <ignored/>
  </testcase> <!-- TC_Rate_Request_SC01 -->
  <testcase classname="commonMethods.Testcases" name="TC_Stock_Report_by_Size_Type_TS039" time="0.0">
    <ignored/>
  </testcase> <!-- TC_Stock_Report_by_Size_Type_TS039 -->
  <testcase classname="commonMethods.Testcases" name="TC_Ecommerce_Customer_Gate_005" time="0.0">
    <ignored/>
  </testcase> <!-- TC_Ecommerce_Customer_Gate_005 -->
  <testcase classname="commonMethods.Testcases" name="TC_DG_Creation_SC_056" time="0.0">
    <ignored/>
  </testcase> <!-- TC_DG_Creation_SC_056 -->
  <testcase classname="commonMethods.Testcases" name="TC_Contract_Management_System_SC145" time="0.0">
    <ignored/>
  </testcase> <!-- TC_Contract_Management_System_SC145 -->
  <testcase classname="commonMethods.Testcases" name="TC_DG_Creation_SC_096" time="0.0">
    <ignored/>
  </testcase> <!-- TC_DG_Creation_SC_096 -->
  <testcase classname="commonMethods.Testcases" name="TC_Contract_Management_System_SC105" time="0.0">
    <ignored/>
  </testcase> <!-- TC_Contract_Management_System_SC105 -->
  <testcase classname="commonMethods.Testcases" name="TC_EMS_Contract_Registration_TS003" time="0.0">
    <ignored/>
  </testcase> <!-- TC_EMS_Contract_Registration_TS003 -->
  <testcase classname="commonMethods.Testcases" name="TC_Import_Documentation_SC010" time="0.0">
    <ignored/>
  </testcase> <!-- TC_Import_Documentation_SC010 -->
  <testcase classname="commonMethods.Testcases" name="TC_Discharge_Confirmation_SC_DC_07" time="0.0">
    <ignored/>
  </testcase> <!-- TC_Discharge_Confirmation_SC_DC_07 -->
  <testcase classname="commonMethods.Testcases" name="TC_Haulage_Contract_SC25" time="0.0">
    <ignored/>
  </testcase> <!-- TC_Haulage_Contract_SC25 -->
  <testcase classname="commonMethods.Testcases" name="TC_Vendor_Invoice_Registration_SC17" time="0.0">
    <ignored/>
  </testcase> <!-- TC_Vendor_Invoice_Registration_SC17 -->
  <testcase classname="commonMethods.Testcases" name="TS_EMS_Contract_Registration_19" time="0.0">
    <ignored/>
  </testcase> <!-- TS_EMS_Contract_Registration_19 -->
  <testcase classname="commonMethods.Testcases" name="TC_Schedule_Security_SS05" time="0.0">
    <ignored/>
  </testcase> <!-- TC_Schedule_Security_SS05 -->
  <testcase classname="commonMethods.Testcases" name="TC_Discharge_Reconciliation_MD53" time="0.0">
    <ignored/>
  </testcase> <!-- TC_Discharge_Reconciliation_MD53 -->
  <testcase classname="commonMethods.Testcases" name="TC_EMS_Contract_Billing_Generation_84" time="0.0">
    <ignored/>
  </testcase> <!-- TC_EMS_Contract_Billing_Generation_84 -->
  <testcase classname="commonMethods.Testcases" name="TC_CRO_SC028" time="0.0">
    <ignored/>
  </testcase> <!-- TC_CRO_SC028 -->
  <testcase classname="commonMethods.Testcases" name="TC_DG_Creation_SC_011" time="0.0">
    <ignored/>
  </testcase> <!-- TC_DG_Creation_SC_011 -->
  <testcase classname="commonMethods.Testcases" name="TC_Contract_Management_System_SC144" time="0.0">
    <ignored/>
  </testcase> <!-- TC_Contract_Management_System_SC144 -->
  <testcase classname="commonMethods.Testcases" name="TC_Rate_Request_SC48" time="0.0">
    <ignored/>
  </testcase> <!-- TC_Rate_Request_SC48 -->
  <testcase classname="commonMethods.Testcases" name="EMS_Contract_Registration_IP003" time="0.0">
    <ignored/>
  </testcase> <!-- EMS_Contract_Registration_IP003 -->
  <testcase classname="commonMethods.Testcases" name="TC_DG_Creation_SC_051" time="0.0">
    <ignored/>
  </testcase> <!-- TC_DG_Creation_SC_051 -->
  <testcase classname="commonMethods.Testcases" name="TC_Detention_Waiver_TS_014" time="0.0">
    <ignored/>
  </testcase> <!-- TC_Detention_Waiver_TS_014 -->
  <testcase classname="commonMethods.Testcases" name="TC_Rate_Request_SC08" time="0.0">
    <ignored/>
  </testcase> <!-- TC_Rate_Request_SC08 -->
  <testcase classname="commonMethods.Testcases" name="TC_Contract_Management_System_SC104" time="0.0">
    <ignored/>
  </testcase> <!-- TC_Contract_Management_System_SC104 -->
  <testcase classname="commonMethods.Testcases" name="TC_Billing_Invoice_B09" time="0.0">
    <ignored/>
  </testcase> <!-- TC_Billing_Invoice_B09 -->
  <testcase classname="commonMethods.Testcases" name="TC_Contract_Management_System_SC215" time="0.0">
    <ignored/>
  </testcase> <!-- TC_Contract_Management_System_SC215 -->
  <testcase classname="commonMethods.Testcases" name="TC_Contract_Management_System_SC255" time="0.0">
    <ignored/>
  </testcase> <!-- TC_Contract_Management_System_SC255 -->
  <testcase classname="commonMethods.Testcases" name="TC_Import_Documentation_SC013" time="0.0">
    <ignored/>
  </testcase> <!-- TC_Import_Documentation_SC013 -->
  <testcase classname="commonMethods.Testcases" name="TC_Booking_SC062" time="0.0">
    <ignored/>
  </testcase> <!-- TC_Booking_SC062 -->
  <testcase classname="commonMethods.Testcases" name="TC_Discharge_Reconciliation_MD54" time="0.0">
    <ignored/>
  </testcase> <!-- TC_Discharge_Reconciliation_MD54 -->
  <testcase classname="commonMethods.Testcases" name="TC_Ecommerce_Gateway_Validator_013" time="0.0">
    <ignored/>
  </testcase> <!-- TC_Ecommerce_Gateway_Validator_013 -->
  <testcase classname="commonMethods.Testcases" name="TC_CRO_SC025" time="0.0">
    <ignored/>
  </testcase> <!-- TC_CRO_SC025 -->
  <testcase classname="commonMethods.Testcases" name="TC_Ecommerce_Customer_Gate_003" time="0.0">
    <ignored/>
  </testcase> <!-- TC_Ecommerce_Customer_Gate_003 -->
  <testcase classname="commonMethods.Testcases" name="TC_DG_Creation_SC_010" time="0.0">
    <ignored/>
  </testcase> <!-- TC_DG_Creation_SC_010 -->
  <testcase classname="commonMethods.Testcases" name="TC_Contract_Management_System_SC147" time="0.0">
    <ignored/>
  </testcase> <!-- TC_Contract_Management_System_SC147 -->
  <testcase classname="commonMethods.Testcases" name="TC_Transportation_Dispatch_Notice_SC_TDN_10" time="0.0">
    <ignored/>
  </testcase> <!-- TC_Transportation_Dispatch_Notice_SC_TDN_10 -->
  <testcase classname="commonMethods.Testcases" name="TC_Rate_Request_SC47" time="0.0">
    <ignored/>
  </testcase> <!-- TC_Rate_Request_SC47 -->
  <testcase classname="commonMethods.Testcases" name="TC_Detention_Waiver_TS_051" time="0.0">
    <ignored/>
  </testcase> <!-- TC_Detention_Waiver_TS_051 -->
  <testcase classname="commonMethods.Testcases" name="TC_DG_Creation_SC_050" time="0.0">
    <ignored/>
  </testcase> <!-- TC_DG_Creation_SC_050 -->
  <testcase classname="commonMethods.Testcases" name="TC_Contract_Management_System_SC107" time="0.0">
    <ignored/>
  </testcase> <!-- TC_Contract_Management_System_SC107 -->
  <testcase classname="commonMethods.Testcases" name="TC_Detention_Waiver_TS_011" time="0.0">
    <ignored/>
  </testcase> <!-- TC_Detention_Waiver_TS_011 -->
  <testcase classname="commonMethods.Testcases" name="TC_Rate_Request_SC07" time="0.0">
    <ignored/>
  </testcase> <!-- TC_Rate_Request_SC07 -->
  <testcase classname="commonMethods.Testcases" name="TC_Billing_Invoice_B08" time="0.0">
    <ignored/>
  </testcase> <!-- TC_Billing_Invoice_B08 -->
  <testcase classname="commonMethods.Testcases" name="TC_Contract_Management_System_SC214" time="0.0">
    <ignored/>
  </testcase> <!-- TC_Contract_Management_System_SC214 -->
  <testcase classname="commonMethods.Testcases" name="TC_Import_Documentation_SC012" time="0.0">
    <ignored/>
  </testcase> <!-- TC_Import_Documentation_SC012 -->
  <testcase classname="commonMethods.Testcases" name="TC_Contract_Management_System_SC254" time="0.0">
    <ignored/>
  </testcase> <!-- TC_Contract_Management_System_SC254 -->
  <testcase classname="commonMethods.Testcases" name="TC_Haulage_Contract_SC27" time="0.0">
    <ignored/>
  </testcase> <!-- TC_Haulage_Contract_SC27 -->
  <testcase classname="commonMethods.Testcases" name="TC_Proforma_Service_Creation_PC01_I" time="0.0">
    <ignored/>
  </testcase> <!-- TC_Proforma_Service_Creation_PC01_I -->
  <testcase classname="commonMethods.Testcases" name="TC_Feeder_Contract_SC01" time="0.0">
    <ignored/>
  </testcase> <!-- TC_Feeder_Contract_SC01 -->
  <testcase classname="commonMethods.Testcases" name="TC_Import_Invoice_SC008C" time="0.0">
    <ignored/>
  </testcase> <!-- TC_Import_Invoice_SC008C -->
  <testcase classname="commonMethods.Testcases" name="TC_CRO_SC026" time="0.0">
    <ignored/>
  </testcase> <!-- TC_CRO_SC026 -->
  <testcase classname="commonMethods.Testcases" name="TC_Rate_Request_SC46" time="0.0">
    <ignored/>
  </testcase> <!-- TC_Rate_Request_SC46 -->
  <testcase classname="commonMethods.Testcases" name="TC_Contract_Management_System_SC079" time="0.0">
    <ignored/>
  </testcase> <!-- TC_Contract_Management_System_SC079 -->
  <testcase classname="commonMethods.Testcases" name="TC_DG_Creation_SC_013" time="0.0">
    <ignored/>
  </testcase> <!-- TC_DG_Creation_SC_013 -->
  <testcase classname="commonMethods.Testcases" name="TC_Rate_Request_SC06" time="0.0">
    <ignored/>
  </testcase> <!-- TC_Rate_Request_SC06 -->
  <testcase classname="commonMethods.Testcases" name="TC_DG_Creation_SC_053" time="0.0">
    <ignored/>
  </testcase> <!-- TC_DG_Creation_SC_053 -->
  <testcase classname="commonMethods.Testcases" name="TC_Billing_Invoice_B10" time="0.0">
    <ignored/>
  </testcase> <!-- TC_Billing_Invoice_B10 -->
  <testcase classname="commonMethods.Testcases" name="TC_Transportation_Dispatch_Notice_SC_TDN_29" time="0.0">
    <ignored/>
  </testcase> <!-- TC_Transportation_Dispatch_Notice_SC_TDN_29 -->
  <testcase classname="commonMethods.Testcases" name="TC_Import_Documentation_SC015" time="0.0">
    <ignored/>
  </testcase> <!-- TC_Import_Documentation_SC015 -->
  <testcase classname="commonMethods.Testcases" name="TC_Import_Documentation_SC055" time="0.0">
    <ignored/>
  </testcase> <!-- TC_Import_Documentation_SC055 -->
  <testcase classname="commonMethods.Testcases" name="TC_Ecommerce_Customer_Agency_Mapping_001" time="0.0">
    <ignored/>
  </testcase> <!-- TC_Ecommerce_Customer_Agency_Mapping_001 -->
  <testcase classname="commonMethods.Testcases" name="TC_Ecommerce_Gateway_Validator_007" time="0.0">
    <ignored/>
  </testcase> <!-- TC_Ecommerce_Gateway_Validator_007 -->
  <testcase classname="commonMethods.Testcases" name="TC_Schedule_Security_SS02" time="0.0">
    <ignored/>
  </testcase> <!-- TC_Schedule_Security_SS02 -->
  <testcase classname="commonMethods.Testcases" name="TC_Discharge_Reconciliation_MD52" time="0.0">
    <ignored/>
  </testcase> <!-- TC_Discharge_Reconciliation_MD52 -->
  <testcase classname="commonMethods.Testcases" name="TC_Global_Configuration_SC026" time="0.0">
    <ignored/>
  </testcase> <!-- TC_Global_Configuration_SC026 -->
  <testcase classname="commonMethods.Testcases" name="TC_Discharge_Reconciliation_MD12" time="0.0">
    <ignored/>
  </testcase> <!-- TC_Discharge_Reconciliation_MD12 -->
  <testcase classname="commonMethods.Testcases" name="TC_Booking_SC060" time="0.0">
    <ignored/>
  </testcase> <!-- TC_Booking_SC060 -->
  <testcase classname="commonMethods.Testcases" name="TC_Feeder_Contract_SC02" time="0.0">
    <ignored/>
  </testcase> <!-- TC_Feeder_Contract_SC02 -->
  <testcase classname="commonMethods.Testcases" name="TC_Bill_Of_Lading_SC01" time="0.0">
    <ignored/>
  </testcase> <!-- TC_Bill_Of_Lading_SC01 -->
  <testcase classname="commonMethods.Testcases" name="TC_Delivery_Order_TS_050" time="0.0">
    <ignored/>
  </testcase> <!-- TC_Delivery_Order_TS_050 -->
  <testcase classname="commonMethods.Testcases" name="TC_Import_Invoice_SC008B" time="0.0">
    <ignored/>
  </testcase> <!-- TC_Import_Invoice_SC008B -->
  <testcase classname="commonMethods.Testcases" name="TC_Rate_Request_SC45" time="0.0">
    <ignored/>
  </testcase> <!-- TC_Rate_Request_SC45 -->
  <testcase classname="commonMethods.Testcases" name="TC_DG_Creation_SC_012" time="0.0">
    <ignored/>
  </testcase> <!-- TC_DG_Creation_SC_012 -->
  <testcase classname="commonMethods.Testcases" name="TC_Contract_Management_System_SC189" time="0.0">
    <ignored/>
  </testcase> <!-- TC_Contract_Management_System_SC189 -->
  <testcase classname="commonMethods.Testcases" name="TC_Contract_Management_System_SC078" time="0.0">
    <ignored/>
  </testcase> <!-- TC_Contract_Management_System_SC078 -->
  <testcase classname="commonMethods.Testcases" name="EMS_Contract_Registration_IP002" time="0.0">
    <ignored/>
  </testcase> <!-- EMS_Contract_Registration_IP002 -->
  <testcase classname="commonMethods.Testcases" name="TC_Rate_Request_SC05" time="0.0">
    <ignored/>
  </testcase> <!-- TC_Rate_Request_SC05 -->
  <testcase classname="commonMethods.Testcases" name="TC_DG_Creation_SC_052" time="0.0">
    <ignored/>
  </testcase> <!-- TC_DG_Creation_SC_052 -->
  <testcase classname="commonMethods.Testcases" name="TC_Contract_Management_System_SC149" time="0.0">
    <ignored/>
  </testcase> <!-- TC_Contract_Management_System_SC149 -->
  <testcase classname="commonMethods.Testcases" name="TC_Import_Documentation_SC014" time="0.0">
    <ignored/>
  </testcase> <!-- TC_Import_Documentation_SC014 -->
  <testcase classname="commonMethods.Testcases" name="TC_Discharge_Confirmation_SC_DC_03" time="0.0">
    <ignored/>
  </testcase> <!-- TC_Discharge_Confirmation_SC_DC_03 -->
  <testcase classname="commonMethods.Testcases" name="TC_Import_Documentation_SC054" time="0.0">
    <ignored/>
  </testcase> <!-- TC_Import_Documentation_SC054 -->
  <testcase classname="commonMethods.Testcases" name="TC_Ecommerce_Gateway_Validator_008" time="0.0">
    <ignored/>
  </testcase> <!-- TC_Ecommerce_Gateway_Validator_008 -->
  <testcase classname="commonMethods.Testcases" name="TC_Schedule_Security_SS01" time="0.0">
    <ignored/>
  </testcase> <!-- TC_Schedule_Security_SS01 -->
  <testcase classname="commonMethods.Testcases" name="TC_Global_Configuration_SC023" time="0.0">
    <ignored/>
  </testcase> <!-- TC_Global_Configuration_SC023 -->
  <testcase classname="commonMethods.Testcases" name="TC_Ecommerce_Customer_Agency_Mapping_002" time="0.0">
    <ignored/>
  </testcase> <!-- TC_Ecommerce_Customer_Agency_Mapping_002 -->
  <testcase classname="commonMethods.Testcases" name="TC_Movement_Entry_IntegrationTS041" time="0.0">
    <ignored/>
  </testcase> <!-- TC_Movement_Entry_IntegrationTS041 -->
  <testcase classname="commonMethods.Testcases" name="TC_Booking_SC063" time="0.0">
    <ignored/>
  </testcase> <!-- TC_Booking_SC063 -->
  <testcase classname="commonMethods.Testcases" name="TS_EMS_Contract_Registration_15" time="0.0">
    <ignored/>
  </testcase> <!-- TS_EMS_Contract_Registration_15 -->
  <testcase classname="commonMethods.Testcases" name="TC_DnS_Report_SC036" time="0.0">
    <ignored/>
  </testcase> <!-- TC_DnS_Report_SC036 -->
  <testcase classname="commonMethods.Testcases" name="TC_Coastal_Schedule_CS02I_IP" time="0.0">
    <ignored/>
  </testcase> <!-- TC_Coastal_Schedule_CS02I_IP -->
  <testcase classname="commonMethods.Testcases" name="TC_Bill_Of_Lading_SC02" time="0.0">
    <ignored/>
  </testcase> <!-- TC_Bill_Of_Lading_SC02 -->
  <testcase classname="commonMethods.Testcases" name="TC_Import_Invoice_SC019B" time="0.0">
    <ignored/>
  </testcase> <!-- TC_Import_Invoice_SC019B -->
  <testcase classname="commonMethods.Testcases" name="TC_Contract_Management_System_SC188" time="0.0">
    <ignored/>
  </testcase> <!-- TC_Contract_Management_System_SC188 -->
  <testcase classname="commonMethods.Testcases" name="TC_Ecommerce_Customer_Gate_004" time="0.0">
    <ignored/>
  </testcase> <!-- TC_Ecommerce_Customer_Gate_004 -->
  <testcase classname="commonMethods.Testcases" name="TC_Contract_Management_System_SC148" time="0.0">
    <ignored/>
  </testcase> <!-- TC_Contract_Management_System_SC148 -->
  <testcase classname="commonMethods.Testcases" name="TC_Transportation_Dispatch_Notice_SC_TDN_27" time="0.0">
    <ignored/>
  </testcase> <!-- TC_Transportation_Dispatch_Notice_SC_TDN_27 -->
  <testcase classname="commonMethods.Testcases" name="TC_Import_Documentation_SC017" time="0.0">
    <ignored/>
  </testcase> <!-- TC_Import_Documentation_SC017 -->
  <testcase classname="commonMethods.Testcases" name="TC_Customer_Statement_SC044C" time="0.0">
    <ignored/>
  </testcase> <!-- TC_Customer_Statement_SC044C -->
  <testcase classname="commonMethods.Testcases" name="TC_Cost_Activity_Report_TS021" time="0.0">
    <ignored/>
  </testcase> <!-- TC_Cost_Activity_Report_TS021 -->
  <testcase classname="commonMethods.Testcases" name="TC_Import_Documentation_SC057" time="0.0">
    <ignored/>
  </testcase> <!-- TC_Import_Documentation_SC057 -->
  <testcase classname="commonMethods.Testcases" name="TC_Discharge_Confirmation_SC_DC_06" time="0.0">
    <ignored/>
  </testcase> <!-- TC_Discharge_Confirmation_SC_DC_06 -->
  <testcase classname="commonMethods.Testcases" name="TC_Global_Configuration_SC024" time="0.0">
    <ignored/>
  </testcase> <!-- TC_Global_Configuration_SC024 -->
  <testcase classname="commonMethods.Testcases" name="TS_EMS_Contract_Registration_18" time="0.0">
    <ignored/>
  </testcase> <!-- TS_EMS_Contract_Registration_18 -->
  <testcase classname="commonMethods.Testcases" name="TC_Discharge_Reconciliation_MD50" time="0.0">
    <ignored/>
  </testcase> <!-- TC_Discharge_Reconciliation_MD50 -->
  <testcase classname="commonMethods.Testcases" name="TC_DnS_Report_SC035" time="0.0">
    <ignored/>
  </testcase> <!-- TC_DnS_Report_SC035 -->
  <testcase classname="commonMethods.Testcases" name="TC_Discharge_Reconciliation_MD31A" time="0.0">
    <ignored/>
  </testcase> <!-- TC_Discharge_Reconciliation_MD31A -->
  <testcase classname="commonMethods.Testcases" name="TC_Movement_Entry_IntegrationTS040" time="0.0">
    <ignored/>
  </testcase> <!-- TC_Movement_Entry_IntegrationTS040 -->
  <testcase classname="commonMethods.Testcases" name="TC_Schedule_Security_SS08" time="0.0">
    <ignored/>
  </testcase> <!-- TC_Schedule_Security_SS08 -->
  <testcase classname="commonMethods.Testcases" name="TC_Discharge_Reconciliation_MD10" time="0.0">
    <ignored/>
  </testcase> <!-- TC_Discharge_Reconciliation_MD10 -->
  <testcase classname="commonMethods.Testcases" name="TC_Bill_Of_Lading_SC03" time="0.0">
    <ignored/>
  </testcase> <!-- TC_Bill_Of_Lading_SC03 -->
  <testcase classname="commonMethods.Testcases" name="TC_EMS_Contract_Billing_Generation_And_Verification_TS68_to_TS86_C" time="0.0">
    <ignored/>
  </testcase> <!-- TC_EMS_Contract_Billing_Generation_And_Verification_TS68_to_TS86_C -->
  <testcase classname="commonMethods.Testcases" name="TC_EMS_Contract_Billing_Generation_83" time="0.0">
    <ignored/>
  </testcase> <!-- TC_EMS_Contract_Billing_Generation_83 -->
  <testcase classname="commonMethods.Testcases" name="TC_EMS_Contract_Registration_TS001" time="0.0">
    <ignored/>
  </testcase> <!-- TC_EMS_Contract_Registration_TS001 -->
  <testcase classname="commonMethods.Testcases" name="TC_Import_Documentation_SC016" time="0.0">
    <ignored/>
  </testcase> <!-- TC_Import_Documentation_SC016 -->
  <testcase classname="commonMethods.Testcases" name="TC_Contract_Management_System_SC258" time="0.0">
    <ignored/>
  </testcase> <!-- TC_Contract_Management_System_SC258 -->
  <testcase classname="commonMethods.Testcases" name="TC_Transportation_Dispatch_Notice_SC_TDN_28" time="0.0">
    <ignored/>
  </testcase> <!-- TC_Transportation_Dispatch_Notice_SC_TDN_28 -->
  <testcase classname="commonMethods.Testcases" name="TC_Customer_Statement_SC044D" time="0.0">
    <ignored/>
  </testcase> <!-- TC_Customer_Statement_SC044D -->
  <testcase classname="commonMethods.Testcases" name="TC_Import_Documentation_SC056" time="0.0">
    <ignored/>
  </testcase> <!-- TC_Import_Documentation_SC056 -->
  <testcase classname="commonMethods.Testcases" name="TC_Cost_Activity_Report_TS020" time="0.0">
    <ignored/>
  </testcase> <!-- TC_Cost_Activity_Report_TS020 -->
  <testcase classname="commonMethods.Testcases" name="TC_Discharge_Reconciliation_MD55" time="0.0">
    <ignored/>
  </testcase> <!-- TC_Discharge_Reconciliation_MD55 -->
  <testcase classname="commonMethods.Testcases" name="TC_Schedule_Security_SS07" time="0.0">
    <ignored/>
  </testcase> <!-- TC_Schedule_Security_SS07 -->
  <testcase classname="commonMethods.Testcases" name="TC_Booking_SC061" time="0.0">
    <ignored/>
  </testcase> <!-- TC_Booking_SC061 -->
  <testcase classname="commonMethods.Testcases" name="TC_Ecommerce_Gateway_Validator_014" time="0.0">
    <ignored/>
  </testcase> <!-- TC_Ecommerce_Gateway_Validator_014 -->
  <testcase classname="commonMethods.Testcases" name="TC_Coastal_Schedule_CS15" time="0.0">
    <ignored/>
  </testcase> <!-- TC_Coastal_Schedule_CS15 -->
  <testcase classname="commonMethods.Testcases" name="TC_Vendor_Contracts_SC001" time="0.0">
    <ignored/>
  </testcase> <!-- TC_Vendor_Contracts_SC001 -->
  <testcase classname="commonMethods.Testcases" name="TC_Payable_Payment_PP22" time="0.0">
    <ignored/>
  </testcase> <!-- TC_Payable_Payment_PP22 -->
  <testcase classname="commonMethods.Testcases" name="TC_Delivery_Order_TS_013" time="0.0">
    <ignored/>
  </testcase> <!-- TC_Delivery_Order_TS_013 -->
  <testcase classname="commonMethods.Testcases" name="TC_Haulage_Contract_SC31" time="0.0">
    <ignored/>
  </testcase> <!-- TC_Haulage_Contract_SC31 -->
  <testcase classname="commonMethods.Testcases" name="TC_Transportation_Dispatch_Notice_SC_TDN_15" time="0.0">
    <ignored/>
  </testcase> <!-- TC_Transportation_Dispatch_Notice_SC_TDN_15 -->
  <testcase classname="commonMethods.Testcases" name="TC_Contract_Management_System_SC172" time="0.0">
    <ignored/>
  </testcase> <!-- TC_Contract_Management_System_SC172 -->
  <testcase classname="commonMethods.Testcases" name="TC_Contract_Management_System_SC061" time="0.0">
    <ignored/>
  </testcase> <!-- TC_Contract_Management_System_SC061 -->
  <testcase classname="commonMethods.Testcases" name="TC_Cost_Activity_Report_TS023" time="0.0">
    <ignored/>
  </testcase> <!-- TC_Cost_Activity_Report_TS023 -->
  <testcase classname="commonMethods.Testcases" name="TC_Booking_SC064" time="0.0">
    <ignored/>
  </testcase> <!-- TC_Booking_SC064 -->
  <testcase classname="commonMethods.Testcases" name="TC_Import_Documentation_SC059" time="0.0">
    <ignored/>
  </testcase> <!-- TC_Import_Documentation_SC059 -->
  <testcase classname="commonMethods.Testcases" name="TC_Contract_Management_System_SC021" time="0.0">
    <ignored/>
  </testcase> <!-- TC_Contract_Management_System_SC021 -->
  <testcase classname="commonMethods.Testcases" name="TC_Cost_Activity_Report_TS063" time="0.0">
    <ignored/>
  </testcase> <!-- TC_Cost_Activity_Report_TS063 -->
  <testcase classname="commonMethods.Testcases" name="TC_Contract_Management_System_SC132" time="0.0">
    <ignored/>
  </testcase> <!-- TC_Contract_Management_System_SC132 -->
  <testcase classname="commonMethods.Testcases" name="TC_Booking_SC024" time="0.0">
    <ignored/>
  </testcase> <!-- TC_Booking_SC024 -->
  <testcase classname="commonMethods.Testcases" name="TC_Import_Documentation_SC099" time="0.0">
    <ignored/>
  </testcase> <!-- TC_Import_Documentation_SC099 -->
  <testcase classname="commonMethods.Testcases" name="TC_Booking_SC135" time="0.0">
    <ignored/>
  </testcase> <!-- TC_Booking_SC135 -->
  <testcase classname="commonMethods.Testcases" name="TS_EMS_Contract_Registration_16" time="0.0">
    <ignored/>
  </testcase> <!-- TS_EMS_Contract_Registration_16 -->
  <testcase classname="commonMethods.Testcases" name="TC_Rate_Request_SC087" time="0.0">
    <ignored/>
  </testcase> <!-- TC_Rate_Request_SC087 -->
  <testcase classname="commonMethods.Testcases" name="TC_Movement_Entry_Integration_TS046" time="0.0">
    <ignored/>
  </testcase> <!-- TC_Movement_Entry_Integration_TS046 -->
  <testcase classname="commonMethods.Testcases" name="TC_Vendor_Invoice_Registration_SC20" time="0.0">
    <ignored/>
  </testcase> <!-- TC_Vendor_Invoice_Registration_SC20 -->
  <testcase classname="commonMethods.Testcases" name="TC_Rate_Request_SC09" time="0.0">
    <ignored/>
  </testcase> <!-- TC_Rate_Request_SC09 -->
  <testcase classname="commonMethods.Testcases" name="TC_EMS_EDI_Configuration_TS_001" time="0.0">
    <ignored/>
  </testcase> <!-- TC_EMS_EDI_Configuration_TS_001 -->
  <testcase classname="commonMethods.Testcases" name="TC_Ecommerce_Gateway_Validator_015" time="0.0">
    <ignored/>
  </testcase> <!-- TC_Ecommerce_Gateway_Validator_015 -->
  <testcase classname="commonMethods.Testcases" name="TC_Coastal_Schedule_CS16" time="0.0">
    <ignored/>
  </testcase> <!-- TC_Coastal_Schedule_CS16 -->
  <testcase classname="commonMethods.Testcases" name="TC_Contract_Management_System_SC242" time="0.0">
    <ignored/>
  </testcase> <!-- TC_Contract_Management_System_SC242 -->
  <testcase classname="commonMethods.Testcases" name="TC_Delivery_Order_TS_014" time="0.0">
    <ignored/>
  </testcase> <!-- TC_Delivery_Order_TS_014 -->
  <testcase classname="commonMethods.Testcases" name="TC_Vendor_Contracts_SC004" time="0.0">
    <ignored/>
  </testcase> <!-- TC_Vendor_Contracts_SC004 -->
  <testcase classname="commonMethods.Testcases" name="TC_Transportation_Dispatch_Notice_SC_TDN_12" time="0.0">
    <ignored/>
  </testcase> <!-- TC_Transportation_Dispatch_Notice_SC_TDN_12 -->
  <testcase classname="commonMethods.Testcases" name="TC_Contract_Management_System_SC171" time="0.0">
    <ignored/>
  </testcase> <!-- TC_Contract_Management_System_SC171 -->
  <testcase classname="commonMethods.Testcases" name="TC_Booking_SC067" time="0.0">
    <ignored/>
  </testcase> <!-- TC_Booking_SC067 -->
  <testcase classname="commonMethods.Testcases" name="TC_Import_Documentation_SC058" time="0.0">
    <ignored/>
  </testcase> <!-- TC_Import_Documentation_SC058 -->
  <testcase classname="commonMethods.Testcases" name="TC_Cost_Activity_Report_TS022" time="0.0">
    <ignored/>
  </testcase> <!-- TC_Cost_Activity_Report_TS022 -->
  <testcase classname="commonMethods.Testcases" name="TC_Cost_Activity_Report_TS062" time="0.0">
    <ignored/>
  </testcase> <!-- TC_Cost_Activity_Report_TS062 -->
  <testcase classname="commonMethods.Testcases" name="TC_Contract_Management_System_SC131" time="0.0">
    <ignored/>
  </testcase> <!-- TC_Contract_Management_System_SC131 -->
  <testcase classname="commonMethods.Testcases" name="TC_Booking_SC027" time="0.0">
    <ignored/>
  </testcase> <!-- TC_Booking_SC027 -->
  <testcase classname="commonMethods.Testcases" name="TC_Billing_Invoice_B13" time="0.0">
    <ignored/>
  </testcase> <!-- TC_Billing_Invoice_B13 -->
  <testcase classname="commonMethods.Testcases" name="TC_Import_Documentation_SC098" time="0.0">
    <ignored/>
  </testcase> <!-- TC_Import_Documentation_SC098 -->
  <testcase classname="commonMethods.Testcases" name="TC_Booking_SC134" time="0.0">
    <ignored/>
  </testcase> <!-- TC_Booking_SC134 -->
  <testcase classname="commonMethods.Testcases" name="TC_Rate_Request_SC088" time="0.0">
    <ignored/>
  </testcase> <!-- TC_Rate_Request_SC088 -->
  <testcase classname="commonMethods.Testcases" name="TC_Movement_Entry_Integration_TS045" time="0.0">
    <ignored/>
  </testcase> <!-- TC_Movement_Entry_Integration_TS045 -->
  <testcase classname="commonMethods.Testcases" name="TC_Discharge_Reconciliation_MD31B" time="0.0">
    <ignored/>
  </testcase> <!-- TC_Discharge_Reconciliation_MD31B -->
  <testcase classname="commonMethods.Testcases" name="TC_Import_Invoice_SC008A" time="0.0">
    <ignored/>
  </testcase> <!-- TC_Import_Invoice_SC008A -->
  <testcase classname="commonMethods.Testcases" name="TC_EMS_Contract_Registration_TS004" time="0.0">
    <ignored/>
  </testcase> <!-- TC_EMS_Contract_Registration_TS004 -->
  <testcase classname="commonMethods.Testcases" name="TC_DG_Creation_SC_019" time="0.0">
    <ignored/>
  </testcase> <!-- TC_DG_Creation_SC_019 -->
  <testcase classname="commonMethods.Testcases" name="TC_Email_To_Customers_006" time="0.0">
    <ignored/>
  </testcase> <!-- TC_Email_To_Customers_006 -->
  <testcase classname="commonMethods.Testcases" name="TC_PartBL_TC016" time="0.0">
    <ignored/>
  </testcase> <!-- TC_PartBL_TC016 -->
  <testcase classname="commonMethods.Testcases" name="TC_Vendor_Contracts_SC003" time="0.0">
    <ignored/>
  </testcase> <!-- TC_Vendor_Contracts_SC003 -->
  <testcase classname="commonMethods.Testcases" name="TC_Payable_Payment_PP20" time="0.0">
    <ignored/>
  </testcase> <!-- TC_Payable_Payment_PP20 -->
  <testcase classname="commonMethods.Testcases" name="TC_Contract_Management_System_SC241" time="0.0">
    <ignored/>
  </testcase> <!-- TC_Contract_Management_System_SC241 -->
  <testcase classname="commonMethods.Testcases" name="TC_Transportation_Dispatch_Notice_SC_TDN_13" time="0.0">
    <ignored/>
  </testcase> <!-- TC_Transportation_Dispatch_Notice_SC_TDN_13 -->
  <testcase classname="commonMethods.Testcases" name="TC_Cost_Activity_Report_TS025" time="0.0">
    <ignored/>
  </testcase> <!-- TC_Cost_Activity_Report_TS025 -->
  <testcase classname="commonMethods.Testcases" name="TC_Scale_In_TS_011" time="0.0">
    <ignored/>
  </testcase> <!-- TC_Scale_In_TS_011 -->
  <testcase classname="commonMethods.Testcases" name="TC_Billing_Invoice_B12" time="0.0">
    <ignored/>
  </testcase> <!-- TC_Billing_Invoice_B12 -->
  <testcase classname="commonMethods.Testcases" name="TC_Cost_Activity_Report_TS065" time="0.0">
    <ignored/>
  </testcase> <!-- TC_Cost_Activity_Report_TS065 -->
  <testcase classname="commonMethods.Testcases" name="TC_Vendor_Invoice_Registration_SC58" time="0.0">
    <ignored/>
  </testcase> <!-- TC_Vendor_Invoice_Registration_SC58 -->
  <testcase classname="commonMethods.Testcases" name="TC_Schedule_Security_SS04" time="0.0">
    <ignored/>
  </testcase> <!-- TC_Schedule_Security_SS04 -->
  <testcase classname="commonMethods.Testcases" name="TC_Vendor_Invoice_Registration_SC18" time="0.0">
    <ignored/>
  </testcase> <!-- TC_Vendor_Invoice_Registration_SC18 -->
  <testcase classname="commonMethods.Testcases" name="TS_EMS_Contract_Registration_14" time="0.0">
    <ignored/>
  </testcase> <!-- TS_EMS_Contract_Registration_14 -->
  <testcase classname="commonMethods.Testcases" name="TC_Rate_Request_SC089" time="0.0">
    <ignored/>
  </testcase> <!-- TC_Rate_Request_SC089 -->
  <testcase classname="commonMethods.Testcases" name="TC_Import_Invoice_SC019A" time="0.0">
    <ignored/>
  </testcase> <!-- TC_Import_Invoice_SC019A -->
  <testcase classname="commonMethods.Testcases" name="TC_DG_Creation_SC_018" time="0.0">
    <ignored/>
  </testcase> <!-- TC_DG_Creation_SC_018 -->
  <testcase classname="commonMethods.Testcases" name="TC_Coastal_Schedule_CS10" time="0.0">
    <ignored/>
  </testcase> <!-- TC_Coastal_Schedule_CS10 -->
  <testcase classname="commonMethods.Testcases" name="TC_EMS_Contract_Registration_TS005" time="0.0">
    <ignored/>
  </testcase> <!-- TC_EMS_Contract_Registration_TS005 -->
  <testcase classname="commonMethods.Testcases" name="TC_EMS_Contract_Registration_11_To_20" time="0.0">
    <ignored/>
  </testcase> <!-- TC_EMS_Contract_Registration_11_To_20 -->
  <testcase classname="commonMethods.Testcases" name="TC_DG_Creation_SC_058" time="0.0">
    <ignored/>
  </testcase> <!-- TC_DG_Creation_SC_058 -->
  <testcase classname="commonMethods.Testcases" name="TC_Email_To_Customers_005" time="0.0">
    <ignored/>
  </testcase> <!-- TC_Email_To_Customers_005 -->
  <testcase classname="commonMethods.Testcases" name="TC_PartBL_TC017" time="0.0">
    <ignored/>
  </testcase> <!-- TC_PartBL_TC017 -->
  <testcase classname="commonMethods.Testcases" name="TC_Cost_Activity_Report_TS024" time="0.0">
    <ignored/>
  </testcase> <!-- TC_Cost_Activity_Report_TS024 -->
  <testcase classname="commonMethods.Testcases" name="TC_Scale_In_TS_010" time="0.0">
    <ignored/>
  </testcase> <!-- TC_Scale_In_TS_010 -->
  <testcase classname="commonMethods.Testcases" name="TC_Booking_SC065" time="0.0">
    <ignored/>
  </testcase> <!-- TC_Booking_SC065 -->
  <testcase classname="commonMethods.Testcases" name="TC_Cost_Activity_Report_TS064" time="0.0">
    <ignored/>
  </testcase> <!-- TC_Cost_Activity_Report_TS064 -->
  <testcase classname="commonMethods.Testcases" name="TC_Booking_SC025" time="0.0">
    <ignored/>
  </testcase> <!-- TC_Booking_SC025 -->
  <testcase classname="commonMethods.Testcases" name="TC_Billing_Invoice_B11" time="0.0">
    <ignored/>
  </testcase> <!-- TC_Billing_Invoice_B11 -->
  <testcase classname="commonMethods.Testcases" name="TC_Discharge_Reconciliation_MD51" time="0.0">
    <ignored/>
  </testcase> <!-- TC_Discharge_Reconciliation_MD51 -->
  <testcase classname="commonMethods.Testcases" name="TC_Schedule_Security_SS03" time="0.0">
    <ignored/>
  </testcase> <!-- TC_Schedule_Security_SS03 -->
  <testcase classname="commonMethods.Testcases" name="TC_Vendor_Invoice_Registration_SC59" time="0.0">
    <ignored/>
  </testcase> <!-- TC_Vendor_Invoice_Registration_SC59 -->
  <testcase classname="commonMethods.Testcases" name="TS_EMS_Contract_Registration_17" time="0.0">
    <ignored/>
  </testcase> <!-- TS_EMS_Contract_Registration_17 -->
  <testcase classname="commonMethods.Testcases" name="TC_Discharge_Reconciliation_MD11" time="0.0">
    <ignored/>
  </testcase> <!-- TC_Discharge_Reconciliation_MD11 -->
  <testcase classname="commonMethods.Testcases" name="TC_Vendor_Invoice_Registration_SC19" time="0.0">
    <ignored/>
  </testcase> <!-- TC_Vendor_Invoice_Registration_SC19 -->
  <testcase classname="commonMethods.Testcases" name="TC_Coastal_Schedule_CS11" time="0.0">
    <ignored/>
  </testcase> <!-- TC_Coastal_Schedule_CS11 -->
  <testcase classname="commonMethods.Testcases" name="TC_PartBL_TC018" time="0.0">
    <ignored/>
  </testcase> <!-- TC_PartBL_TC018 -->
  <testcase classname="commonMethods.Testcases" name="TC_EMS_EDI_Configuration_TS_004" time="0.0">
    <ignored/>
  </testcase> <!-- TC_EMS_EDI_Configuration_TS_004 -->
  <testcase classname="commonMethods.Testcases" name="TC_Email_To_Customers_004" time="0.0">
    <ignored/>
  </testcase> <!-- TC_Email_To_Customers_004 -->
  <testcase classname="commonMethods.Testcases" name="TC_Import_Documentation_SC041" time="0.0">
    <ignored/>
  </testcase> <!-- TC_Import_Documentation_SC041 -->
  <testcase classname="commonMethods.Testcases" name="TC_Transportation_Dispatch_Notice_SC_TDN_11" time="0.0">
    <ignored/>
  </testcase> <!-- TC_Transportation_Dispatch_Notice_SC_TDN_11 -->
  <testcase classname="commonMethods.Testcases" name="TC_Import_Documentation_SC081" time="0.0">
    <ignored/>
  </testcase> <!-- TC_Import_Documentation_SC081 -->
  <testcase classname="commonMethods.Testcases" name="TC_Cost_Activity_Report_TS067" time="0.0">
    <ignored/>
  </testcase> <!-- TC_Cost_Activity_Report_TS067 -->
  <testcase classname="commonMethods.Testcases" name="TC_Scale_In_TS_013" time="0.0">
    <ignored/>
[...]
    <ignored/>
  </testcase> <!-- TC_Discharge_Reconciliation_MD30B -->
  <testcase classname="commonMethods.Testcases" name="TC_Ecommerce_Gateway_Validator_026" time="0.0">
    <ignored/>
  </testcase> <!-- TC_Ecommerce_Gateway_Validator_026 -->
  <testcase classname="commonMethods.Testcases" name="TC_PartBL_TC006" time="0.0">
    <ignored/>
  </testcase> <!-- TC_PartBL_TC006 -->
  <testcase classname="commonMethods.Testcases" name="TC_Invoice_Status_Report_SC038D" time="0.0">
    <ignored/>
  </testcase> <!-- TC_Invoice_Status_Report_SC038D -->
  <testcase classname="commonMethods.Testcases" name="TC_Agency_Master_TS017" time="0.0">
    <ignored/>
  </testcase> <!-- TC_Agency_Master_TS017 -->
  <testcase classname="commonMethods.Testcases" name="TC_Manifest_Correction_Notes_SC01" time="0.0">
    <ignored/>
  </testcase> <!-- TC_Manifest_Correction_Notes_SC01 -->
  <testcase classname="commonMethods.Testcases" name="TC_Cost_Activity_Report_TS035" time="0.0">
    <ignored/>
  </testcase> <!-- TC_Cost_Activity_Report_TS035 -->
  <testcase classname="commonMethods.Testcases" name="TC_Import_Documentation_SC047" time="0.0">
    <ignored/>
  </testcase> <!-- TC_Import_Documentation_SC047 -->
  <testcase classname="commonMethods.Testcases" name="TC_Cost_Activity_Report_TS075" time="0.0">
    <ignored/>
  </testcase> <!-- TC_Cost_Activity_Report_TS075 -->
  <testcase classname="commonMethods.Testcases" name="TC_Import_Documentation_SC087" time="0.0">
    <ignored/>
  </testcase> <!-- TC_Import_Documentation_SC087 -->
  <testcase classname="commonMethods.Testcases" name="TC_Discharge_Reconciliation_MD30A" time="0.0">
    <ignored/>
  </testcase> <!-- TC_Discharge_Reconciliation_MD30A -->
  <testcase classname="commonMethods.Testcases" name="TC_DG_Creation_SC_008" time="0.0">
    <ignored/>
  </testcase> <!-- TC_DG_Creation_SC_008 -->
  <testcase classname="commonMethods.Testcases" name="TC_DG_Creation_SC_048" time="0.0">
    <ignored/>
  </testcase> <!-- TC_DG_Creation_SC_048 -->
  <testcase classname="commonMethods.Testcases" name="TC_Endpoint_Configuration_TS01" time="0.0">
    <ignored/>
  </testcase> <!-- TC_Endpoint_Configuration_TS01 -->
  <testcase classname="commonMethods.Testcases" name="TC_Invoice_Status_Report_SC038C" time="0.0">
    <ignored/>
  </testcase> <!-- TC_Invoice_Status_Report_SC038C -->
  <testcase classname="commonMethods.Testcases" name="TC_Coastal_Schedule_CS04" time="0.0">
    <ignored/>
  </testcase> <!-- TC_Coastal_Schedule_CS04 -->
  <testcase classname="commonMethods.Testcases" name="TC_Delivery_Order_TS_002" time="0.0">
    <ignored/>
  </testcase> <!-- TC_Delivery_Order_TS_002 -->
  <testcase classname="commonMethods.Testcases" name="TC_Haulage_Contract_SC20" time="0.0">
    <ignored/>
  </testcase> <!-- TC_Haulage_Contract_SC20 -->
  <testcase classname="commonMethods.Testcases" name="TC_Manifest_Correction_Notes_SC02" time="0.0">
    <ignored/>
  </testcase> <!-- TC_Manifest_Correction_Notes_SC02 -->
  <testcase classname="commonMethods.Testcases" name="TC_Delivery_Order_TS_042" time="0.0">
    <ignored/>
  </testcase> <!-- TC_Delivery_Order_TS_042 -->
  <testcase classname="commonMethods.Testcases" name="TC_Coastal_Schedule_CS03_IP" time="0.0">
    <ignored/>
  </testcase> <!-- TC_Coastal_Schedule_CS03_IP -->
  <testcase classname="commonMethods.Testcases" name="TC_Booking_SC059" time="0.0">
    <ignored/>
  </testcase> <!-- TC_Booking_SC059 -->
  <testcase classname="commonMethods.Testcases" name="TC_Cost_Activity_Report_TS030" time="0.0">
    <ignored/>
  </testcase> <!-- TC_Cost_Activity_Report_TS030 -->
  <testcase classname="commonMethods.Testcases" name="TC_Detention_Waiver_TS_019" time="0.0">
    <ignored/>
  </testcase> <!-- TC_Detention_Waiver_TS_019 -->
  <testcase classname="commonMethods.Testcases" name="TC_Billing_Invoice_B01" time="0.0">
    <ignored/>
  </testcase> <!-- TC_Billing_Invoice_B01 -->
  <testcase classname="commonMethods.Testcases" name="TC_Vendor_Invoice_Registration_SC29" time="0.0">
    <ignored/>
  </testcase> <!-- TC_Vendor_Invoice_Registration_SC29 -->
  <testcase classname="commonMethods.Testcases" name="TC_DG_Creation_SC_007" time="0.0">
    <ignored/>
  </testcase> <!-- TC_DG_Creation_SC_007 -->
  <testcase classname="commonMethods.Testcases" name="TC_Endpoint_Configuration_TS04" time="0.0">
    <ignored/>
  </testcase> <!-- TC_Endpoint_Configuration_TS04 -->
  <testcase classname="commonMethods.Testcases" name="TC_Long_Term_Creation_LT14" time="0.0">
    <ignored/>
  </testcase> <!-- TC_Long_Term_Creation_LT14 -->
  <testcase classname="commonMethods.Testcases" name="TC_EDI_Tracker_SC005" time="0.0">
    <ignored/>
  </testcase> <!-- TC_EDI_Tracker_SC005 -->
  <testcase classname="commonMethods.Testcases" name="TC_CRO_SC012" time="0.0">
    <ignored/>
  </testcase> <!-- TC_CRO_SC012 -->
  <testcase classname="commonMethods.Testcases" name="TC_Coastal_Schedule_CS01" time="0.0">
    <ignored/>
  </testcase> <!-- TC_Coastal_Schedule_CS01 -->
  <testcase classname="commonMethods.Testcases" name="TC_DG_Creation_SC_047" time="0.0">
    <ignored/>
  </testcase> <!-- TC_DG_Creation_SC_047 -->
  <testcase classname="commonMethods.Testcases" name="TC_PartBL_TC008" time="0.0">
    <ignored/>
  </testcase> <!-- TC_PartBL_TC008 -->
  <testcase classname="commonMethods.Testcases" name="TC_Invoice_Status_Report_SC038B" time="0.0">
    <ignored/>
  </testcase> <!-- TC_Invoice_Status_Report_SC038B -->
  <testcase classname="commonMethods.Testcases" name="TC_EDI_Creation_TS_006" time="0.0">
    <ignored/>
  </testcase> <!-- TC_EDI_Creation_TS_006 -->
  <testcase classname="commonMethods.Testcases" name="TC_Manifest_Correction_Notes_SC07" time="0.0">
    <ignored/>
  </testcase> <!-- TC_Manifest_Correction_Notes_SC07 -->
  <testcase classname="commonMethods.Testcases" name="TC_Detention_Waiver_TS_042" time="0.0">
    <ignored/>
  </testcase> <!-- TC_Detention_Waiver_TS_042 -->
  <testcase classname="commonMethods.Testcases" name="TC_Import_Documentation_SC031" time="0.0">
    <ignored/>
  </testcase> <!-- TC_Import_Documentation_SC031 -->
  <testcase classname="commonMethods.Testcases" name="TC_Delivery_Order_TS_047" time="0.0">
    <ignored/>
  </testcase> <!-- TC_Delivery_Order_TS_047 -->
  <testcase classname="commonMethods.Testcases" name="TC_Agency_Master_TS015" time="0.0">
    <ignored/>
  </testcase> <!-- TC_Agency_Master_TS015 -->
  <testcase classname="commonMethods.Testcases" name="TC_Import_Documentation_SC071" time="0.0">
    <ignored/>
  </testcase> <!-- TC_Import_Documentation_SC071 -->
  <testcase classname="commonMethods.Testcases" name="TC_Long_Term_Creation_LT13_LT17" time="0.0">
    <ignored/>
  </testcase> <!-- TC_Long_Term_Creation_LT13_LT17 -->
  <testcase classname="commonMethods.Testcases" name="TC_Vendor_Contracts_SC011" time="0.0">
    <ignored/>
  </testcase> <!-- TC_Vendor_Contracts_SC011 -->
  <testcase classname="commonMethods.Testcases" name="TC_Cost_Activity_Report_TS077" time="0.0">
    <ignored/>
  </testcase> <!-- TC_Cost_Activity_Report_TS077 -->
  <testcase classname="commonMethods.Testcases" name="TC_Booking_SC098" time="0.0">
    <ignored/>
  </testcase> <!-- TC_Booking_SC098 -->
  <testcase classname="commonMethods.Testcases" name="TC_Contract_Management_System_SC071" time="0.0">
    <ignored/>
  </testcase> <!-- TC_Contract_Management_System_SC071 -->
  <testcase classname="commonMethods.Testcases" name="TC_Haulage_Contract_SC18" time="0.0">
    <ignored/>
  </testcase> <!-- TC_Haulage_Contract_SC18 -->
  <testcase classname="commonMethods.Testcases" name="TC_Contract_Management_System_SC186" time="0.0">
    <ignored/>
  </testcase> <!-- TC_Contract_Management_System_SC186 -->
  <testcase classname="commonMethods.Testcases" name="TC_Booking_SC058" time="0.0">
    <ignored/>
  </testcase> <!-- TC_Booking_SC058 -->
  <testcase classname="commonMethods.Testcases" name="TC_Contract_Management_System_SC031" time="0.0">
    <ignored/>
  </testcase> <!-- TC_Contract_Management_System_SC031 -->
  <testcase classname="commonMethods.Testcases" name="TC_Haulage_Contract_SC58" time="0.0">
    <ignored/>
  </testcase> <!-- TC_Haulage_Contract_SC58 -->
  <testcase classname="commonMethods.Testcases" name="TC_Vendor_Invoice_Registration_SC26" time="0.0">
    <ignored/>
  </testcase> <!-- TC_Vendor_Invoice_Registration_SC26 -->
  <testcase classname="commonMethods.Testcases" name="TC_EDI_Tracker_SC004" time="0.0">
    <ignored/>
  </testcase> <!-- TC_EDI_Tracker_SC004 -->
  <testcase classname="commonMethods.Testcases" name="TC_Schedule_Security_SS09" time="0.0">
    <ignored/>
  </testcase> <!-- TC_Schedule_Security_SS09 -->
  <testcase classname="commonMethods.Testcases" name="TC_Ecommerce_Gateway_Validator_021" time="0.0">
    <ignored/>
  </testcase> <!-- TC_Ecommerce_Gateway_Validator_021 -->
  <testcase classname="commonMethods.Testcases" name="TC_Long_Term_Creation_LT13" time="0.0">
    <ignored/>
  </testcase> <!-- TC_Long_Term_Creation_LT13 -->
  <testcase classname="commonMethods.Testcases" name="TC_CRO_SC013" time="0.0">
    <ignored/>
  </testcase> <!-- TC_CRO_SC013 -->
  <testcase classname="commonMethods.Testcases" name="TC_Invoice_Status_Report_SC038A" time="0.0">
    <ignored/>
  </testcase> <!-- TC_Invoice_Status_Report_SC038A -->
  <testcase classname="commonMethods.Testcases" name="TC_EDI_Creation_TS_005" time="0.0">
    <ignored/>
  </testcase> <!-- TC_EDI_Creation_TS_005 -->
  <testcase classname="commonMethods.Testcases" name="TC_PartBL_TC005" time="0.0">
    <ignored/>
  </testcase> <!-- TC_PartBL_TC005 -->
  <testcase classname="commonMethods.Testcases" name="TC_Detention_Waiver_TS_043" time="0.0">
    <ignored/>
  </testcase> <!-- TC_Detention_Waiver_TS_043 -->
  <testcase classname="commonMethods.Testcases" name="TC_Import_Documentation_SC030" time="0.0">
    <ignored/>
  </testcase> <!-- TC_Import_Documentation_SC030 -->
  <testcase classname="commonMethods.Testcases" name="TC_Manifest_Correction_Notes_SC08" time="0.0">
    <ignored/>
  </testcase> <!-- TC_Manifest_Correction_Notes_SC08 -->
  <testcase classname="commonMethods.Testcases" name="TC_Delivery_Order_TS_044" time="0.0">
    <ignored/>
  </testcase> <!-- TC_Delivery_Order_TS_044 -->
  <testcase classname="commonMethods.Testcases" name="TC_Coastal_Schedule_CS02G_IP" time="0.0">
    <ignored/>
  </testcase> <!-- TC_Coastal_Schedule_CS02G_IP -->
  <testcase classname="commonMethods.Testcases" name="TC_Import_Documentation_SC070" time="0.0">
    <ignored/>
  </testcase> <!-- TC_Import_Documentation_SC070 -->
  <testcase classname="commonMethods.Testcases" name="TC_Detention_Waiver_TS_003" time="0.0">
    <ignored/>
  </testcase> <!-- TC_Detention_Waiver_TS_003 -->
  <testcase classname="commonMethods.Testcases" name="TC_Vendor_Contracts_SC010" time="0.0">
    <ignored/>
  </testcase> <!-- TC_Vendor_Contracts_SC010 -->
  <testcase classname="commonMethods.Testcases" name="TC_Haulage_Contract_SC19" time="0.0">
    <ignored/>
  </testcase> <!-- TC_Haulage_Contract_SC19 -->
  <testcase classname="commonMethods.Testcases" name="TC_Contract_Management_System_SC181" time="0.0">
    <ignored/>
  </testcase> <!-- TC_Contract_Management_System_SC181 -->
  <testcase classname="commonMethods.Testcases" name="TC_Booking_SC097" time="0.0">
    <ignored/>
  </testcase> <!-- TC_Booking_SC097 -->
  <testcase classname="commonMethods.Testcases" name="TC_Contract_Management_System_SC070" time="0.0">
    <ignored/>
  </testcase> <!-- TC_Contract_Management_System_SC070 -->
  <testcase classname="commonMethods.Testcases" name="TC_Import_Invoice_SC012F" time="0.0">
    <ignored/>
  </testcase> <!-- TC_Import_Invoice_SC012F -->
  <testcase classname="commonMethods.Testcases" name="TC_Contract_Management_System_SC030" time="0.0">
    <ignored/>
  </testcase> <!-- TC_Contract_Management_System_SC030 -->
  <testcase classname="commonMethods.Testcases" name="TC_Haulage_Contract_SC59" time="0.0">
    <ignored/>
  </testcase> <!-- TC_Haulage_Contract_SC59 -->
  <testcase classname="commonMethods.Testcases" name="TC_Contract_Management_System_SC141" time="0.0">
    <ignored/>
  </testcase> <!-- TC_Contract_Management_System_SC141 -->
  <testcase classname="commonMethods.Testcases" name="TC_Booking_SC057" time="0.0">
    <ignored/>
  </testcase> <!-- TC_Booking_SC057 -->
  <testcase classname="commonMethods.Testcases" name="TC_Ecommerce_Gateway_Validator_022" time="0.0">
    <ignored/>
  </testcase> <!-- TC_Ecommerce_Gateway_Validator_022 -->
  <testcase classname="commonMethods.Testcases" name="TC_CRO_SC010" time="0.0">
    <ignored/>
  </testcase> <!-- TC_CRO_SC010 -->
  <testcase classname="commonMethods.Testcases" name="TC_EMS_Contract_Billing_Generation_70" time="0.0">
    <ignored/>
  </testcase> <!-- TC_EMS_Contract_Billing_Generation_70 -->
  <testcase classname="commonMethods.Testcases" name="TC_DG_Creation_SC_009" time="0.0">
    <ignored/>
  </testcase> <!-- TC_DG_Creation_SC_009 -->
  <testcase classname="commonMethods.Testcases" name="TC_Endpoint_Configuration_TS02" time="0.0">
    <ignored/>
  </testcase> <!-- TC_Endpoint_Configuration_TS02 -->
  <testcase classname="commonMethods.Testcases" name="TC_PartBL_TC002" time="0.0">
    <ignored/>
  </testcase> <!-- TC_PartBL_TC002 -->
  <testcase classname="commonMethods.Testcases" name="TC_DG_Creation_SC_049" time="0.0">
    <ignored/>
  </testcase> <!-- TC_DG_Creation_SC_049 -->
  <testcase classname="commonMethods.Testcases" name="TC_Contract_Management_System_SC251" time="0.0">
    <ignored/>
  </testcase> <!-- TC_Contract_Management_System_SC251 -->
  <testcase classname="commonMethods.Testcases" name="TC_Delivery_Order_TS_001" time="0.0">
    <ignored/>
  </testcase> <!-- TC_Delivery_Order_TS_001 -->
  <testcase classname="commonMethods.Testcases" name="TC_Manifest_Correction_Notes_SC05" time="0.0">
    <ignored/>
  </testcase> <!-- TC_Manifest_Correction_Notes_SC05 -->
  <testcase classname="commonMethods.Testcases" name="TC_Rate_Request_SC14" time="0.0">
    <ignored/>
  </testcase> <!-- TC_Rate_Request_SC14 -->
  <testcase classname="commonMethods.Testcases" name="TC_Delivery_Order_TS_041" time="0.0">
    <ignored/>
  </testcase> <!-- TC_Delivery_Order_TS_041 -->
  <testcase classname="commonMethods.Testcases" name="TC_Transportation_Dispatch_Notice_SC_TDN_03" time="0.0">
    <ignored/>
  </testcase> <!-- TC_Transportation_Dispatch_Notice_SC_TDN_03 -->
  <testcase classname="commonMethods.Testcases" name="TC_Agency_Master_TS013" time="0.0">
    <ignored/>
  </testcase> <!-- TC_Agency_Master_TS013 -->
  <testcase classname="commonMethods.Testcases" name="TC_Contract_Management_System_SC073" time="0.0">
    <ignored/>
  </testcase> <!-- TC_Contract_Management_System_SC073 -->
  <testcase classname="commonMethods.Testcases" name="TC_Cost_Activity_Report_TS079" time="0.0">
    <ignored/>
  </testcase> <!-- TC_Cost_Activity_Report_TS079 -->
  <testcase classname="commonMethods.Testcases" name="TC_Contract_Management_System_SC180" time="0.0">
    <ignored/>
  </testcase> <!-- TC_Contract_Management_System_SC180 -->
  <testcase classname="commonMethods.Testcases" name="TC_Discharge_Reconciliation_MD68" time="0.0">
    <ignored/>
  </testcase> <!-- TC_Discharge_Reconciliation_MD68 -->
  <testcase classname="commonMethods.Testcases" name="TC_Import_Invoice_SC012E" time="0.0">
    <ignored/>
  </testcase> <!-- TC_Import_Invoice_SC012E -->
  <testcase classname="commonMethods.Testcases" name="TC_Contract_Management_System_SC140" time="0.0">
    <ignored/>
  </testcase> <!-- TC_Contract_Management_System_SC140 -->
  <testcase classname="commonMethods.Testcases" name="TC_Discharge_Reconciliation_MD28" time="0.0">
    <ignored/>
  </testcase> <!-- TC_Discharge_Reconciliation_MD28 -->
  <testcase classname="commonMethods.Testcases" name="TC_Vendor_Invoice_Registration_SC28" time="0.0">
    <ignored/>
  </testcase> <!-- TC_Vendor_Invoice_Registration_SC28 -->
  <testcase classname="commonMethods.Testcases" name="TC_Import_Invoice_SC018" time="0.0">
    <ignored/>
  </testcase> <!-- TC_Import_Invoice_SC018 -->
  <testcase classname="commonMethods.Testcases" name="TC_Ports_SC012" time="0.0">
    <ignored/>
  </testcase> <!-- TC_Ports_SC012 -->
  <testcase classname="commonMethods.Testcases" name="TC_Endpoint_Configuration_TS05" time="0.0">
    <ignored/>
  </testcase> <!-- TC_Endpoint_Configuration_TS05 -->
  <testcase classname="commonMethods.Testcases" name="TC_CRO_SC011" time="0.0">
    <ignored/>
  </testcase> <!-- TC_CRO_SC011 -->
  <testcase classname="commonMethods.Testcases" name="TC_PartBL_TC007" time="0.0">
    <ignored/>
  </testcase> <!-- TC_PartBL_TC007 -->
  <testcase classname="commonMethods.Testcases" name="TC_DG_Creation_SC_004" time="0.0">
    <ignored/>
  </testcase> <!-- TC_DG_Creation_SC_004 -->
  <testcase classname="commonMethods.Testcases" name="TC_Ecommerce_Gateway_Validator_027" time="0.0">
    <ignored/>
  </testcase> <!-- TC_Ecommerce_Gateway_Validator_027 -->
  <testcase classname="commonMethods.Testcases" name="TC_Contract_Management_System_SC250" time="0.0">
    <ignored/>
  </testcase> <!-- TC_Contract_Management_System_SC250 -->
  <testcase classname="commonMethods.Testcases" name="TC_Manifest_Correction_Notes_SC06" time="0.0">
    <ignored/>
  </testcase> <!-- TC_Manifest_Correction_Notes_SC06 -->
  <testcase classname="commonMethods.Testcases" name="TC_Delivery_Order_TS_046" time="0.0">
    <ignored/>
  </testcase> <!-- TC_Delivery_Order_TS_046 -->
  <testcase classname="commonMethods.Testcases" name="TC_Discharge_Confirmation_SC_DC_01" time="0.0">
    <ignored/>
  </testcase> <!-- TC_Discharge_Confirmation_SC_DC_01 -->
  <testcase classname="commonMethods.Testcases" name="TC_Agency_Master_TS016" time="0.0">
    <ignored/>
  </testcase> <!-- TC_Agency_Master_TS016 -->
  <testcase classname="commonMethods.Testcases" name="TC_Transportation_Dispatch_Notice_SC_TDN_04" time="0.0">
    <ignored/>
  </testcase> <!-- TC_Transportation_Dispatch_Notice_SC_TDN_04 -->
  <testcase classname="commonMethods.Testcases" name="TC_Vendor_Contracts_SC009" time="0.0">
    <ignored/>
  </testcase> <!-- TC_Vendor_Contracts_SC009 -->
  <testcase classname="commonMethods.Testcases" name="TC_Contract_Management_System_SC183" time="0.0">
    <ignored/>
  </testcase> <!-- TC_Contract_Management_System_SC183 -->
  <testcase classname="commonMethods.Testcases" name="TC_Contract_Management_System_SC072" time="0.0">
    <ignored/>
  </testcase> <!-- TC_Contract_Management_System_SC072 -->
  <testcase classname="commonMethods.Testcases" name="TC_Cost_Activity_Report_TS034" time="0.0">
    <ignored/>
  </testcase> <!-- TC_Cost_Activity_Report_TS034 -->
  <testcase classname="commonMethods.Testcases" name="TC_Proforma_Service_Creation_PC05_I" time="0.0">
    <ignored/>
  </testcase> <!-- TC_Proforma_Service_Creation_PC05_I -->
  <testcase classname="commonMethods.Testcases" name="TC_Discharge_Reconciliation_MD69" time="0.0">
    <ignored/>
  </testcase> <!-- TC_Discharge_Reconciliation_MD69 -->
  <testcase classname="commonMethods.Testcases" name="TC_Contract_Management_System_SC032" time="0.0">
    <ignored/>
  </testcase> <!-- TC_Contract_Management_System_SC032 -->
  <testcase classname="commonMethods.Testcases" name="TC_Cost_Activity_Report_TS074" time="0.0">
    <ignored/>
  </testcase> <!-- TC_Cost_Activity_Report_TS074 -->
  <testcase classname="commonMethods.Testcases" name="TC_Contract_Management_System_SC143" time="0.0">
    <ignored/>
  </testcase> <!-- TC_Contract_Management_System_SC143 -->
  <testcase classname="commonMethods.Testcases" name="TC_Discharge_Reconciliation_MD29" time="0.0">
    <ignored/>
  </testcase> <!-- TC_Discharge_Reconciliation_MD29 -->
  <testcase classname="commonMethods.Testcases" name="TC_Vendor_Invoice_Registration_SC25" time="0.0">
    <ignored/>
  </testcase> <!-- TC_Vendor_Invoice_Registration_SC25 -->
</testsuite> <!-- Test -->
