<?xml version="1.0" encoding="UTF-8"?>
<!-- Generated by org.testng.reporters.JUnitReportReporter -->
<testsuite hostname="DESKTOP-GTAMFC4" failures="0" tests="2118" name="commonMethods.Testcases" time="234.962" errors="0" timestamp="2025-07-13T02:26:42 IST" skipped="2117">
  <testcase classname="commonMethods.Testcases" name="TC_Charge_Detail_Report_SC041C" time="234.962"/>
  <testcase classname="commonMethods.Testcases" name="TC_PartBL_TC014">
    <skipped/>
  </testcase> <!-- TC_PartBL_TC014 -->
  <testcase classname="commonMethods.Testcases" name="TC_Un_Invoiced_BL_Report_SC039E">
    <skipped/>
  </testcase> <!-- TC_Un_Invoiced_BL_Report_SC039E -->
  <testcase classname="commonMethods.Testcases" name="TC_DG_Creation_SC_003">
    <skipped/>
  </testcase> <!-- TC_DG_Creation_SC_003 -->
  <testcase classname="commonMethods.Testcases" name="TC_Rate_Request_SC090">
    <skipped/>
  </testcase> <!-- TC_Rate_Request_SC090 -->
  <testcase classname="commonMethods.Testcases" name="TC_Import_Documentation_SC085">
    <skipped/>
  </testcase> <!-- TC_Import_Documentation_SC085 -->
  <testcase classname="commonMethods.Testcases" name="TC_EMS_EDI_Configuration_TS_008">
    <skipped/>
  </testcase> <!-- TC_EMS_EDI_Configuration_TS_008 -->
  <testcase classname="commonMethods.Testcases" name="TC_Ecommerce_Notification_SC002">
    <skipped/>
  </testcase> <!-- TC_Ecommerce_Notification_SC002 -->
  <testcase classname="commonMethods.Testcases" name="TC_Feeder_Contract_SC51">
    <skipped/>
  </testcase> <!-- TC_Feeder_Contract_SC51 -->
  <testcase classname="commonMethods.Testcases" name="TC_Discharge_Reconciliation_MD16">
    <skipped/>
  </testcase> <!-- TC_Discharge_Reconciliation_MD16 -->
  <testcase classname="commonMethods.Testcases" name="TC_Rate_Request_SC42">
    <skipped/>
  </testcase> <!-- TC_Rate_Request_SC42 -->
  <testcase classname="commonMethods.Testcases" name="TC_Contract_Management_System_SC075">
    <skipped/>
  </testcase> <!-- TC_Contract_Management_System_SC075 -->
  <testcase classname="commonMethods.Testcases" name="TC_Journal_Upload_JU04">
    <skipped/>
  </testcase> <!-- TC_Journal_Upload_JU04 -->
  <testcase classname="commonMethods.Testcases" name="TC_Payable_Payment_PP19">
    <skipped/>
  </testcase> <!-- TC_Payable_Payment_PP19 -->
  <testcase classname="commonMethods.Testcases" name="TC_ScaleIn_ScaleOut_Reference_TS21_to_TS32_I">
    <skipped/>
  </testcase> <!-- TC_ScaleIn_ScaleOut_Reference_TS21_to_TS32_I -->
  <testcase classname="commonMethods.Testcases" name="TC_PartBL_TC015">
    <skipped/>
  </testcase> <!-- TC_PartBL_TC015 -->
  <testcase classname="commonMethods.Testcases" name="TC_Un_Invoiced_BL_Report_SC039D">
    <skipped/>
  </testcase> <!-- TC_Un_Invoiced_BL_Report_SC039D -->
  <testcase classname="commonMethods.Testcases" name="TC_Rate_Request_SC091">
    <skipped/>
  </testcase> <!-- TC_Rate_Request_SC091 -->
  <testcase classname="commonMethods.Testcases" name="TC_Global_Configuration_SC027">
    <skipped/>
  </testcase> <!-- TC_Global_Configuration_SC027 -->
  <testcase classname="commonMethods.Testcases" name="TC_DG_Creation_SC_006">
    <skipped/>
  </testcase> <!-- TC_DG_Creation_SC_006 -->
  <testcase classname="commonMethods.Testcases" name="TC_EMS_EDI_Configuration_TS_009">
    <skipped/>
  </testcase> <!-- TC_EMS_EDI_Configuration_TS_009 -->
  <testcase classname="commonMethods.Testcases" name="TC_Ecommerce_Notification_SC001">
    <skipped/>
  </testcase> <!-- TC_Ecommerce_Notification_SC001 -->
  <testcase classname="commonMethods.Testcases" name="TC_Import_Documentation_SC040">
    <skipped/>
  </testcase> <!-- TC_Import_Documentation_SC040 -->
  <testcase classname="commonMethods.Testcases" name="TC_Import_Documentation_SC080">
    <skipped/>
  </testcase> <!-- TC_Import_Documentation_SC080 -->
  <testcase classname="commonMethods.Testcases" name="TC_Discharge_Reconciliation_MD13">
    <skipped/>
  </testcase> <!-- TC_Discharge_Reconciliation_MD13 -->
  <testcase classname="commonMethods.Testcases" name="TC_Rate_Request_SC41">
    <skipped/>
  </testcase> <!-- TC_Rate_Request_SC41 -->
  <testcase classname="commonMethods.Testcases" name="TC_Discharge_Reconciliation_MD09C">
    <skipped/>
  </testcase> <!-- TC_Discharge_Reconciliation_MD09C -->
  <testcase classname="commonMethods.Testcases" name="TC_Contract_Management_System_SC185">
    <skipped/>
  </testcase> <!-- TC_Contract_Management_System_SC185 -->
  <testcase classname="commonMethods.Testcases" name="TC_Contract_Management_System_SC074">
    <skipped/>
  </testcase> <!-- TC_Contract_Management_System_SC074 -->
  <testcase classname="commonMethods.Testcases" name="TC_Import_Invoice_SC015">
    <skipped/>
  </testcase> <!-- TC_Import_Invoice_SC015 -->
  <testcase classname="commonMethods.Testcases" name="TC_Scale_In_TS_023_IP">
    <skipped/>
  </testcase> <!-- TC_Scale_In_TS_023_IP -->
  <testcase classname="commonMethods.Testcases" name="TC_Journal_Upload_JU03">
    <skipped/>
  </testcase> <!-- TC_Journal_Upload_JU03 -->
  <testcase classname="commonMethods.Testcases" name="TC_Un_Invoiced_BL_Report_SC039C">
    <skipped/>
  </testcase> <!-- TC_Un_Invoiced_BL_Report_SC039C -->
  <testcase classname="commonMethods.Testcases" name="TC_Discharge_Reconciliation_MD30D">
    <skipped/>
  </testcase> <!-- TC_Discharge_Reconciliation_MD30D -->
  <testcase classname="commonMethods.Testcases" name="TC_Vendor_Invoice_Registration_SC61">
    <skipped/>
  </testcase> <!-- TC_Vendor_Invoice_Registration_SC61 -->
  <testcase classname="commonMethods.Testcases" name="TC_Payable_Payment_PP18">
    <skipped/>
  </testcase> <!-- TC_Payable_Payment_PP18 -->
  <testcase classname="commonMethods.Testcases" name="TC_Vendor_Invoice_Registration_SC21">
    <skipped/>
  </testcase> <!-- TC_Vendor_Invoice_Registration_SC21 -->
  <testcase classname="commonMethods.Testcases" name="TC_DG_Creation_SC_005">
    <skipped/>
  </testcase> <!-- TC_DG_Creation_SC_005 -->
  <testcase classname="commonMethods.Testcases" name="TC_Rate_Request_SC092">
    <skipped/>
  </testcase> <!-- TC_Rate_Request_SC092 -->
  <testcase classname="commonMethods.Testcases" name="TC_EMS_Contract_Billing_Generation_44">
    <skipped/>
  </testcase> <!-- TC_EMS_Contract_Billing_Generation_44 -->
  <testcase classname="commonMethods.Testcases" name="TC_EMS_EDI_Configuration_TS_006">
    <skipped/>
  </testcase> <!-- TC_EMS_EDI_Configuration_TS_006 -->
  <testcase classname="commonMethods.Testcases" name="TC_Ecommerce_Notification_SC004">
    <skipped/>
  </testcase> <!-- TC_Ecommerce_Notification_SC004 -->
  <testcase classname="commonMethods.Testcases" name="TC_Feeder_Contract_SC53">
    <skipped/>
  </testcase> <!-- TC_Feeder_Contract_SC53 -->
  <testcase classname="commonMethods.Testcases" name="TC_Movement_Entry_TS_016">
    <skipped/>
  </testcase> <!-- TC_Movement_Entry_TS_016 -->
  <testcase classname="commonMethods.Testcases" name="TC_Booking_SC022">
    <skipped/>
  </testcase> <!-- TC_Booking_SC022 -->
  <testcase classname="commonMethods.Testcases" name="TC_Booking_SC133">
    <skipped/>
  </testcase> <!-- TC_Booking_SC133 -->
  <testcase classname="commonMethods.Testcases" name="TC_Discharge_Reconciliation_MD14">
    <skipped/>
  </testcase> <!-- TC_Discharge_Reconciliation_MD14 -->
  <testcase classname="commonMethods.Testcases" name="TC_Contract_Management_System_SC077">
    <skipped/>
  </testcase> <!-- TC_Contract_Management_System_SC077 -->
  <testcase classname="commonMethods.Testcases" name="TC_Delivery_Order_TS_004">
    <skipped/>
  </testcase> <!-- TC_Delivery_Order_TS_004 -->
  <testcase classname="commonMethods.Testcases" name="TC_Contract_Management_System_SC184">
    <skipped/>
  </testcase> <!-- TC_Contract_Management_System_SC184 -->
  <testcase classname="commonMethods.Testcases" name="TC_Movement_Entry_Integration_TS048">
    <skipped/>
  </testcase> <!-- TC_Movement_Entry_Integration_TS048 -->
  <testcase classname="commonMethods.Testcases" name="TC_Journal_Upload_JU06">
    <skipped/>
  </testcase> <!-- TC_Journal_Upload_JU06 -->
  <testcase classname="commonMethods.Testcases" name="TC_Un_Invoiced_BL_Report_SC039B">
    <skipped/>
  </testcase> <!-- TC_Un_Invoiced_BL_Report_SC039B -->
  <testcase classname="commonMethods.Testcases" name="TC_Discharge_Reconciliation_MD30C">
    <skipped/>
  </testcase> <!-- TC_Discharge_Reconciliation_MD30C -->
  <testcase classname="commonMethods.Testcases" name="TC_Payable_Payment_PP17">
    <skipped/>
  </testcase> <!-- TC_Payable_Payment_PP17 -->
  <testcase classname="commonMethods.Testcases" name="TC_Vendor_Invoice_Registration_SC62">
    <skipped/>
  </testcase> <!-- TC_Vendor_Invoice_Registration_SC62 -->
  <testcase classname="commonMethods.Testcases" name="TC_Coastal_CS03_Long_Term_LT12_IP">
    <skipped/>
  </testcase> <!-- TC_Coastal_CS03_Long_Term_LT12_IP -->
  <testcase classname="commonMethods.Testcases" name="TC_Rate_Request_SC093">
    <skipped/>
  </testcase> <!-- TC_Rate_Request_SC093 -->
  <testcase classname="commonMethods.Testcases" name="TC_Vendor_Invoice_Registration_SC22">
    <skipped/>
  </testcase> <!-- TC_Vendor_Invoice_Registration_SC22 -->
  <testcase classname="commonMethods.Testcases" name="TC_EMS_EDI_Configuration_TS_007">
    <skipped/>
  </testcase> <!-- TC_EMS_EDI_Configuration_TS_007 -->
  <testcase classname="commonMethods.Testcases" name="TC_Ecommerce_Notification_SC003">
    <skipped/>
  </testcase> <!-- TC_Ecommerce_Notification_SC003 -->
  <testcase classname="commonMethods.Testcases" name="TC_Import_Documentation_SC042">
    <skipped/>
  </testcase> <!-- TC_Import_Documentation_SC042 -->
  <testcase classname="commonMethods.Testcases" name="TC_Import_Documentation_SC082">
    <skipped/>
  </testcase> <!-- TC_Import_Documentation_SC082 -->
  <testcase classname="commonMethods.Testcases" name="TC_Feeder_Contract_SC50">
    <skipped/>
  </testcase> <!-- TC_Feeder_Contract_SC50 -->
  <testcase classname="commonMethods.Testcases" name="TC_Booking_SC132">
    <skipped/>
  </testcase> <!-- TC_Booking_SC132 -->
  <testcase classname="commonMethods.Testcases" name="TC_Discharge_Reconciliation_MD59">
    <skipped/>
  </testcase> <!-- TC_Discharge_Reconciliation_MD59 -->
  <testcase classname="commonMethods.Testcases" name="TC_DG_Creation_SC_080">
    <skipped/>
  </testcase> <!-- TC_DG_Creation_SC_080 -->
  <testcase classname="commonMethods.Testcases" name="TC_Delivery_Order_TS_005">
    <skipped/>
  </testcase> <!-- TC_Delivery_Order_TS_005 -->
  <testcase classname="commonMethods.Testcases" name="TC_Discharge_Reconciliation_MD19">
    <skipped/>
  </testcase> <!-- TC_Discharge_Reconciliation_MD19 -->
  <testcase classname="commonMethods.Testcases" name="TC_Contract_Management_System_SC187">
    <skipped/>
  </testcase> <!-- TC_Contract_Management_System_SC187 -->
  <testcase classname="commonMethods.Testcases" name="TC_Contract_Management_System_SC076">
    <skipped/>
  </testcase> <!-- TC_Contract_Management_System_SC076 -->
  <testcase classname="commonMethods.Testcases" name="TC_Scale_In_TS_008">
    <skipped/>
  </testcase> <!-- TC_Scale_In_TS_008 -->
  <testcase classname="commonMethods.Testcases" name="TC_Movement_Entry_Integration_TS047">
    <skipped/>
  </testcase> <!-- TC_Movement_Entry_Integration_TS047 -->
  <testcase classname="commonMethods.Testcases" name="TC_Journal_Upload_JU05">
    <skipped/>
  </testcase> <!-- TC_Journal_Upload_JU05 -->
  <testcase classname="commonMethods.Testcases" name="TC_Vendor_Invoice_Registration_SC63">
    <skipped/>
  </testcase> <!-- TC_Vendor_Invoice_Registration_SC63 -->
  <testcase classname="commonMethods.Testcases" name="TC_Vendor_Invoice_Registration_SC23">
    <skipped/>
  </testcase> <!-- TC_Vendor_Invoice_Registration_SC23 -->
  <testcase classname="commonMethods.Testcases" name="TC_ECOM_KYC_Details_SC001">
    <skipped/>
  </testcase> <!-- TC_ECOM_KYC_Details_SC001 -->
  <testcase classname="commonMethods.Testcases" name="TC_EMS_Contract_Billing_Generation_86">
    <skipped/>
  </testcase> <!-- TC_EMS_Contract_Billing_Generation_86 -->
  <testcase classname="commonMethods.Testcases" name="TC_Detention_Waiver_TS_026">
    <skipped/>
  </testcase> <!-- TC_Detention_Waiver_TS_026 -->
  <testcase classname="commonMethods.Testcases" name="TC_Booking_SC020">
    <skipped/>
  </testcase> <!-- TC_Booking_SC020 -->
  <testcase classname="commonMethods.Testcases" name="TC_Booking_SC131">
    <skipped/>
  </testcase> <!-- TC_Booking_SC131 -->
  <testcase classname="commonMethods.Testcases" name="TC_Scale_In_TS_007">
    <skipped/>
  </testcase> <!-- TC_Scale_In_TS_007 -->
  <testcase classname="commonMethods.Testcases" name="TC_Ports_SC010">
    <skipped/>
  </testcase> <!-- TC_Ports_SC010 -->
  <testcase classname="commonMethods.Testcases" name="TC_Import_Documentation_SC009">
    <skipped/>
  </testcase> <!-- TC_Import_Documentation_SC009 -->
  <testcase classname="commonMethods.Testcases" name="TC_EDI_Creation_TS_022">
    <skipped/>
  </testcase> <!-- TC_EDI_Creation_TS_022 -->
  <testcase classname="commonMethods.Testcases" name="TC_Arrival_Notice_TS_053">
    <skipped/>
  </testcase> <!-- TC_Arrival_Notice_TS_053 -->
  <testcase classname="commonMethods.Testcases" name="TC_Vendor_Invoice_Registration_SC64">
    <skipped/>
  </testcase> <!-- TC_Vendor_Invoice_Registration_SC64 -->
  <testcase classname="commonMethods.Testcases" name="TC_Contract_Management_System_SC109">
    <skipped/>
  </testcase> <!-- TC_Contract_Management_System_SC109 -->
  <testcase classname="commonMethods.Testcases" name="TC_Discharge_Reconciliation_MD30E">
    <skipped/>
  </testcase> <!-- TC_Discharge_Reconciliation_MD30E -->
  <testcase classname="commonMethods.Testcases" name="TC_Proforma_Service_Creation_Consolidation">
    <skipped/>
  </testcase> <!-- TC_Proforma_Service_Creation_Consolidation -->
  <testcase classname="commonMethods.Testcases" name="TC_Vendor_Invoice_Registration_SC24">
    <skipped/>
  </testcase> <!-- TC_Vendor_Invoice_Registration_SC24 -->
  <testcase classname="commonMethods.Testcases" name="TC_Import_Invoice_SC011C">
    <skipped/>
  </testcase> <!-- TC_Import_Invoice_SC011C -->
  <testcase classname="commonMethods.Testcases" name="TC_Import_Documentation_SC084">
    <skipped/>
  </testcase> <!-- TC_Import_Documentation_SC084 -->
  <testcase classname="commonMethods.Testcases" name="TC_Haulage_Contract_SC32">
    <skipped/>
  </testcase> <!-- TC_Haulage_Contract_SC32 -->
  <testcase classname="commonMethods.Testcases" name="TC_Merge_Booking_SC15">
    <skipped/>
  </testcase> <!-- TC_Merge_Booking_SC15 -->
  <testcase classname="commonMethods.Testcases" name="TC_Feeder_Contract_SC52">
    <skipped/>
  </testcase> <!-- TC_Feeder_Contract_SC52 -->
  <testcase classname="commonMethods.Testcases" name="TC_Delivery_Order_TS_010">
    <skipped/>
  </testcase> <!-- TC_Delivery_Order_TS_010 -->
  <testcase classname="commonMethods.Testcases" name="TC_Movement_Entry_TS_017">
    <skipped/>
  </testcase> <!-- TC_Movement_Entry_TS_017 -->
  <testcase classname="commonMethods.Testcases" name="TC_Booking_SC023">
    <skipped/>
  </testcase> <!-- TC_Booking_SC023 -->
  <testcase classname="commonMethods.Testcases" name="TC_Booking_SC130">
    <skipped/>
  </testcase> <!-- TC_Booking_SC130 -->
  <testcase classname="commonMethods.Testcases" name="TC_DG_Creation_SC_082">
    <skipped/>
  </testcase> <!-- TC_DG_Creation_SC_082 -->
  <testcase classname="commonMethods.Testcases" name="TC_Detention_Waiver_TS_027">
    <skipped/>
  </testcase> <!-- TC_Detention_Waiver_TS_027 -->
  <testcase classname="commonMethods.Testcases" name="TC_Ports_SC011">
    <skipped/>
  </testcase> <!-- TC_Ports_SC011 -->
  <testcase classname="commonMethods.Testcases" name="TC_Movement_Entry_Integration_TS049">
    <skipped/>
  </testcase> <!-- TC_Movement_Entry_Integration_TS049 -->
  <testcase classname="commonMethods.Testcases" name="TC_EDI_Creation_TS_021">
    <skipped/>
  </testcase> <!-- TC_EDI_Creation_TS_021 -->
  <testcase classname="commonMethods.Testcases" name="TC_Arrival_Notice_TS_052">
    <skipped/>
  </testcase> <!-- TC_Arrival_Notice_TS_052 -->
  <testcase classname="commonMethods.Testcases" name="TC_Contract_Management_System_SC108">
    <skipped/>
  </testcase> <!-- TC_Contract_Management_System_SC108 -->
  <testcase classname="commonMethods.Testcases" name="TC_CRO_SC018">
    <skipped/>
  </testcase> <!-- TC_CRO_SC018 -->
  <testcase classname="commonMethods.Testcases" name="TC_Vendor_Contracts_SC013">
    <skipped/>
  </testcase> <!-- TC_Vendor_Contracts_SC013 -->
  <testcase classname="commonMethods.Testcases" name="TC_Email_To_Customers_002">
    <skipped/>
  </testcase> <!-- TC_Email_To_Customers_002 -->
  <testcase classname="commonMethods.Testcases" name="TC_Import_Invoice_SC011B">
    <skipped/>
  </testcase> <!-- TC_Import_Invoice_SC011B -->
  <testcase classname="commonMethods.Testcases" name="TC_Merge_Booking_SC14">
    <skipped/>
  </testcase> <!-- TC_Merge_Booking_SC14 -->
  <testcase classname="commonMethods.Testcases" name="TC_Detention_Waiver_TS_028">
    <skipped/>
  </testcase> <!-- TC_Detention_Waiver_TS_028 -->
  <testcase classname="commonMethods.Testcases" name="TC_Delivery_Order_TS_008">
    <skipped/>
  </testcase> <!-- TC_Delivery_Order_TS_008 -->
  <testcase classname="commonMethods.Testcases" name="TC_Booking_SC066">
    <skipped/>
  </testcase> <!-- TC_Booking_SC066 -->
  <testcase classname="commonMethods.Testcases" name="TC_DG_Creation_SC_081">
    <skipped/>
  </testcase> <!-- TC_DG_Creation_SC_081 -->
  <testcase classname="commonMethods.Testcases" name="TC_Discharge_Reconciliation_MD09B">
    <skipped/>
  </testcase> <!-- TC_Discharge_Reconciliation_MD09B -->
  <testcase classname="commonMethods.Testcases" name="TC_Delivery_Order_TS_048">
    <skipped/>
  </testcase> <!-- TC_Delivery_Order_TS_048 -->
  <testcase classname="commonMethods.Testcases" name="TC_Booking_SC026">
    <skipped/>
  </testcase> <!-- TC_Booking_SC026 -->
  <testcase classname="commonMethods.Testcases" name="TC_Booking_SC137">
    <skipped/>
  </testcase> <!-- TC_Booking_SC137 -->
  <testcase classname="commonMethods.Testcases" name="TC_Scale_In_TS_009">
    <skipped/>
  </testcase> <!-- TC_Scale_In_TS_009 -->
  <testcase classname="commonMethods.Testcases" name="TC_Contract_Management_System_SC219">
    <skipped/>
  </testcase> <!-- TC_Contract_Management_System_SC219 -->
  <testcase classname="commonMethods.Testcases" name="TC_Arrival_Notice_TS_051">
    <skipped/>
  </testcase> <!-- TC_Arrival_Notice_TS_051 -->
  <testcase classname="commonMethods.Testcases" name="TC_Movement_Entry_Integration_TS044">
    <skipped/>
  </testcase> <!-- TC_Movement_Entry_Integration_TS044 -->
  <testcase classname="commonMethods.Testcases" name="TC_EDI_Creation_TS_020">
    <skipped/>
  </testcase> <!-- TC_EDI_Creation_TS_020 -->
  <testcase classname="commonMethods.Testcases" name="TC_Reversal_R01">
    <skipped/>
  </testcase> <!-- TC_Reversal_R01 -->
  <testcase classname="commonMethods.Testcases" name="TC_Vendor_Contracts_SC012">
    <skipped/>
  </testcase> <!-- TC_Vendor_Contracts_SC012 -->
  <testcase classname="commonMethods.Testcases" name="TC_Scale_In_TS_022_IP">
    <skipped/>
  </testcase> <!-- TC_Scale_In_TS_022_IP -->
  <testcase classname="commonMethods.Testcases" name="TC_Email_To_Customers_001">
    <skipped/>
  </testcase> <!-- TC_Email_To_Customers_001 -->
  <testcase classname="commonMethods.Testcases" name="TC_Import_Documentation_SC086">
    <skipped/>
  </testcase> <!-- TC_Import_Documentation_SC086 -->
  <testcase classname="commonMethods.Testcases" name="TC_Haulage_Contract_SC34">
    <skipped/>
  </testcase> <!-- TC_Haulage_Contract_SC34 -->
  <testcase classname="commonMethods.Testcases" name="TC_CRO_SC019">
    <skipped/>
  </testcase> <!-- TC_CRO_SC019 -->
  <testcase classname="commonMethods.Testcases" name="TC_Cost_Activity_Report_TS050">
    <skipped/>
  </testcase> <!-- TC_Cost_Activity_Report_TS050 -->
  <testcase classname="commonMethods.Testcases" name="TC_EMS_Contract_Billing_Generation_43">
    <skipped/>
  </testcase> <!-- TC_EMS_Contract_Billing_Generation_43 -->
  <testcase classname="commonMethods.Testcases" name="TC_Delivery_Order_TS_009">
    <skipped/>
  </testcase> <!-- TC_Delivery_Order_TS_009 -->
  <testcase classname="commonMethods.Testcases" name="TC_Discharge_Reconciliation_MD15">
    <skipped/>
  </testcase> <!-- TC_Discharge_Reconciliation_MD15 -->
  <testcase classname="commonMethods.Testcases" name="TC_Detention_Waiver_TS_029">
    <skipped/>
  </testcase> <!-- TC_Detention_Waiver_TS_029 -->
  <testcase classname="commonMethods.Testcases" name="TC_Movement_Entry_TS_015">
    <skipped/>
  </testcase> <!-- TC_Movement_Entry_TS_015 -->
  <testcase classname="commonMethods.Testcases" name="TC_Booking_SC021">
    <skipped/>
  </testcase> <!-- TC_Booking_SC021 -->
  <testcase classname="commonMethods.Testcases" name="TC_Discharge_Reconciliation_MD09A">
    <skipped/>
  </testcase> <!-- TC_Discharge_Reconciliation_MD09A -->
  <testcase classname="commonMethods.Testcases" name="TC_Delivery_Order_TS_049">
    <skipped/>
  </testcase> <!-- TC_Delivery_Order_TS_049 -->
  <testcase classname="commonMethods.Testcases" name="TC_Booking_SC136">
    <skipped/>
  </testcase> <!-- TC_Booking_SC136 -->
  <testcase classname="commonMethods.Testcases" name="TC_Arrival_Notice_TS_050">
    <skipped/>
  </testcase> <!-- TC_Arrival_Notice_TS_050 -->
  <testcase classname="commonMethods.Testcases" name="TC_Movement_Entry_Integration_TS043">
    <skipped/>
  </testcase> <!-- TC_Movement_Entry_Integration_TS043 -->
  <testcase classname="commonMethods.Testcases" name="TC_Contract_Management_System_SC218">
    <skipped/>
  </testcase> <!-- TC_Contract_Management_System_SC218 -->
  <testcase classname="commonMethods.Testcases" name="TC_Detention_Waiver_TS_038A">
    <skipped/>
  </testcase> <!-- TC_Detention_Waiver_TS_038A -->
  <testcase classname="commonMethods.Testcases" name="TC_Arrival_Notice_TS_046">
    <skipped/>
  </testcase> <!-- TC_Arrival_Notice_TS_046 -->
  <testcase classname="commonMethods.Testcases" name="TC_Reversal_R02">
    <skipped/>
  </testcase> <!-- TC_Reversal_R02 -->
  <testcase classname="commonMethods.Testcases" name="TC_Feeder_Contract_SC59">
    <skipped/>
  </testcase> <!-- TC_Feeder_Contract_SC59 -->
  <testcase classname="commonMethods.Testcases" name="TC_Receivable_Receipt_RR15">
    <skipped/>
  </testcase> <!-- TC_Receivable_Receipt_RR15 -->
  <testcase classname="commonMethods.Testcases" name="TC_Contract_Management_System_SC102">
    <skipped/>
  </testcase> <!-- TC_Contract_Management_System_SC102 -->
  <testcase classname="commonMethods.Testcases" name="TC_Booking_SC105">
    <skipped/>
  </testcase> <!-- TC_Booking_SC105 -->
  <testcase classname="commonMethods.Testcases" name="TC_Outstanding_Freight_Report_SC046A">
    <skipped/>
  </testcase> <!-- TC_Outstanding_Freight_Report_SC046A -->
  <testcase classname="commonMethods.Testcases" name="TC_Contract_Management_System_SC213">
    <skipped/>
  </testcase> <!-- TC_Contract_Management_System_SC213 -->
  <testcase classname="commonMethods.Testcases" name="TC_Movement_Entry_TS_018">
    <skipped/>
  </testcase> <!-- TC_Movement_Entry_TS_018 -->
  <testcase classname="commonMethods.Testcases" name="TC_Cost_Activity_Report_TS017">
    <skipped/>
  </testcase> <!-- TC_Cost_Activity_Report_TS017 -->
  <testcase classname="commonMethods.Testcases" name="TC_Detention_Waiver_TS_038D">
    <skipped/>
  </testcase> <!-- TC_Detention_Waiver_TS_038D -->
  <testcase classname="commonMethods.Testcases" name="TC_Arrival_Notice_TS_045">
    <skipped/>
  </testcase> <!-- TC_Arrival_Notice_TS_045 -->
  <testcase classname="commonMethods.Testcases" name="TC_Discharge_Reconciliation_MD70">
    <skipped/>
  </testcase> <!-- TC_Discharge_Reconciliation_MD70 -->
  <testcase classname="commonMethods.Testcases" name="TC_Receivable_Receipt_RR16">
    <skipped/>
  </testcase> <!-- TC_Receivable_Receipt_RR16 -->
  <testcase classname="commonMethods.Testcases" name="TC_Rate_Request_SC79">
    <skipped/>
  </testcase> <!-- TC_Rate_Request_SC79 -->
  <testcase classname="commonMethods.Testcases" name="TC_Booking_SC108">
    <skipped/>
  </testcase> <!-- TC_Booking_SC108 -->
  <testcase classname="commonMethods.Testcases" name="TC_Agency_Master_SC010">
    <skipped/>
  </testcase> <!-- TC_Agency_Master_SC010 -->
  <testcase classname="commonMethods.Testcases" name="TC_Vendor_Invoice_Registration_SC60">
    <skipped/>
  </testcase> <!-- TC_Vendor_Invoice_Registration_SC60 -->
  <testcase classname="commonMethods.Testcases" name="TC_Customer_Statement_SC045">
    <skipped/>
  </testcase> <!-- TC_Customer_Statement_SC045 -->
  <testcase classname="commonMethods.Testcases" name="TC_Detention_Waiver_TS_010B">
    <skipped/>
  </testcase> <!-- TC_Detention_Waiver_TS_010B -->
  <testcase classname="commonMethods.Testcases" name="TC_Contract_Management_System_SC212">
    <skipped/>
  </testcase> <!-- TC_Contract_Management_System_SC212 -->
  <testcase classname="commonMethods.Testcases" name="TC_Coastal_Schedule_CS04_I">
    <skipped/>
  </testcase> <!-- TC_Coastal_Schedule_CS04_I -->
  <testcase classname="commonMethods.Testcases" name="TC_Scale_In_TS_006">
    <skipped/>
  </testcase> <!-- TC_Scale_In_TS_006 -->
  <testcase classname="commonMethods.Testcases" name="TC_Import_Documentation_SC008">
    <skipped/>
  </testcase> <!-- TC_Import_Documentation_SC008 -->
  <testcase classname="commonMethods.Testcases" name="TC_Arrival_Notice_TS_044">
    <skipped/>
  </testcase> <!-- TC_Arrival_Notice_TS_044 -->
  <testcase classname="commonMethods.Testcases" name="TC_Receivable_Receipt_RR13">
    <skipped/>
  </testcase> <!-- TC_Receivable_Receipt_RR13 -->
  <testcase classname="commonMethods.Testcases" name="TC_Movement_Entry_IntegrationTS034">
    <skipped/>
  </testcase> <!-- TC_Movement_Entry_IntegrationTS034 -->
  <testcase classname="commonMethods.Testcases" name="TC_Detention_Waiver_TS_016A">
    <skipped/>
  </testcase> <!-- TC_Detention_Waiver_TS_016A -->
  <testcase classname="commonMethods.Testcases" name="TC_Rate_Request_SC40">
    <skipped/>
  </testcase> <!-- TC_Rate_Request_SC40 -->
  <testcase classname="commonMethods.Testcases" name="TC_Discharge_Confirmation_SC_DC_02">
    <skipped/>
  </testcase> <!-- TC_Discharge_Confirmation_SC_DC_02 -->
  <testcase classname="commonMethods.Testcases" name="TC_Import_Invoice_SC014">
    <skipped/>
  </testcase> <!-- TC_Import_Invoice_SC014 -->
  <testcase classname="commonMethods.Testcases" name="TC_Import_Documentation_SC007">
    <skipped/>
  </testcase> <!-- TC_Import_Documentation_SC007 -->
  <testcase classname="commonMethods.Testcases" name="TC_Arrival_Notice_TS_043">
    <skipped/>
  </testcase> <!-- TC_Arrival_Notice_TS_043 -->
  <testcase classname="commonMethods.Testcases" name="TC_Detention_Waiver_TS_038B">
    <skipped/>
  </testcase> <!-- TC_Detention_Waiver_TS_038B -->
  <testcase classname="commonMethods.Testcases" name="TC_Feeder_Contract_SC58">
    <skipped/>
  </testcase> <!-- TC_Feeder_Contract_SC58 -->
  <testcase classname="commonMethods.Testcases" name="TC_Import_Invoice_SC011A">
    <skipped/>
  </testcase> <!-- TC_Import_Invoice_SC011A -->
  <testcase classname="commonMethods.Testcases" name="TC_DG_Creation_SC_098">
    <skipped/>
  </testcase> <!-- TC_DG_Creation_SC_098 -->
  <testcase classname="commonMethods.Testcases" name="TC_Receivable_Receipt_RR14">
    <skipped/>
  </testcase> <!-- TC_Receivable_Receipt_RR14 -->
  <testcase classname="commonMethods.Testcases" name="TC_Booking_SC106">
    <skipped/>
  </testcase> <!-- TC_Booking_SC106 -->
  <testcase classname="commonMethods.Testcases" name="TC_Scale_In_TS_021_IP">
    <skipped/>
  </testcase> <!-- TC_Scale_In_TS_021_IP -->
  <testcase classname="commonMethods.Testcases" name="TC_Outstanding_Freight_Report_SC046B">
    <skipped/>
  </testcase> <!-- TC_Outstanding_Freight_Report_SC046B -->
  <testcase classname="commonMethods.Testcases" name="TC_Movement_Entry_IntegrationTS033">
    <skipped/>
  </testcase> <!-- TC_Movement_Entry_IntegrationTS033 -->
  <testcase classname="commonMethods.Testcases" name="TC_Coastal_Schedule_CS02H_IP">
    <skipped/>
  </testcase> <!-- TC_Coastal_Schedule_CS02H_IP -->
  <testcase classname="commonMethods.Testcases" name="TC_Import_Invoice_SC013">
    <skipped/>
  </testcase> <!-- TC_Import_Invoice_SC013 -->
  <testcase classname="commonMethods.Testcases" name="TC_Movement_Entry_TS_019">
    <skipped/>
  </testcase> <!-- TC_Movement_Entry_TS_019 -->
  <testcase classname="commonMethods.Testcases" name="TC_Rate_Request_SC094">
    <skipped/>
  </testcase> <!-- TC_Rate_Request_SC094 -->
  <testcase classname="commonMethods.Testcases" name="TC_Feeder_Contract_SC55">
    <skipped/>
  </testcase> <!-- TC_Feeder_Contract_SC55 -->
  <testcase classname="commonMethods.Testcases" name="TC_Payable_Payment_PP16">
    <skipped/>
  </testcase> <!-- TC_Payable_Payment_PP16 -->
  <testcase classname="commonMethods.Testcases" name="TC_Un_Invoiced_BL_Report_SC039A">
    <skipped/>
  </testcase> <!-- TC_Un_Invoiced_BL_Report_SC039A -->
  <testcase classname="commonMethods.Testcases" name="TC_Feeder_Contract_SC15">
    <skipped/>
  </testcase> <!-- TC_Feeder_Contract_SC15 -->
  <testcase classname="commonMethods.Testcases" name="TC_Contract_Management_System_SC146">
    <skipped/>
  </testcase> <!-- TC_Contract_Management_System_SC146 -->
  <testcase classname="commonMethods.Testcases" name="TC_Billing_Invoice_B07">
    <skipped/>
  </testcase> <!-- TC_Billing_Invoice_B07 -->
  <testcase classname="commonMethods.Testcases" name="TC_Booking_SC149">
    <skipped/>
  </testcase> <!-- TC_Booking_SC149 -->
  <testcase classname="commonMethods.Testcases" name="TC_Receivable_Receipt_RR11">
    <skipped/>
  </testcase> <!-- TC_Receivable_Receipt_RR11 -->
  <testcase classname="commonMethods.Testcases" name="TC_Contract_Management_System_SC106">
    <skipped/>
  </testcase> <!-- TC_Contract_Management_System_SC106 -->
  <testcase classname="commonMethods.Testcases" name="TC_Booking_SC109">
    <skipped/>
  </testcase> <!-- TC_Booking_SC109 -->
  <testcase classname="commonMethods.Testcases" name="TC_End_To_End_SC001">
    <skipped/>
  </testcase> <!-- TC_End_To_End_SC001 -->
  <testcase classname="commonMethods.Testcases" name="TC_Contract_Management_System_SC217">
    <skipped/>
  </testcase> <!-- TC_Contract_Management_System_SC217 -->
  <testcase classname="commonMethods.Testcases" name="TC_Equipment_Profile_TS_059">
    <skipped/>
  </testcase> <!-- TC_Equipment_Profile_TS_059 -->
  <testcase classname="commonMethods.Testcases" name="TC_Import_Documentation_SC001">
    <skipped/>
  </testcase> <!-- TC_Import_Documentation_SC001 -->
  <testcase classname="commonMethods.Testcases" name="TC_Import_Documentation_SC112">
    <skipped/>
  </testcase> <!-- TC_Import_Documentation_SC112 -->
  <testcase classname="commonMethods.Testcases" name="TC_Contract_Management_System_SC257">
    <skipped/>
  </testcase> <!-- TC_Contract_Management_System_SC257 -->
  <testcase classname="commonMethods.Testcases" name="TC_Movement_Entry_IntegrationTS036">
    <skipped/>
  </testcase> <!-- TC_Movement_Entry_IntegrationTS036 -->
  <testcase classname="commonMethods.Testcases" name="TC_Delivery_Order_TS_006">
    <skipped/>
  </testcase> <!-- TC_Delivery_Order_TS_006 -->
  <testcase classname="commonMethods.Testcases" name="TC_Proforma_Service_Creation_PC02_I">
    <skipped/>
  </testcase> <!-- TC_Proforma_Service_Creation_PC02_I -->
  <testcase classname="commonMethods.Testcases" name="TC_CRO_SC052">
    <skipped/>
  </testcase> <!-- TC_CRO_SC052 -->
  <testcase classname="commonMethods.Testcases" name="TC_Rate_Request_SC095">
    <skipped/>
  </testcase> <!-- TC_Rate_Request_SC095 -->
  <testcase classname="commonMethods.Testcases" name="TC_Reversal_R03">
    <skipped/>
  </testcase> <!-- TC_Reversal_R03 -->
  <testcase classname="commonMethods.Testcases" name="TC_Payable_Payment_PP15">
    <skipped/>
  </testcase> <!-- TC_Payable_Payment_PP15 -->
  <testcase classname="commonMethods.Testcases" name="TC_Arrival_Notice_TS_049">
    <skipped/>
  </testcase> <!-- TC_Arrival_Notice_TS_049 -->
  <testcase classname="commonMethods.Testcases" name="TC_Movement_Entry_TS_020">
    <skipped/>
  </testcase> <!-- TC_Movement_Entry_TS_020 -->
  <testcase classname="commonMethods.Testcases" name="TC_Billing_Invoice_B06">
    <skipped/>
  </testcase> <!-- TC_Billing_Invoice_B06 -->
  <testcase classname="commonMethods.Testcases" name="TC_Contract_Management_System_SC101">
    <skipped/>
  </testcase> <!-- TC_Contract_Management_System_SC101 -->
  <testcase classname="commonMethods.Testcases" name="TC_Receivable_Receipt_RR12">
    <skipped/>
  </testcase> <!-- TC_Receivable_Receipt_RR12 -->
  <testcase classname="commonMethods.Testcases" name="TC_Detention_Waiver_TS_016B">
    <skipped/>
  </testcase> <!-- TC_Detention_Waiver_TS_016B -->
  <testcase classname="commonMethods.Testcases" name="TC_Contract_Management_System_SC216">
    <skipped/>
  </testcase> <!-- TC_Contract_Management_System_SC216 -->
  <testcase classname="commonMethods.Testcases" name="TC_Import_Documentation_SC111">
    <skipped/>
  </testcase> <!-- TC_Import_Documentation_SC111 -->
  <testcase classname="commonMethods.Testcases" name="TC_Delivery_Order_TS_007">
    <skipped/>
  </testcase> <!-- TC_Delivery_Order_TS_007 -->
  <testcase classname="commonMethods.Testcases" name="TC_Contract_Management_System_SC256">
    <skipped/>
  </testcase> <!-- TC_Contract_Management_System_SC256 -->
  <testcase classname="commonMethods.Testcases" name="TC_Movement_Entry_IntegrationTS035">
    <skipped/>
  </testcase> <!-- TC_Movement_Entry_IntegrationTS035 -->
  <testcase classname="commonMethods.Testcases" name="TC_Cost_Activity_Report_TS016">
    <skipped/>
  </testcase> <!-- TC_Cost_Activity_Report_TS016 -->
  <testcase classname="commonMethods.Testcases" name="TC_Feeder_Contract_SC57">
    <skipped/>
  </testcase> <!-- TC_Feeder_Contract_SC57 -->
  <testcase classname="commonMethods.Testcases" name="TC_Rate_Request_SC096">
    <skipped/>
  </testcase> <!-- TC_Rate_Request_SC096 -->
  <testcase classname="commonMethods.Testcases" name="TC_Feeder_Contract_SC17">
    <skipped/>
  </testcase> <!-- TC_Feeder_Contract_SC17 -->
  <testcase classname="commonMethods.Testcases" name="TC_Arrival_Notice_TS_048">
    <skipped/>
  </testcase> <!-- TC_Arrival_Notice_TS_048 -->
  <testcase classname="commonMethods.Testcases" name="TC_Payable_Payment_PP14">
    <skipped/>
  </testcase> <!-- TC_Payable_Payment_PP14 -->
  <testcase classname="commonMethods.Testcases" name="TC_DG_Creation_SC_055">
    <skipped/>
  </testcase> <!-- TC_DG_Creation_SC_055 -->
  <testcase classname="commonMethods.Testcases" name="TC_Contract_Management_System_SC100">
    <skipped/>
  </testcase> <!-- TC_Contract_Management_System_SC100 -->
  <testcase classname="commonMethods.Testcases" name="TC_Billing_Invoice_B05">
    <skipped/>
  </testcase> <!-- TC_Billing_Invoice_B05 -->
  <testcase classname="commonMethods.Testcases" name="TC_CoastalSchedule_CS1ToCS3">
    <skipped/>
  </testcase> <!-- TC_CoastalSchedule_CS1ToCS3 -->
  <testcase classname="commonMethods.Testcases" name="TC_Contract_Management_System_SC211">
    <skipped/>
  </testcase> <!-- TC_Contract_Management_System_SC211 -->
  <testcase classname="commonMethods.Testcases" name="TC_Movement_Entry_IntegrationTS038">
    <skipped/>
  </testcase> <!-- TC_Movement_Entry_IntegrationTS038 -->
  <testcase classname="commonMethods.Testcases" name="TC_Equipment_Profile_TS_057">
    <skipped/>
  </testcase> <!-- TC_Equipment_Profile_TS_057 -->
  <testcase classname="commonMethods.Testcases" name="TC_Rate_Request_SC44">
    <skipped/>
  </testcase> <!-- TC_Rate_Request_SC44 -->
  <testcase classname="commonMethods.Testcases" name="TC_Journal_Upload_JU02">
    <skipped/>
  </testcase> <!-- TC_Journal_Upload_JU02 -->
  <testcase classname="commonMethods.Testcases" name="TC_CRO_SC050">
    <skipped/>
  </testcase> <!-- TC_CRO_SC050 -->
  <testcase classname="commonMethods.Testcases" name="TC_Cost_Activity_Report_TS015">
    <skipped/>
  </testcase> <!-- TC_Cost_Activity_Report_TS015 -->
  <testcase classname="commonMethods.Testcases" name="TC_Rate_Request_SC097">
    <skipped/>
  </testcase> <!-- TC_Rate_Request_SC097 -->
  <testcase classname="commonMethods.Testcases" name="TC_Feeder_Contract_SC54">
    <skipped/>
  </testcase> <!-- TC_Feeder_Contract_SC54 -->
  <testcase classname="commonMethods.Testcases" name="TC_Arrival_Notice_TS_047">
    <skipped/>
  </testcase> <!-- TC_Arrival_Notice_TS_047 -->
  <testcase classname="commonMethods.Testcases" name="TC_Payable_Payment_PP13">
    <skipped/>
  </testcase> <!-- TC_Payable_Payment_PP13 -->
  <testcase classname="commonMethods.Testcases" name="TC_Feeder_Contract_SC14">
    <skipped/>
  </testcase> <!-- TC_Feeder_Contract_SC14 -->
  <testcase classname="commonMethods.Testcases" name="TC_DG_Creation_SC_054">
    <skipped/>
  </testcase> <!-- TC_DG_Creation_SC_054 -->
  <testcase classname="commonMethods.Testcases" name="TC_Contract_Management_System_SC103">
    <skipped/>
  </testcase> <!-- TC_Contract_Management_System_SC103 -->
  <testcase classname="commonMethods.Testcases" name="TC_Booking_SC039">
    <skipped/>
  </testcase> <!-- TC_Booking_SC039 -->
  <testcase classname="commonMethods.Testcases" name="TC_Billing_Invoice_B04">
    <skipped/>
  </testcase> <!-- TC_Billing_Invoice_B04 -->
  <testcase classname="commonMethods.Testcases" name="TC_Stock_Report_by_Stock_Status_TS042">
    <skipped/>
  </testcase> <!-- TC_Stock_Report_by_Stock_Status_TS042 -->
  <testcase classname="commonMethods.Testcases" name="TC_Import_Invoice_SC008D">
    <skipped/>
  </testcase> <!-- TC_Import_Invoice_SC008D -->
  <testcase classname="commonMethods.Testcases" name="TC_Receivable_Receipt_RR10">
    <skipped/>
  </testcase> <!-- TC_Receivable_Receipt_RR10 -->
  <testcase classname="commonMethods.Testcases" name="TC_Equipment_Profile_TS057_To_TS061_C">
    <skipped/>
  </testcase> <!-- TC_Equipment_Profile_TS057_To_TS061_C -->
  <testcase classname="commonMethods.Testcases" name="TC_Movement_Entry_IntegrationTS037">
    <skipped/>
  </testcase> <!-- TC_Movement_Entry_IntegrationTS037 -->
  <testcase classname="commonMethods.Testcases" name="TC_Rate_Request_SC43">
    <skipped/>
  </testcase> <!-- TC_Rate_Request_SC43 -->
  <testcase classname="commonMethods.Testcases" name="TC_Journal_Upload_JU01">
    <skipped/>
  </testcase> <!-- TC_Journal_Upload_JU01 -->
  <testcase classname="commonMethods.Testcases" name="TC_Cost_Activity_Report_TS018">
    <skipped/>
  </testcase> <!-- TC_Cost_Activity_Report_TS018 -->
  <testcase classname="commonMethods.Testcases" name="TC_CRO_SC051">
    <skipped/>
  </testcase> <!-- TC_CRO_SC051 -->
  <testcase classname="commonMethods.Testcases" name="TC_Feeder_Contract_SC45">
    <skipped/>
  </testcase> <!-- TC_Feeder_Contract_SC45 -->
  <testcase classname="commonMethods.Testcases" name="Lessor_Bill_Upload_TS_045">
    <skipped/>
  </testcase> <!-- Lessor_Bill_Upload_TS_045 -->
  <testcase classname="commonMethods.Testcases" name="TC_Feeder_Contract_SC05">
    <skipped/>
  </testcase> <!-- TC_Feeder_Contract_SC05 -->
  <testcase classname="commonMethods.Testcases" name="TC_EMS_Contract_Billing_Generation_82">
    <skipped/>
  </testcase> <!-- TC_EMS_Contract_Billing_Generation_82 -->
  <testcase classname="commonMethods.Testcases" name="TC_Rate_Request_SC02">
    <skipped/>
  </testcase> <!-- TC_Rate_Request_SC02 -->
  <testcase classname="commonMethods.Testcases" name="EMS_Contract_Registration_IP001">
    <skipped/>
  </testcase> <!-- EMS_Contract_Registration_IP001 -->
  <testcase classname="commonMethods.Testcases" name="TC_Ecommerce_Customer_Gate_002">
    <skipped/>
  </testcase> <!-- TC_Ecommerce_Customer_Gate_002 -->
  <testcase classname="commonMethods.Testcases" name="TC_DG_Creation_SC_057">
    <skipped/>
  </testcase> <!-- TC_DG_Creation_SC_057 -->
  <testcase classname="commonMethods.Testcases" name="TC_EMS_Contract_Registration_TS002">
    <skipped/>
  </testcase> <!-- TC_EMS_Contract_Registration_TS002 -->
  <testcase classname="commonMethods.Testcases" name="TC_DG_Creation_SC_097">
    <skipped/>
  </testcase> <!-- TC_DG_Creation_SC_097 -->
  <testcase classname="commonMethods.Testcases" name="TC_Detention_Waiver_TS_012">
    <skipped/>
  </testcase> <!-- TC_Detention_Waiver_TS_012 -->
  <testcase classname="commonMethods.Testcases" name="TC_Haulage_Contract_SC28">
    <skipped/>
  </testcase> <!-- TC_Haulage_Contract_SC28 -->
  <testcase classname="commonMethods.Testcases" name="TC_Import_Documentation_SC011">
    <skipped/>
  </testcase> <!-- TC_Import_Documentation_SC011 -->
  <testcase classname="commonMethods.Testcases" name="TC_Vendor_Invoice_Registration_SC16">
    <skipped/>
  </testcase> <!-- TC_Vendor_Invoice_Registration_SC16 -->
  <testcase classname="commonMethods.Testcases" name="TC_CoastalSchedule_CS7ToCS11">
    <skipped/>
  </testcase> <!-- TC_CoastalSchedule_CS7ToCS11 -->
  <testcase classname="commonMethods.Testcases" name="TC_Schedule_Security_SS06">
    <skipped/>
  </testcase> <!-- TC_Schedule_Security_SS06 -->
  <testcase classname="commonMethods.Testcases" name="TC_Discharge_Reconciliation_MD56">
    <skipped/>
  </testcase> <!-- TC_Discharge_Reconciliation_MD56 -->
  <testcase classname="commonMethods.Testcases" name="TC_Feeder_Contract_SC46">
    <skipped/>
  </testcase> <!-- TC_Feeder_Contract_SC46 -->
  <testcase classname="commonMethods.Testcases" name="TC_Feeder_Contract_SC06">
    <skipped/>
  </testcase> <!-- TC_Feeder_Contract_SC06 -->
  <testcase classname="commonMethods.Testcases" name="TC_EMS_Contract_Billing_Generation_85">
    <skipped/>
  </testcase> <!-- TC_EMS_Contract_Billing_Generation_85 -->
  <testcase classname="commonMethods.Testcases" name="TC_CRO_SC027">
    <skipped/>
  </testcase> <!-- TC_CRO_SC027 -->
  <testcase classname="commonMethods.Testcases" name="TC_Rate_Request_SC01">
    <skipped/>
  </testcase> <!-- TC_Rate_Request_SC01 -->
  <testcase classname="commonMethods.Testcases" name="TC_Stock_Report_by_Size_Type_TS039">
    <skipped/>
  </testcase> <!-- TC_Stock_Report_by_Size_Type_TS039 -->
  <testcase classname="commonMethods.Testcases" name="TC_Ecommerce_Customer_Gate_005">
    <skipped/>
  </testcase> <!-- TC_Ecommerce_Customer_Gate_005 -->
  <testcase classname="commonMethods.Testcases" name="TC_DG_Creation_SC_056">
    <skipped/>
  </testcase> <!-- TC_DG_Creation_SC_056 -->
  <testcase classname="commonMethods.Testcases" name="TC_Contract_Management_System_SC145">
    <skipped/>
  </testcase> <!-- TC_Contract_Management_System_SC145 -->
  <testcase classname="commonMethods.Testcases" name="TC_DG_Creation_SC_096">
    <skipped/>
  </testcase> <!-- TC_DG_Creation_SC_096 -->
  <testcase classname="commonMethods.Testcases" name="TC_Contract_Management_System_SC105">
    <skipped/>
  </testcase> <!-- TC_Contract_Management_System_SC105 -->
  <testcase classname="commonMethods.Testcases" name="TC_EMS_Contract_Registration_TS003">
    <skipped/>
  </testcase> <!-- TC_EMS_Contract_Registration_TS003 -->
  <testcase classname="commonMethods.Testcases" name="TC_Import_Documentation_SC010">
    <skipped/>
  </testcase> <!-- TC_Import_Documentation_SC010 -->
  <testcase classname="commonMethods.Testcases" name="TC_Discharge_Confirmation_SC_DC_07">
    <skipped/>
  </testcase> <!-- TC_Discharge_Confirmation_SC_DC_07 -->
  <testcase classname="commonMethods.Testcases" name="TC_Haulage_Contract_SC25">
    <skipped/>
  </testcase> <!-- TC_Haulage_Contract_SC25 -->
  <testcase classname="commonMethods.Testcases" name="TC_Vendor_Invoice_Registration_SC17">
    <skipped/>
  </testcase> <!-- TC_Vendor_Invoice_Registration_SC17 -->
  <testcase classname="commonMethods.Testcases" name="TS_EMS_Contract_Registration_19">
    <skipped/>
  </testcase> <!-- TS_EMS_Contract_Registration_19 -->
  <testcase classname="commonMethods.Testcases" name="TC_Schedule_Security_SS05">
    <skipped/>
  </testcase> <!-- TC_Schedule_Security_SS05 -->
  <testcase classname="commonMethods.Testcases" name="TC_Discharge_Reconciliation_MD53">
    <skipped/>
  </testcase> <!-- TC_Discharge_Reconciliation_MD53 -->
  <testcase classname="commonMethods.Testcases" name="TC_EMS_Contract_Billing_Generation_84">
    <skipped/>
  </testcase> <!-- TC_EMS_Contract_Billing_Generation_84 -->
  <testcase classname="commonMethods.Testcases" name="TC_CRO_SC028">
    <skipped/>
  </testcase> <!-- TC_CRO_SC028 -->
  <testcase classname="commonMethods.Testcases" name="TC_DG_Creation_SC_011">
    <skipped/>
  </testcase> <!-- TC_DG_Creation_SC_011 -->
  <testcase classname="commonMethods.Testcases" name="TC_Contract_Management_System_SC144">
    <skipped/>
  </testcase> <!-- TC_Contract_Management_System_SC144 -->
  <testcase classname="commonMethods.Testcases" name="TC_Rate_Request_SC48">
    <skipped/>
  </testcase> <!-- TC_Rate_Request_SC48 -->
  <testcase classname="commonMethods.Testcases" name="EMS_Contract_Registration_IP003">
    <skipped/>
  </testcase> <!-- EMS_Contract_Registration_IP003 -->
  <testcase classname="commonMethods.Testcases" name="TC_DG_Creation_SC_051">
    <skipped/>
  </testcase> <!-- TC_DG_Creation_SC_051 -->
  <testcase classname="commonMethods.Testcases" name="TC_Detention_Waiver_TS_014">
    <skipped/>
  </testcase> <!-- TC_Detention_Waiver_TS_014 -->
  <testcase classname="commonMethods.Testcases" name="TC_Rate_Request_SC08">
    <skipped/>
  </testcase> <!-- TC_Rate_Request_SC08 -->
  <testcase classname="commonMethods.Testcases" name="TC_Contract_Management_System_SC104">
    <skipped/>
  </testcase> <!-- TC_Contract_Management_System_SC104 -->
  <testcase classname="commonMethods.Testcases" name="TC_Billing_Invoice_B09">
    <skipped/>
  </testcase> <!-- TC_Billing_Invoice_B09 -->
  <testcase classname="commonMethods.Testcases" name="TC_Contract_Management_System_SC215">
    <skipped/>
  </testcase> <!-- TC_Contract_Management_System_SC215 -->
  <testcase classname="commonMethods.Testcases" name="TC_Contract_Management_System_SC255">
    <skipped/>
  </testcase> <!-- TC_Contract_Management_System_SC255 -->
  <testcase classname="commonMethods.Testcases" name="TC_Import_Documentation_SC013">
    <skipped/>
  </testcase> <!-- TC_Import_Documentation_SC013 -->
  <testcase classname="commonMethods.Testcases" name="TC_Booking_SC062">
    <skipped/>
  </testcase> <!-- TC_Booking_SC062 -->
  <testcase classname="commonMethods.Testcases" name="TC_Discharge_Reconciliation_MD54">
    <skipped/>
  </testcase> <!-- TC_Discharge_Reconciliation_MD54 -->
  <testcase classname="commonMethods.Testcases" name="TC_Ecommerce_Gateway_Validator_013">
    <skipped/>
  </testcase> <!-- TC_Ecommerce_Gateway_Validator_013 -->
  <testcase classname="commonMethods.Testcases" name="TC_CRO_SC025">
    <skipped/>
  </testcase> <!-- TC_CRO_SC025 -->
  <testcase classname="commonMethods.Testcases" name="TC_Ecommerce_Customer_Gate_003">
    <skipped/>
  </testcase> <!-- TC_Ecommerce_Customer_Gate_003 -->
  <testcase classname="commonMethods.Testcases" name="TC_DG_Creation_SC_010">
    <skipped/>
  </testcase> <!-- TC_DG_Creation_SC_010 -->
  <testcase classname="commonMethods.Testcases" name="TC_Contract_Management_System_SC147">
    <skipped/>
  </testcase> <!-- TC_Contract_Management_System_SC147 -->
  <testcase classname="commonMethods.Testcases" name="TC_Transportation_Dispatch_Notice_SC_TDN_10">
    <skipped/>
  </testcase> <!-- TC_Transportation_Dispatch_Notice_SC_TDN_10 -->
  <testcase classname="commonMethods.Testcases" name="TC_Rate_Request_SC47">
    <skipped/>
  </testcase> <!-- TC_Rate_Request_SC47 -->
  <testcase classname="commonMethods.Testcases" name="TC_Detention_Waiver_TS_051">
    <skipped/>
  </testcase> <!-- TC_Detention_Waiver_TS_051 -->
  <testcase classname="commonMethods.Testcases" name="TC_DG_Creation_SC_050">
    <skipped/>
  </testcase> <!-- TC_DG_Creation_SC_050 -->
  <testcase classname="commonMethods.Testcases" name="TC_Contract_Management_System_SC107">
    <skipped/>
  </testcase> <!-- TC_Contract_Management_System_SC107 -->
  <testcase classname="commonMethods.Testcases" name="TC_Detention_Waiver_TS_011">
    <skipped/>
  </testcase> <!-- TC_Detention_Waiver_TS_011 -->
  <testcase classname="commonMethods.Testcases" name="TC_Rate_Request_SC07">
    <skipped/>
  </testcase> <!-- TC_Rate_Request_SC07 -->
  <testcase classname="commonMethods.Testcases" name="TC_Billing_Invoice_B08">
    <skipped/>
  </testcase> <!-- TC_Billing_Invoice_B08 -->
  <testcase classname="commonMethods.Testcases" name="TC_Contract_Management_System_SC214">
    <skipped/>
  </testcase> <!-- TC_Contract_Management_System_SC214 -->
  <testcase classname="commonMethods.Testcases" name="TC_Import_Documentation_SC012">
    <skipped/>
  </testcase> <!-- TC_Import_Documentation_SC012 -->
  <testcase classname="commonMethods.Testcases" name="TC_Contract_Management_System_SC254">
    <skipped/>
  </testcase> <!-- TC_Contract_Management_System_SC254 -->
  <testcase classname="commonMethods.Testcases" name="TC_Haulage_Contract_SC27">
    <skipped/>
  </testcase> <!-- TC_Haulage_Contract_SC27 -->
  <testcase classname="commonMethods.Testcases" name="TC_Proforma_Service_Creation_PC01_I">
    <skipped/>
  </testcase> <!-- TC_Proforma_Service_Creation_PC01_I -->
  <testcase classname="commonMethods.Testcases" name="TC_Feeder_Contract_SC01">
    <skipped/>
  </testcase> <!-- TC_Feeder_Contract_SC01 -->
  <testcase classname="commonMethods.Testcases" name="TC_Import_Invoice_SC008C">
    <skipped/>
  </testcase> <!-- TC_Import_Invoice_SC008C -->
  <testcase classname="commonMethods.Testcases" name="TC_CRO_SC026">
    <skipped/>
  </testcase> <!-- TC_CRO_SC026 -->
  <testcase classname="commonMethods.Testcases" name="TC_Rate_Request_SC46">
    <skipped/>
  </testcase> <!-- TC_Rate_Request_SC46 -->
  <testcase classname="commonMethods.Testcases" name="TC_Contract_Management_System_SC079">
    <skipped/>
  </testcase> <!-- TC_Contract_Management_System_SC079 -->
  <testcase classname="commonMethods.Testcases" name="TC_DG_Creation_SC_013">
    <skipped/>
  </testcase> <!-- TC_DG_Creation_SC_013 -->
  <testcase classname="commonMethods.Testcases" name="TC_Rate_Request_SC06">
    <skipped/>
  </testcase> <!-- TC_Rate_Request_SC06 -->
  <testcase classname="commonMethods.Testcases" name="TC_DG_Creation_SC_053">
    <skipped/>
  </testcase> <!-- TC_DG_Creation_SC_053 -->
  <testcase classname="commonMethods.Testcases" name="TC_Billing_Invoice_B10">
    <skipped/>
  </testcase> <!-- TC_Billing_Invoice_B10 -->
  <testcase classname="commonMethods.Testcases" name="TC_Transportation_Dispatch_Notice_SC_TDN_29">
    <skipped/>
  </testcase> <!-- TC_Transportation_Dispatch_Notice_SC_TDN_29 -->
  <testcase classname="commonMethods.Testcases" name="TC_Import_Documentation_SC015">
    <skipped/>
  </testcase> <!-- TC_Import_Documentation_SC015 -->
  <testcase classname="commonMethods.Testcases" name="TC_Import_Documentation_SC055">
    <skipped/>
  </testcase> <!-- TC_Import_Documentation_SC055 -->
  <testcase classname="commonMethods.Testcases" name="TC_Ecommerce_Customer_Agency_Mapping_001">
    <skipped/>
  </testcase> <!-- TC_Ecommerce_Customer_Agency_Mapping_001 -->
  <testcase classname="commonMethods.Testcases" name="TC_Ecommerce_Gateway_Validator_007">
    <skipped/>
  </testcase> <!-- TC_Ecommerce_Gateway_Validator_007 -->
  <testcase classname="commonMethods.Testcases" name="TC_Schedule_Security_SS02">
    <skipped/>
  </testcase> <!-- TC_Schedule_Security_SS02 -->
  <testcase classname="commonMethods.Testcases" name="TC_Discharge_Reconciliation_MD52">
    <skipped/>
  </testcase> <!-- TC_Discharge_Reconciliation_MD52 -->
  <testcase classname="commonMethods.Testcases" name="TC_Global_Configuration_SC026">
    <skipped/>
  </testcase> <!-- TC_Global_Configuration_SC026 -->
  <testcase classname="commonMethods.Testcases" name="TC_Discharge_Reconciliation_MD12">
    <skipped/>
  </testcase> <!-- TC_Discharge_Reconciliation_MD12 -->
  <testcase classname="commonMethods.Testcases" name="TC_Booking_SC060">
    <skipped/>
  </testcase> <!-- TC_Booking_SC060 -->
  <testcase classname="commonMethods.Testcases" name="TC_Feeder_Contract_SC02">
    <skipped/>
  </testcase> <!-- TC_Feeder_Contract_SC02 -->
  <testcase classname="commonMethods.Testcases" name="TC_Bill_Of_Lading_SC01">
    <skipped/>
  </testcase> <!-- TC_Bill_Of_Lading_SC01 -->
  <testcase classname="commonMethods.Testcases" name="TC_Delivery_Order_TS_050">
    <skipped/>
  </testcase> <!-- TC_Delivery_Order_TS_050 -->
  <testcase classname="commonMethods.Testcases" name="TC_Import_Invoice_SC008B">
    <skipped/>
  </testcase> <!-- TC_Import_Invoice_SC008B -->
  <testcase classname="commonMethods.Testcases" name="TC_Rate_Request_SC45">
    <skipped/>
  </testcase> <!-- TC_Rate_Request_SC45 -->
  <testcase classname="commonMethods.Testcases" name="TC_DG_Creation_SC_012">
    <skipped/>
  </testcase> <!-- TC_DG_Creation_SC_012 -->
  <testcase classname="commonMethods.Testcases" name="TC_Contract_Management_System_SC189">
    <skipped/>
  </testcase> <!-- TC_Contract_Management_System_SC189 -->
  <testcase classname="commonMethods.Testcases" name="TC_Contract_Management_System_SC078">
    <skipped/>
  </testcase> <!-- TC_Contract_Management_System_SC078 -->
  <testcase classname="commonMethods.Testcases" name="EMS_Contract_Registration_IP002">
    <skipped/>
  </testcase> <!-- EMS_Contract_Registration_IP002 -->
  <testcase classname="commonMethods.Testcases" name="TC_Rate_Request_SC05">
    <skipped/>
  </testcase> <!-- TC_Rate_Request_SC05 -->
  <testcase classname="commonMethods.Testcases" name="TC_DG_Creation_SC_052">
    <skipped/>
  </testcase> <!-- TC_DG_Creation_SC_052 -->
  <testcase classname="commonMethods.Testcases" name="TC_Contract_Management_System_SC149">
    <skipped/>
  </testcase> <!-- TC_Contract_Management_System_SC149 -->
  <testcase classname="commonMethods.Testcases" name="TC_Import_Documentation_SC014">
    <skipped/>
  </testcase> <!-- TC_Import_Documentation_SC014 -->
  <testcase classname="commonMethods.Testcases" name="TC_Discharge_Confirmation_SC_DC_03">
    <skipped/>
  </testcase> <!-- TC_Discharge_Confirmation_SC_DC_03 -->
  <testcase classname="commonMethods.Testcases" name="TC_Import_Documentation_SC054">
    <skipped/>
  </testcase> <!-- TC_Import_Documentation_SC054 -->
  <testcase classname="commonMethods.Testcases" name="TC_Ecommerce_Gateway_Validator_008">
    <skipped/>
  </testcase> <!-- TC_Ecommerce_Gateway_Validator_008 -->
  <testcase classname="commonMethods.Testcases" name="TC_Schedule_Security_SS01">
    <skipped/>
  </testcase> <!-- TC_Schedule_Security_SS01 -->
  <testcase classname="commonMethods.Testcases" name="TC_Global_Configuration_SC023">
    <skipped/>
  </testcase> <!-- TC_Global_Configuration_SC023 -->
  <testcase classname="commonMethods.Testcases" name="TC_Ecommerce_Customer_Agency_Mapping_002">
    <skipped/>
  </testcase> <!-- TC_Ecommerce_Customer_Agency_Mapping_002 -->
  <testcase classname="commonMethods.Testcases" name="TC_Movement_Entry_IntegrationTS041">
    <skipped/>
  </testcase> <!-- TC_Movement_Entry_IntegrationTS041 -->
  <testcase classname="commonMethods.Testcases" name="TC_Booking_SC063">
    <skipped/>
  </testcase> <!-- TC_Booking_SC063 -->
  <testcase classname="commonMethods.Testcases" name="TS_EMS_Contract_Registration_15">
    <skipped/>
  </testcase> <!-- TS_EMS_Contract_Registration_15 -->
  <testcase classname="commonMethods.Testcases" name="TC_DnS_Report_SC036">
    <skipped/>
  </testcase> <!-- TC_DnS_Report_SC036 -->
  <testcase classname="commonMethods.Testcases" name="TC_Coastal_Schedule_CS02I_IP">
    <skipped/>
  </testcase> <!-- TC_Coastal_Schedule_CS02I_IP -->
  <testcase classname="commonMethods.Testcases" name="TC_Bill_Of_Lading_SC02">
    <skipped/>
  </testcase> <!-- TC_Bill_Of_Lading_SC02 -->
  <testcase classname="commonMethods.Testcases" name="TC_Import_Invoice_SC019B">
    <skipped/>
  </testcase> <!-- TC_Import_Invoice_SC019B -->
  <testcase classname="commonMethods.Testcases" name="TC_Contract_Management_System_SC188">
    <skipped/>
  </testcase> <!-- TC_Contract_Management_System_SC188 -->
  <testcase classname="commonMethods.Testcases" name="TC_Ecommerce_Customer_Gate_004">
    <skipped/>
  </testcase> <!-- TC_Ecommerce_Customer_Gate_004 -->
  <testcase classname="commonMethods.Testcases" name="TC_Contract_Management_System_SC148">
    <skipped/>
  </testcase> <!-- TC_Contract_Management_System_SC148 -->
  <testcase classname="commonMethods.Testcases" name="TC_Transportation_Dispatch_Notice_SC_TDN_27">
    <skipped/>
  </testcase> <!-- TC_Transportation_Dispatch_Notice_SC_TDN_27 -->
  <testcase classname="commonMethods.Testcases" name="TC_Import_Documentation_SC017">
    <skipped/>
  </testcase> <!-- TC_Import_Documentation_SC017 -->
  <testcase classname="commonMethods.Testcases" name="TC_Customer_Statement_SC044C">
    <skipped/>
  </testcase> <!-- TC_Customer_Statement_SC044C -->
  <testcase classname="commonMethods.Testcases" name="TC_Cost_Activity_Report_TS021">
    <skipped/>
  </testcase> <!-- TC_Cost_Activity_Report_TS021 -->
  <testcase classname="commonMethods.Testcases" name="TC_Import_Documentation_SC057">
    <skipped/>
  </testcase> <!-- TC_Import_Documentation_SC057 -->
  <testcase classname="commonMethods.Testcases" name="TC_Discharge_Confirmation_SC_DC_06">
    <skipped/>
  </testcase> <!-- TC_Discharge_Confirmation_SC_DC_06 -->
  <testcase classname="commonMethods.Testcases" name="TC_Global_Configuration_SC024">
    <skipped/>
  </testcase> <!-- TC_Global_Configuration_SC024 -->
  <testcase classname="commonMethods.Testcases" name="TS_EMS_Contract_Registration_18">
    <skipped/>
  </testcase> <!-- TS_EMS_Contract_Registration_18 -->
  <testcase classname="commonMethods.Testcases" name="TC_Discharge_Reconciliation_MD50">
    <skipped/>
  </testcase> <!-- TC_Discharge_Reconciliation_MD50 -->
  <testcase classname="commonMethods.Testcases" name="TC_DnS_Report_SC035">
    <skipped/>
  </testcase> <!-- TC_DnS_Report_SC035 -->
  <testcase classname="commonMethods.Testcases" name="TC_Discharge_Reconciliation_MD31A">
    <skipped/>
  </testcase> <!-- TC_Discharge_Reconciliation_MD31A -->
  <testcase classname="commonMethods.Testcases" name="TC_Movement_Entry_IntegrationTS040">
    <skipped/>
  </testcase> <!-- TC_Movement_Entry_IntegrationTS040 -->
  <testcase classname="commonMethods.Testcases" name="TC_Schedule_Security_SS08">
    <skipped/>
  </testcase> <!-- TC_Schedule_Security_SS08 -->
  <testcase classname="commonMethods.Testcases" name="TC_Discharge_Reconciliation_MD10">
    <skipped/>
  </testcase> <!-- TC_Discharge_Reconciliation_MD10 -->
  <testcase classname="commonMethods.Testcases" name="TC_Bill_Of_Lading_SC03">
    <skipped/>
  </testcase> <!-- TC_Bill_Of_Lading_SC03 -->
  <testcase classname="commonMethods.Testcases" name="TC_EMS_Contract_Billing_Generation_And_Verification_TS68_to_TS86_C">
    <skipped/>
  </testcase> <!-- TC_EMS_Contract_Billing_Generation_And_Verification_TS68_to_TS86_C -->
  <testcase classname="commonMethods.Testcases" name="TC_EMS_Contract_Billing_Generation_83">
    <skipped/>
  </testcase> <!-- TC_EMS_Contract_Billing_Generation_83 -->
  <testcase classname="commonMethods.Testcases" name="TC_EMS_Contract_Registration_TS001">
    <skipped/>
  </testcase> <!-- TC_EMS_Contract_Registration_TS001 -->
  <testcase classname="commonMethods.Testcases" name="TC_Import_Documentation_SC016">
    <skipped/>
  </testcase> <!-- TC_Import_Documentation_SC016 -->
  <testcase classname="commonMethods.Testcases" name="TC_Contract_Management_System_SC258">
    <skipped/>
  </testcase> <!-- TC_Contract_Management_System_SC258 -->
  <testcase classname="commonMethods.Testcases" name="TC_Transportation_Dispatch_Notice_SC_TDN_28">
    <skipped/>
  </testcase> <!-- TC_Transportation_Dispatch_Notice_SC_TDN_28 -->
  <testcase classname="commonMethods.Testcases" name="TC_Customer_Statement_SC044D">
    <skipped/>
  </testcase> <!-- TC_Customer_Statement_SC044D -->
  <testcase classname="commonMethods.Testcases" name="TC_Import_Documentation_SC056">
    <skipped/>
  </testcase> <!-- TC_Import_Documentation_SC056 -->
  <testcase classname="commonMethods.Testcases" name="TC_Cost_Activity_Report_TS020">
    <skipped/>
  </testcase> <!-- TC_Cost_Activity_Report_TS020 -->
  <testcase classname="commonMethods.Testcases" name="TC_Discharge_Reconciliation_MD55">
    <skipped/>
  </testcase> <!-- TC_Discharge_Reconciliation_MD55 -->
  <testcase classname="commonMethods.Testcases" name="TC_Schedule_Security_SS07">
    <skipped/>
  </testcase> <!-- TC_Schedule_Security_SS07 -->
  <testcase classname="commonMethods.Testcases" name="TC_Booking_SC061">
    <skipped/>
  </testcase> <!-- TC_Booking_SC061 -->
  <testcase classname="commonMethods.Testcases" name="TC_Ecommerce_Gateway_Validator_014">
    <skipped/>
  </testcase> <!-- TC_Ecommerce_Gateway_Validator_014 -->
  <testcase classname="commonMethods.Testcases" name="TC_Coastal_Schedule_CS15">
    <skipped/>
  </testcase> <!-- TC_Coastal_Schedule_CS15 -->
  <testcase classname="commonMethods.Testcases" name="TC_Vendor_Contracts_SC001">
    <skipped/>
  </testcase> <!-- TC_Vendor_Contracts_SC001 -->
  <testcase classname="commonMethods.Testcases" name="TC_Payable_Payment_PP22">
    <skipped/>
  </testcase> <!-- TC_Payable_Payment_PP22 -->
  <testcase classname="commonMethods.Testcases" name="TC_Delivery_Order_TS_013">
    <skipped/>
  </testcase> <!-- TC_Delivery_Order_TS_013 -->
  <testcase classname="commonMethods.Testcases" name="TC_Haulage_Contract_SC31">
    <skipped/>
  </testcase> <!-- TC_Haulage_Contract_SC31 -->
  <testcase classname="commonMethods.Testcases" name="TC_Transportation_Dispatch_Notice_SC_TDN_15">
    <skipped/>
  </testcase> <!-- TC_Transportation_Dispatch_Notice_SC_TDN_15 -->
  <testcase classname="commonMethods.Testcases" name="TC_Contract_Management_System_SC172">
    <skipped/>
  </testcase> <!-- TC_Contract_Management_System_SC172 -->
  <testcase classname="commonMethods.Testcases" name="TC_Contract_Management_System_SC061">
    <skipped/>
  </testcase> <!-- TC_Contract_Management_System_SC061 -->
  <testcase classname="commonMethods.Testcases" name="TC_Cost_Activity_Report_TS023">
    <skipped/>
  </testcase> <!-- TC_Cost_Activity_Report_TS023 -->
  <testcase classname="commonMethods.Testcases" name="TC_Booking_SC064">
    <skipped/>
  </testcase> <!-- TC_Booking_SC064 -->
  <testcase classname="commonMethods.Testcases" name="TC_Import_Documentation_SC059">
    <skipped/>
  </testcase> <!-- TC_Import_Documentation_SC059 -->
  <testcase classname="commonMethods.Testcases" name="TC_Contract_Management_System_SC021">
    <skipped/>
  </testcase> <!-- TC_Contract_Management_System_SC021 -->
  <testcase classname="commonMethods.Testcases" name="TC_Cost_Activity_Report_TS063">
    <skipped/>
  </testcase> <!-- TC_Cost_Activity_Report_TS063 -->
  <testcase classname="commonMethods.Testcases" name="TC_Contract_Management_System_SC132">
    <skipped/>
  </testcase> <!-- TC_Contract_Management_System_SC132 -->
  <testcase classname="commonMethods.Testcases" name="TC_Booking_SC024">
    <skipped/>
  </testcase> <!-- TC_Booking_SC024 -->
  <testcase classname="commonMethods.Testcases" name="TC_Import_Documentation_SC099">
    <skipped/>
  </testcase> <!-- TC_Import_Documentation_SC099 -->
  <testcase classname="commonMethods.Testcases" name="TC_Booking_SC135">
    <skipped/>
  </testcase> <!-- TC_Booking_SC135 -->
  <testcase classname="commonMethods.Testcases" name="TS_EMS_Contract_Registration_16">
    <skipped/>
  </testcase> <!-- TS_EMS_Contract_Registration_16 -->
  <testcase classname="commonMethods.Testcases" name="TC_Rate_Request_SC087">
    <skipped/>
  </testcase> <!-- TC_Rate_Request_SC087 -->
  <testcase classname="commonMethods.Testcases" name="TC_Movement_Entry_Integration_TS046">
    <skipped/>
  </testcase> <!-- TC_Movement_Entry_Integration_TS046 -->
  <testcase classname="commonMethods.Testcases" name="TC_Vendor_Invoice_Registration_SC20">
    <skipped/>
  </testcase> <!-- TC_Vendor_Invoice_Registration_SC20 -->
  <testcase classname="commonMethods.Testcases" name="TC_Rate_Request_SC09">
    <skipped/>
  </testcase> <!-- TC_Rate_Request_SC09 -->
  <testcase classname="commonMethods.Testcases" name="TC_EMS_EDI_Configuration_TS_001">
    <skipped/>
  </testcase> <!-- TC_EMS_EDI_Configuration_TS_001 -->
  <testcase classname="commonMethods.Testcases" name="TC_Ecommerce_Gateway_Validator_015">
    <skipped/>
  </testcase> <!-- TC_Ecommerce_Gateway_Validator_015 -->
  <testcase classname="commonMethods.Testcases" name="TC_Coastal_Schedule_CS16">
    <skipped/>
  </testcase> <!-- TC_Coastal_Schedule_CS16 -->
  <testcase classname="commonMethods.Testcases" name="TC_Contract_Management_System_SC242">
    <skipped/>
  </testcase> <!-- TC_Contract_Management_System_SC242 -->
  <testcase classname="commonMethods.Testcases" name="TC_Delivery_Order_TS_014">
    <skipped/>
  </testcase> <!-- TC_Delivery_Order_TS_014 -->
  <testcase classname="commonMethods.Testcases" name="TC_Vendor_Contracts_SC004">
    <skipped/>
  </testcase> <!-- TC_Vendor_Contracts_SC004 -->
  <testcase classname="commonMethods.Testcases" name="TC_Transportation_Dispatch_Notice_SC_TDN_12">
    <skipped/>
  </testcase> <!-- TC_Transportation_Dispatch_Notice_SC_TDN_12 -->
  <testcase classname="commonMethods.Testcases" name="TC_Contract_Management_System_SC171">
    <skipped/>
  </testcase> <!-- TC_Contract_Management_System_SC171 -->
  <testcase classname="commonMethods.Testcases" name="TC_Booking_SC067">
    <skipped/>
  </testcase> <!-- TC_Booking_SC067 -->
  <testcase classname="commonMethods.Testcases" name="TC_Import_Documentation_SC058">
    <skipped/>
  </testcase> <!-- TC_Import_Documentation_SC058 -->
  <testcase classname="commonMethods.Testcases" name="TC_Cost_Activity_Report_TS022">
    <skipped/>
  </testcase> <!-- TC_Cost_Activity_Report_TS022 -->
  <testcase classname="commonMethods.Testcases" name="TC_Cost_Activity_Report_TS062">
    <skipped/>
  </testcase> <!-- TC_Cost_Activity_Report_TS062 -->
  <testcase classname="commonMethods.Testcases" name="TC_Contract_Management_System_SC131">
    <skipped/>
  </testcase> <!-- TC_Contract_Management_System_SC131 -->
  <testcase classname="commonMethods.Testcases" name="TC_Booking_SC027">
    <skipped/>
  </testcase> <!-- TC_Booking_SC027 -->
  <testcase classname="commonMethods.Testcases" name="TC_Billing_Invoice_B13">
    <skipped/>
  </testcase> <!-- TC_Billing_Invoice_B13 -->
  <testcase classname="commonMethods.Testcases" name="TC_Import_Documentation_SC098">
    <skipped/>
  </testcase> <!-- TC_Import_Documentation_SC098 -->
  <testcase classname="commonMethods.Testcases" name="TC_Booking_SC134">
    <skipped/>
  </testcase> <!-- TC_Booking_SC134 -->
  <testcase classname="commonMethods.Testcases" name="TC_Rate_Request_SC088">
    <skipped/>
  </testcase> <!-- TC_Rate_Request_SC088 -->
  <testcase classname="commonMethods.Testcases" name="TC_Movement_Entry_Integration_TS045">
    <skipped/>
  </testcase> <!-- TC_Movement_Entry_Integration_TS045 -->
  <testcase classname="commonMethods.Testcases" name="TC_Discharge_Reconciliation_MD31B">
    <skipped/>
  </testcase> <!-- TC_Discharge_Reconciliation_MD31B -->
  <testcase classname="commonMethods.Testcases" name="TC_Import_Invoice_SC008A">
    <skipped/>
  </testcase> <!-- TC_Import_Invoice_SC008A -->
  <testcase classname="commonMethods.Testcases" name="TC_EMS_Contract_Registration_TS004">
    <skipped/>
  </testcase> <!-- TC_EMS_Contract_Registration_TS004 -->
  <testcase classname="commonMethods.Testcases" name="TC_DG_Creation_SC_019">
    <skipped/>
  </testcase> <!-- TC_DG_Creation_SC_019 -->
  <testcase classname="commonMethods.Testcases" name="TC_Email_To_Customers_006">
    <skipped/>
  </testcase> <!-- TC_Email_To_Customers_006 -->
  <testcase classname="commonMethods.Testcases" name="TC_PartBL_TC016">
    <skipped/>
  </testcase> <!-- TC_PartBL_TC016 -->
  <testcase classname="commonMethods.Testcases" name="TC_Vendor_Contracts_SC003">
    <skipped/>
  </testcase> <!-- TC_Vendor_Contracts_SC003 -->
  <testcase classname="commonMethods.Testcases" name="TC_Payable_Payment_PP20">
    <skipped/>
  </testcase> <!-- TC_Payable_Payment_PP20 -->
  <testcase classname="commonMethods.Testcases" name="TC_Contract_Management_System_SC241">
    <skipped/>
  </testcase> <!-- TC_Contract_Management_System_SC241 -->
  <testcase classname="commonMethods.Testcases" name="TC_Transportation_Dispatch_Notice_SC_TDN_13">
    <skipped/>
  </testcase> <!-- TC_Transportation_Dispatch_Notice_SC_TDN_13 -->
  <testcase classname="commonMethods.Testcases" name="TC_Cost_Activity_Report_TS025">
    <skipped/>
  </testcase> <!-- TC_Cost_Activity_Report_TS025 -->
  <testcase classname="commonMethods.Testcases" name="TC_Scale_In_TS_011">
    <skipped/>
  </testcase> <!-- TC_Scale_In_TS_011 -->
  <testcase classname="commonMethods.Testcases" name="TC_Billing_Invoice_B12">
    <skipped/>
  </testcase> <!-- TC_Billing_Invoice_B12 -->
  <testcase classname="commonMethods.Testcases" name="TC_Cost_Activity_Report_TS065">
    <skipped/>
  </testcase> <!-- TC_Cost_Activity_Report_TS065 -->
  <testcase classname="commonMethods.Testcases" name="TC_Vendor_Invoice_Registration_SC58">
    <skipped/>
  </testcase> <!-- TC_Vendor_Invoice_Registration_SC58 -->
  <testcase classname="commonMethods.Testcases" name="TC_Schedule_Security_SS04">
    <skipped/>
  </testcase> <!-- TC_Schedule_Security_SS04 -->
  <testcase classname="commonMethods.Testcases" name="TC_Vendor_Invoice_Registration_SC18">
    <skipped/>
  </testcase> <!-- TC_Vendor_Invoice_Registration_SC18 -->
  <testcase classname="commonMethods.Testcases" name="TS_EMS_Contract_Registration_14">
    <skipped/>
  </testcase> <!-- TS_EMS_Contract_Registration_14 -->
  <testcase classname="commonMethods.Testcases" name="TC_Rate_Request_SC089">
    <skipped/>
  </testcase> <!-- TC_Rate_Request_SC089 -->
  <testcase classname="commonMethods.Testcases" name="TC_Import_Invoice_SC019A">
    <skipped/>
  </testcase> <!-- TC_Import_Invoice_SC019A -->
  <testcase classname="commonMethods.Testcases" name="TC_DG_Creation_SC_018">
    <skipped/>
  </testcase> <!-- TC_DG_Creation_SC_018 -->
  <testcase classname="commonMethods.Testcases" name="TC_Coastal_Schedule_CS10">
    <skipped/>
  </testcase> <!-- TC_Coastal_Schedule_CS10 -->
  <testcase classname="commonMethods.Testcases" name="TC_EMS_Contract_Registration_TS005">
    <skipped/>
  </testcase> <!-- TC_EMS_Contract_Registration_TS005 -->
  <testcase classname="commonMethods.Testcases" name="TC_EMS_Contract_Registration_11_To_20">
    <skipped/>
  </testcase> <!-- TC_EMS_Contract_Registration_11_To_20 -->
  <testcase classname="commonMethods.Testcases" name="TC_DG_Creation_SC_058">
    <skipped/>
  </testcase> <!-- TC_DG_Creation_SC_058 -->
  <testcase classname="commonMethods.Testcases" name="TC_Email_To_Customers_005">
    <skipped/>
  </testcase> <!-- TC_Email_To_Customers_005 -->
  <testcase classname="commonMethods.Testcases" name="TC_PartBL_TC017">
    <skipped/>
  </testcase> <!-- TC_PartBL_TC017 -->
  <testcase classname="commonMethods.Testcases" name="TC_Cost_Activity_Report_TS024">
    <skipped/>
  </testcase> <!-- TC_Cost_Activity_Report_TS024 -->
  <testcase classname="commonMethods.Testcases" name="TC_Scale_In_TS_010">
    <skipped/>
  </testcase> <!-- TC_Scale_In_TS_010 -->
  <testcase classname="commonMethods.Testcases" name="TC_Booking_SC065">
    <skipped/>
  </testcase> <!-- TC_Booking_SC065 -->
  <testcase classname="commonMethods.Testcases" name="TC_Cost_Activity_Report_TS064">
    <skipped/>
  </testcase> <!-- TC_Cost_Activity_Report_TS064 -->
  <testcase classname="commonMethods.Testcases" name="TC_Booking_SC025">
    <skipped/>
  </testcase> <!-- TC_Booking_SC025 -->
  <testcase classname="commonMethods.Testcases" name="TC_Billing_Invoice_B11">
    <skipped/>
  </testcase> <!-- TC_Billing_Invoice_B11 -->
  <testcase classname="commonMethods.Testcases" name="TC_Discharge_Reconciliation_MD51">
    <skipped/>
  </testcase> <!-- TC_Discharge_Reconciliation_MD51 -->
  <testcase classname="commonMethods.Testcases" name="TC_Schedule_Security_SS03">
    <skipped/>
  </testcase> <!-- TC_Schedule_Security_SS03 -->
  <testcase classname="commonMethods.Testcases" name="TC_Vendor_Invoice_Registration_SC59">
    <skipped/>
  </testcase> <!-- TC_Vendor_Invoice_Registration_SC59 -->
  <testcase classname="commonMethods.Testcases" name="TS_EMS_Contract_Registration_17">
    <skipped/>
  </testcase> <!-- TS_EMS_Contract_Registration_17 -->
  <testcase classname="commonMethods.Testcases" name="TC_Discharge_Reconciliation_MD11">
    <skipped/>
  </testcase> <!-- TC_Discharge_Reconciliation_MD11 -->
  <testcase classname="commonMethods.Testcases" name="TC_Vendor_Invoice_Registration_SC19">
    <skipped/>
  </testcase> <!-- TC_Vendor_Invoice_Registration_SC19 -->
  <testcase classname="commonMethods.Testcases" name="TC_Coastal_Schedule_CS11">
    <skipped/>
  </testcase> <!-- TC_Coastal_Schedule_CS11 -->
  <testcase classname="commonMethods.Testcases" name="TC_PartBL_TC018">
    <skipped/>
  </testcase> <!-- TC_PartBL_TC018 -->
  <testcase classname="commonMethods.Testcases" name="TC_EMS_EDI_Configuration_TS_004">
    <skipped/>
  </testcase> <!-- TC_EMS_EDI_Configuration_TS_004 -->
  <testcase classname="commonMethods.Testcases" name="TC_Email_To_Customers_004">
    <skipped/>
  </testcase> <!-- TC_Email_To_Customers_004 -->
  <testcase classname="commonMethods.Testcases" name="TC_Import_Documentation_SC041">
    <skipped/>
  </testcase> <!-- TC_Import_Documentation_SC041 -->
  <testcase classname="commonMethods.Testcases" name="TC_Transportation_Dispatch_Notice_SC_TDN_11">
    <skipped/>
  </testcase> <!-- TC_Transportation_Dispatch_Notice_SC_TDN_11 -->
  <testcase classname="commonMethods.Testcases" name="TC_Import_Documentation_SC081">
    <skipped/>
  </testcase> <!-- TC_Import_Documentation_SC081 -->
  <testcase classname="commonMethods.Testcases" name="TC_Cost_Activity_Report_TS067">
    <skipped/>
  </testcase> <!-- TC_Cost_Activity_Report_TS067 -->
  <testcase classname="commonMethods.Testcases" name="TC_Scale_In_TS_013">
    <skipped/>
  </testcase> <!-- TC_Scale_In_TS_013 -->
  <testcase classname="commonMethods.Testcases" name="TC_Merge_Booking_SC02">
    <skipped/>
  </testcase> <!-- TC_Merge_Booking_SC02 -->
  <testcase classname="commonMethods.Testcases" name="TC_Contract_Management_System_SC176">
    <skipped/>
  </testcase> <!-- TC_Contract_Management_System_SC176 -->
  <testcase classname="commonMethods.Testcases" name="TC_Contract_Management_System_SC065">
    <skipped/>
  </testcase> <!-- TC_Contract_Management_System_SC065 -->
  <testcase classname="commonMethods.Testcases" name="TC_Customer_Statement_SC044A">
    <skipped/>
  </testcase> <!-- TC_Customer_Statement_SC044A -->
  <testcase classname="commonMethods.Testcases" name="TC_Booking_SC068">
    <skipped/>
  </testcase> <!-- TC_Booking_SC068 -->
  <testcase classname="commonMethods.Testcases" name="TC_Import_Invoice_SC006">
    <skipped/>
  </testcase> <!-- TC_Import_Invoice_SC006 -->
  <testcase classname="commonMethods.Testcases" name="TC_EMS_Contract_Billing_Generation_81">
    <skipped/>
  </testcase> <!-- TC_EMS_Contract_Billing_Generation_81 -->
  <testcase classname="commonMethods.Testcases" name="TC_CRO_SC023">
    <skipped/>
  </testcase> <!-- TC_CRO_SC023 -->
  <testcase classname="commonMethods.Testcases" name="TC_Coastal_Schedule_CS12">
    <skipped/>
  </testcase> <!-- TC_Coastal_Schedule_CS12 -->
  <testcase classname="commonMethods.Testcases" name="TC_PartBL_TC019">
    <skipped/>
  </testcase> <!-- TC_PartBL_TC019 -->
  <testcase classname="commonMethods.Testcases" name="TC_EMS_EDI_Configuration_TS_005">
    <skipped/>
  </testcase> <!-- TC_EMS_EDI_Configuration_TS_005 -->
  <testcase classname="commonMethods.Testcases" name="TC_Email_To_Customers_003">
    <skipped/>
  </testcase> <!-- TC_Email_To_Customers_003 -->
  <testcase classname="commonMethods.Testcases" name="TC_EquipmentReportCurrentHistory_SC31">
    <skipped/>
  </testcase> <!-- TC_EquipmentReportCurrentHistory_SC31 -->
  <testcase classname="commonMethods.Testcases" name="TC_Payable_Payment_PP21">
    <skipped/>
  </testcase> <!-- TC_Payable_Payment_PP21 -->
  <testcase classname="commonMethods.Testcases" name="TC_Detention_Waiver_TS_013">
    <skipped/>
  </testcase> <!-- TC_Detention_Waiver_TS_013 -->
  <testcase classname="commonMethods.Testcases" name="TC_Cost_Activity_Report_TS066">
    <skipped/>
  </testcase> <!-- TC_Cost_Activity_Report_TS066 -->
  <testcase classname="commonMethods.Testcases" name="TC_Contract_Management_System_SC060">
    <skipped/>
  </testcase> <!-- TC_Contract_Management_System_SC060 -->
  <testcase classname="commonMethods.Testcases" name="TC_Discharge_Reconciliation_MD57">
    <skipped/>
  </testcase> <!-- TC_Discharge_Reconciliation_MD57 -->
  <testcase classname="commonMethods.Testcases" name="TC_Scale_In_TS_012">
    <skipped/>
  </testcase> <!-- TC_Scale_In_TS_012 -->
  <testcase classname="commonMethods.Testcases" name="TC_Merge_Booking_SC01">
    <skipped/>
  </testcase> <!-- TC_Merge_Booking_SC01 -->
  <testcase classname="commonMethods.Testcases" name="TC_Haulage_Contract_SC29">
    <skipped/>
  </testcase> <!-- TC_Haulage_Contract_SC29 -->
  <testcase classname="commonMethods.Testcases" name="TC_Contract_Management_System_SC175">
    <skipped/>
  </testcase> <!-- TC_Contract_Management_System_SC175 -->
  <testcase classname="commonMethods.Testcases" name="TC_Customer_Statement_SC044B">
    <skipped/>
  </testcase> <!-- TC_Customer_Statement_SC044B -->
  <testcase classname="commonMethods.Testcases" name="TC_Discharge_Reconciliation_MD17">
    <skipped/>
  </testcase> <!-- TC_Discharge_Reconciliation_MD17 -->
  <testcase classname="commonMethods.Testcases" name="TC_Contract_Management_System_SC020">
    <skipped/>
  </testcase> <!-- TC_Contract_Management_System_SC020 -->
  <testcase classname="commonMethods.Testcases" name="TC_EMS_Contract_Billing_Generation_80">
    <skipped/>
  </testcase> <!-- TC_EMS_Contract_Billing_Generation_80 -->
  <testcase classname="commonMethods.Testcases" name="TC_PartBL_TC012">
    <skipped/>
  </testcase> <!-- TC_PartBL_TC012 -->
  <testcase classname="commonMethods.Testcases" name="TC_CRO_SC024">
    <skipped/>
  </testcase> <!-- TC_CRO_SC024 -->
  <testcase classname="commonMethods.Testcases" name="TC_DG_Creation_SC_015">
    <skipped/>
  </testcase> <!-- TC_DG_Creation_SC_015 -->
  <testcase classname="commonMethods.Testcases" name="TC_EMS_EDI_Configuration_TS_002">
    <skipped/>
  </testcase> <!-- TC_EMS_EDI_Configuration_TS_002 -->
  <testcase classname="commonMethods.Testcases" name="TC_Ecommerce_Gateway_Validator_016">
    <skipped/>
  </testcase> <!-- TC_Ecommerce_Gateway_Validator_016 -->
  <testcase classname="commonMethods.Testcases" name="TC_Delivery_Order_TS_011">
    <skipped/>
  </testcase> <!-- TC_Delivery_Order_TS_011 -->
  <testcase classname="commonMethods.Testcases" name="TC_Global_Search_SC029">
    <skipped/>
  </testcase> <!-- TC_Global_Search_SC029 -->
  <testcase classname="commonMethods.Testcases" name="TC_EquipmentReportCurrentHistory_SC32">
    <skipped/>
  </testcase> <!-- TC_EquipmentReportCurrentHistory_SC32 -->
  <testcase classname="commonMethods.Testcases" name="TC_Rate_Request_SC04">
    <skipped/>
  </testcase> <!-- TC_Rate_Request_SC04 -->
  <testcase classname="commonMethods.Testcases" name="TC_ECOM_KYC_Details_SC003">
    <skipped/>
  </testcase> <!-- TC_ECOM_KYC_Details_SC003 -->
[...]
  <testcase classname="commonMethods.Testcases" name="TC_Cost_Activity_Report_TS036">
    <skipped/>
  </testcase> <!-- TC_Cost_Activity_Report_TS036 -->
  <testcase classname="commonMethods.Testcases" name="TC_Booking_SC053">
    <skipped/>
  </testcase> <!-- TC_Booking_SC053 -->
  <testcase classname="commonMethods.Testcases" name="TC_Import_Documentation_SC048">
    <skipped/>
  </testcase> <!-- TC_Import_Documentation_SC048 -->
  <testcase classname="commonMethods.Testcases" name="TC_Billing_Invoice_B03">
    <skipped/>
  </testcase> <!-- TC_Billing_Invoice_B03 -->
  <testcase classname="commonMethods.Testcases" name="TC_Cost_Activity_Report_TS076">
    <skipped/>
  </testcase> <!-- TC_Cost_Activity_Report_TS076 -->
  <testcase classname="commonMethods.Testcases" name="TC_Booking_SC013">
    <skipped/>
  </testcase> <!-- TC_Booking_SC013 -->
  <testcase classname="commonMethods.Testcases" name="TC_Import_Documentation_SC088">
    <skipped/>
  </testcase> <!-- TC_Import_Documentation_SC088 -->
  <testcase classname="commonMethods.Testcases" name="TC_Booking_SC124">
    <skipped/>
  </testcase> <!-- TC_Booking_SC124 -->
  <testcase classname="commonMethods.Testcases" name="TC_Feeder_Contract_SC29">
    <skipped/>
  </testcase> <!-- TC_Feeder_Contract_SC29 -->
  <testcase classname="commonMethods.Testcases" name="TC_Discharge_Reconciliation_MD30B">
    <skipped/>
  </testcase> <!-- TC_Discharge_Reconciliation_MD30B -->
  <testcase classname="commonMethods.Testcases" name="TC_Ecommerce_Gateway_Validator_026">
    <skipped/>
  </testcase> <!-- TC_Ecommerce_Gateway_Validator_026 -->
  <testcase classname="commonMethods.Testcases" name="TC_PartBL_TC006">
    <skipped/>
  </testcase> <!-- TC_PartBL_TC006 -->
  <testcase classname="commonMethods.Testcases" name="TC_Invoice_Status_Report_SC038D">
    <skipped/>
  </testcase> <!-- TC_Invoice_Status_Report_SC038D -->
  <testcase classname="commonMethods.Testcases" name="TC_Agency_Master_TS017">
    <skipped/>
  </testcase> <!-- TC_Agency_Master_TS017 -->
  <testcase classname="commonMethods.Testcases" name="TC_Manifest_Correction_Notes_SC01">
    <skipped/>
  </testcase> <!-- TC_Manifest_Correction_Notes_SC01 -->
  <testcase classname="commonMethods.Testcases" name="TC_Cost_Activity_Report_TS035">
    <skipped/>
  </testcase> <!-- TC_Cost_Activity_Report_TS035 -->
  <testcase classname="commonMethods.Testcases" name="TC_Import_Documentation_SC047">
    <skipped/>
  </testcase> <!-- TC_Import_Documentation_SC047 -->
  <testcase classname="commonMethods.Testcases" name="TC_Cost_Activity_Report_TS075">
    <skipped/>
  </testcase> <!-- TC_Cost_Activity_Report_TS075 -->
  <testcase classname="commonMethods.Testcases" name="TC_Import_Documentation_SC087">
    <skipped/>
  </testcase> <!-- TC_Import_Documentation_SC087 -->
  <testcase classname="commonMethods.Testcases" name="TC_Discharge_Reconciliation_MD30A">
    <skipped/>
  </testcase> <!-- TC_Discharge_Reconciliation_MD30A -->
  <testcase classname="commonMethods.Testcases" name="TC_DG_Creation_SC_008">
    <skipped/>
  </testcase> <!-- TC_DG_Creation_SC_008 -->
  <testcase classname="commonMethods.Testcases" name="TC_DG_Creation_SC_048">
    <skipped/>
  </testcase> <!-- TC_DG_Creation_SC_048 -->
  <testcase classname="commonMethods.Testcases" name="TC_Endpoint_Configuration_TS01">
    <skipped/>
  </testcase> <!-- TC_Endpoint_Configuration_TS01 -->
  <testcase classname="commonMethods.Testcases" name="TC_Invoice_Status_Report_SC038C">
    <skipped/>
  </testcase> <!-- TC_Invoice_Status_Report_SC038C -->
  <testcase classname="commonMethods.Testcases" name="TC_Coastal_Schedule_CS04">
    <skipped/>
  </testcase> <!-- TC_Coastal_Schedule_CS04 -->
  <testcase classname="commonMethods.Testcases" name="TC_Delivery_Order_TS_002">
    <skipped/>
  </testcase> <!-- TC_Delivery_Order_TS_002 -->
  <testcase classname="commonMethods.Testcases" name="TC_Haulage_Contract_SC20">
    <skipped/>
  </testcase> <!-- TC_Haulage_Contract_SC20 -->
  <testcase classname="commonMethods.Testcases" name="TC_Manifest_Correction_Notes_SC02">
    <skipped/>
  </testcase> <!-- TC_Manifest_Correction_Notes_SC02 -->
  <testcase classname="commonMethods.Testcases" name="TC_Delivery_Order_TS_042">
    <skipped/>
  </testcase> <!-- TC_Delivery_Order_TS_042 -->
  <testcase classname="commonMethods.Testcases" name="TC_Coastal_Schedule_CS03_IP">
    <skipped/>
  </testcase> <!-- TC_Coastal_Schedule_CS03_IP -->
  <testcase classname="commonMethods.Testcases" name="TC_Booking_SC059">
    <skipped/>
  </testcase> <!-- TC_Booking_SC059 -->
  <testcase classname="commonMethods.Testcases" name="TC_Cost_Activity_Report_TS030">
    <skipped/>
  </testcase> <!-- TC_Cost_Activity_Report_TS030 -->
  <testcase classname="commonMethods.Testcases" name="TC_Detention_Waiver_TS_019">
    <skipped/>
  </testcase> <!-- TC_Detention_Waiver_TS_019 -->
  <testcase classname="commonMethods.Testcases" name="TC_Billing_Invoice_B01">
    <skipped/>
  </testcase> <!-- TC_Billing_Invoice_B01 -->
  <testcase classname="commonMethods.Testcases" name="TC_Vendor_Invoice_Registration_SC29">
    <skipped/>
  </testcase> <!-- TC_Vendor_Invoice_Registration_SC29 -->
  <testcase classname="commonMethods.Testcases" name="TC_DG_Creation_SC_007">
    <skipped/>
  </testcase> <!-- TC_DG_Creation_SC_007 -->
  <testcase classname="commonMethods.Testcases" name="TC_Endpoint_Configuration_TS04">
    <skipped/>
  </testcase> <!-- TC_Endpoint_Configuration_TS04 -->
  <testcase classname="commonMethods.Testcases" name="TC_Long_Term_Creation_LT14">
    <skipped/>
  </testcase> <!-- TC_Long_Term_Creation_LT14 -->
  <testcase classname="commonMethods.Testcases" name="TC_EDI_Tracker_SC005">
    <skipped/>
  </testcase> <!-- TC_EDI_Tracker_SC005 -->
  <testcase classname="commonMethods.Testcases" name="TC_CRO_SC012">
    <skipped/>
  </testcase> <!-- TC_CRO_SC012 -->
  <testcase classname="commonMethods.Testcases" name="TC_Coastal_Schedule_CS01">
    <skipped/>
  </testcase> <!-- TC_Coastal_Schedule_CS01 -->
  <testcase classname="commonMethods.Testcases" name="TC_DG_Creation_SC_047">
    <skipped/>
  </testcase> <!-- TC_DG_Creation_SC_047 -->
  <testcase classname="commonMethods.Testcases" name="TC_PartBL_TC008">
    <skipped/>
  </testcase> <!-- TC_PartBL_TC008 -->
  <testcase classname="commonMethods.Testcases" name="TC_Invoice_Status_Report_SC038B">
    <skipped/>
  </testcase> <!-- TC_Invoice_Status_Report_SC038B -->
  <testcase classname="commonMethods.Testcases" name="TC_EDI_Creation_TS_006">
    <skipped/>
  </testcase> <!-- TC_EDI_Creation_TS_006 -->
  <testcase classname="commonMethods.Testcases" name="TC_Manifest_Correction_Notes_SC07">
    <skipped/>
  </testcase> <!-- TC_Manifest_Correction_Notes_SC07 -->
  <testcase classname="commonMethods.Testcases" name="TC_Detention_Waiver_TS_042">
    <skipped/>
  </testcase> <!-- TC_Detention_Waiver_TS_042 -->
  <testcase classname="commonMethods.Testcases" name="TC_Import_Documentation_SC031">
    <skipped/>
  </testcase> <!-- TC_Import_Documentation_SC031 -->
  <testcase classname="commonMethods.Testcases" name="TC_Delivery_Order_TS_047">
    <skipped/>
  </testcase> <!-- TC_Delivery_Order_TS_047 -->
  <testcase classname="commonMethods.Testcases" name="TC_Agency_Master_TS015">
    <skipped/>
  </testcase> <!-- TC_Agency_Master_TS015 -->
  <testcase classname="commonMethods.Testcases" name="TC_Import_Documentation_SC071">
    <skipped/>
  </testcase> <!-- TC_Import_Documentation_SC071 -->
  <testcase classname="commonMethods.Testcases" name="TC_Long_Term_Creation_LT13_LT17">
    <skipped/>
  </testcase> <!-- TC_Long_Term_Creation_LT13_LT17 -->
  <testcase classname="commonMethods.Testcases" name="TC_Vendor_Contracts_SC011">
    <skipped/>
  </testcase> <!-- TC_Vendor_Contracts_SC011 -->
  <testcase classname="commonMethods.Testcases" name="TC_Cost_Activity_Report_TS077">
    <skipped/>
  </testcase> <!-- TC_Cost_Activity_Report_TS077 -->
  <testcase classname="commonMethods.Testcases" name="TC_Booking_SC098">
    <skipped/>
  </testcase> <!-- TC_Booking_SC098 -->
  <testcase classname="commonMethods.Testcases" name="TC_Contract_Management_System_SC071">
    <skipped/>
  </testcase> <!-- TC_Contract_Management_System_SC071 -->
  <testcase classname="commonMethods.Testcases" name="TC_Haulage_Contract_SC18">
    <skipped/>
  </testcase> <!-- TC_Haulage_Contract_SC18 -->
  <testcase classname="commonMethods.Testcases" name="TC_Contract_Management_System_SC186">
    <skipped/>
  </testcase> <!-- TC_Contract_Management_System_SC186 -->
  <testcase classname="commonMethods.Testcases" name="TC_Booking_SC058">
    <skipped/>
  </testcase> <!-- TC_Booking_SC058 -->
  <testcase classname="commonMethods.Testcases" name="TC_Contract_Management_System_SC031">
    <skipped/>
  </testcase> <!-- TC_Contract_Management_System_SC031 -->
  <testcase classname="commonMethods.Testcases" name="TC_Haulage_Contract_SC58">
    <skipped/>
  </testcase> <!-- TC_Haulage_Contract_SC58 -->
  <testcase classname="commonMethods.Testcases" name="TC_Vendor_Invoice_Registration_SC26">
    <skipped/>
  </testcase> <!-- TC_Vendor_Invoice_Registration_SC26 -->
  <testcase classname="commonMethods.Testcases" name="TC_EDI_Tracker_SC004">
    <skipped/>
  </testcase> <!-- TC_EDI_Tracker_SC004 -->
  <testcase classname="commonMethods.Testcases" name="TC_Schedule_Security_SS09">
    <skipped/>
  </testcase> <!-- TC_Schedule_Security_SS09 -->
  <testcase classname="commonMethods.Testcases" name="TC_Ecommerce_Gateway_Validator_021">
    <skipped/>
  </testcase> <!-- TC_Ecommerce_Gateway_Validator_021 -->
  <testcase classname="commonMethods.Testcases" name="TC_Long_Term_Creation_LT13">
    <skipped/>
  </testcase> <!-- TC_Long_Term_Creation_LT13 -->
  <testcase classname="commonMethods.Testcases" name="TC_CRO_SC013">
    <skipped/>
  </testcase> <!-- TC_CRO_SC013 -->
  <testcase classname="commonMethods.Testcases" name="TC_Invoice_Status_Report_SC038A">
    <skipped/>
  </testcase> <!-- TC_Invoice_Status_Report_SC038A -->
  <testcase classname="commonMethods.Testcases" name="TC_EDI_Creation_TS_005">
    <skipped/>
  </testcase> <!-- TC_EDI_Creation_TS_005 -->
  <testcase classname="commonMethods.Testcases" name="TC_PartBL_TC005">
    <skipped/>
  </testcase> <!-- TC_PartBL_TC005 -->
  <testcase classname="commonMethods.Testcases" name="TC_Detention_Waiver_TS_043">
    <skipped/>
  </testcase> <!-- TC_Detention_Waiver_TS_043 -->
  <testcase classname="commonMethods.Testcases" name="TC_Import_Documentation_SC030">
    <skipped/>
  </testcase> <!-- TC_Import_Documentation_SC030 -->
  <testcase classname="commonMethods.Testcases" name="TC_Manifest_Correction_Notes_SC08">
    <skipped/>
  </testcase> <!-- TC_Manifest_Correction_Notes_SC08 -->
  <testcase classname="commonMethods.Testcases" name="TC_Delivery_Order_TS_044">
    <skipped/>
  </testcase> <!-- TC_Delivery_Order_TS_044 -->
  <testcase classname="commonMethods.Testcases" name="TC_Coastal_Schedule_CS02G_IP">
    <skipped/>
  </testcase> <!-- TC_Coastal_Schedule_CS02G_IP -->
  <testcase classname="commonMethods.Testcases" name="TC_Import_Documentation_SC070">
    <skipped/>
  </testcase> <!-- TC_Import_Documentation_SC070 -->
  <testcase classname="commonMethods.Testcases" name="TC_Detention_Waiver_TS_003">
    <skipped/>
  </testcase> <!-- TC_Detention_Waiver_TS_003 -->
  <testcase classname="commonMethods.Testcases" name="TC_Vendor_Contracts_SC010">
    <skipped/>
  </testcase> <!-- TC_Vendor_Contracts_SC010 -->
  <testcase classname="commonMethods.Testcases" name="TC_Haulage_Contract_SC19">
    <skipped/>
  </testcase> <!-- TC_Haulage_Contract_SC19 -->
  <testcase classname="commonMethods.Testcases" name="TC_Contract_Management_System_SC181">
    <skipped/>
  </testcase> <!-- TC_Contract_Management_System_SC181 -->
  <testcase classname="commonMethods.Testcases" name="TC_Booking_SC097">
    <skipped/>
  </testcase> <!-- TC_Booking_SC097 -->
  <testcase classname="commonMethods.Testcases" name="TC_Contract_Management_System_SC070">
    <skipped/>
  </testcase> <!-- TC_Contract_Management_System_SC070 -->
  <testcase classname="commonMethods.Testcases" name="TC_Import_Invoice_SC012F">
    <skipped/>
  </testcase> <!-- TC_Import_Invoice_SC012F -->
  <testcase classname="commonMethods.Testcases" name="TC_Contract_Management_System_SC030">
    <skipped/>
  </testcase> <!-- TC_Contract_Management_System_SC030 -->
  <testcase classname="commonMethods.Testcases" name="TC_Haulage_Contract_SC59">
    <skipped/>
  </testcase> <!-- TC_Haulage_Contract_SC59 -->
  <testcase classname="commonMethods.Testcases" name="TC_Contract_Management_System_SC141">
    <skipped/>
  </testcase> <!-- TC_Contract_Management_System_SC141 -->
  <testcase classname="commonMethods.Testcases" name="TC_Booking_SC057">
    <skipped/>
  </testcase> <!-- TC_Booking_SC057 -->
  <testcase classname="commonMethods.Testcases" name="TC_Ecommerce_Gateway_Validator_022">
    <skipped/>
  </testcase> <!-- TC_Ecommerce_Gateway_Validator_022 -->
  <testcase classname="commonMethods.Testcases" name="TC_CRO_SC010">
    <skipped/>
  </testcase> <!-- TC_CRO_SC010 -->
  <testcase classname="commonMethods.Testcases" name="TC_EMS_Contract_Billing_Generation_70">
    <skipped/>
  </testcase> <!-- TC_EMS_Contract_Billing_Generation_70 -->
  <testcase classname="commonMethods.Testcases" name="TC_DG_Creation_SC_009">
    <skipped/>
  </testcase> <!-- TC_DG_Creation_SC_009 -->
  <testcase classname="commonMethods.Testcases" name="TC_Endpoint_Configuration_TS02">
    <skipped/>
  </testcase> <!-- TC_Endpoint_Configuration_TS02 -->
  <testcase classname="commonMethods.Testcases" name="TC_PartBL_TC002">
    <skipped/>
  </testcase> <!-- TC_PartBL_TC002 -->
  <testcase classname="commonMethods.Testcases" name="TC_DG_Creation_SC_049">
    <skipped/>
  </testcase> <!-- TC_DG_Creation_SC_049 -->
  <testcase classname="commonMethods.Testcases" name="TC_Contract_Management_System_SC251">
    <skipped/>
  </testcase> <!-- TC_Contract_Management_System_SC251 -->
  <testcase classname="commonMethods.Testcases" name="TC_Delivery_Order_TS_001">
    <skipped/>
  </testcase> <!-- TC_Delivery_Order_TS_001 -->
  <testcase classname="commonMethods.Testcases" name="TC_Manifest_Correction_Notes_SC05">
    <skipped/>
  </testcase> <!-- TC_Manifest_Correction_Notes_SC05 -->
  <testcase classname="commonMethods.Testcases" name="TC_Rate_Request_SC14">
    <skipped/>
  </testcase> <!-- TC_Rate_Request_SC14 -->
  <testcase classname="commonMethods.Testcases" name="TC_Delivery_Order_TS_041">
    <skipped/>
  </testcase> <!-- TC_Delivery_Order_TS_041 -->
  <testcase classname="commonMethods.Testcases" name="TC_Transportation_Dispatch_Notice_SC_TDN_03">
    <skipped/>
  </testcase> <!-- TC_Transportation_Dispatch_Notice_SC_TDN_03 -->
  <testcase classname="commonMethods.Testcases" name="TC_Agency_Master_TS013">
    <skipped/>
  </testcase> <!-- TC_Agency_Master_TS013 -->
  <testcase classname="commonMethods.Testcases" name="TC_Contract_Management_System_SC073">
    <skipped/>
  </testcase> <!-- TC_Contract_Management_System_SC073 -->
  <testcase classname="commonMethods.Testcases" name="TC_Cost_Activity_Report_TS079">
    <skipped/>
  </testcase> <!-- TC_Cost_Activity_Report_TS079 -->
  <testcase classname="commonMethods.Testcases" name="TC_Contract_Management_System_SC180">
    <skipped/>
  </testcase> <!-- TC_Contract_Management_System_SC180 -->
  <testcase classname="commonMethods.Testcases" name="TC_Discharge_Reconciliation_MD68">
    <skipped/>
  </testcase> <!-- TC_Discharge_Reconciliation_MD68 -->
  <testcase classname="commonMethods.Testcases" name="TC_Import_Invoice_SC012E">
    <skipped/>
  </testcase> <!-- TC_Import_Invoice_SC012E -->
  <testcase classname="commonMethods.Testcases" name="TC_Contract_Management_System_SC140">
    <skipped/>
  </testcase> <!-- TC_Contract_Management_System_SC140 -->
  <testcase classname="commonMethods.Testcases" name="TC_Discharge_Reconciliation_MD28">
    <skipped/>
  </testcase> <!-- TC_Discharge_Reconciliation_MD28 -->
  <testcase classname="commonMethods.Testcases" name="TC_Vendor_Invoice_Registration_SC28">
    <skipped/>
  </testcase> <!-- TC_Vendor_Invoice_Registration_SC28 -->
  <testcase classname="commonMethods.Testcases" name="TC_Import_Invoice_SC018">
    <skipped/>
  </testcase> <!-- TC_Import_Invoice_SC018 -->
  <testcase classname="commonMethods.Testcases" name="TC_Ports_SC012">
    <skipped/>
  </testcase> <!-- TC_Ports_SC012 -->
  <testcase classname="commonMethods.Testcases" name="TC_Endpoint_Configuration_TS05">
    <skipped/>
  </testcase> <!-- TC_Endpoint_Configuration_TS05 -->
  <testcase classname="commonMethods.Testcases" name="TC_CRO_SC011">
    <skipped/>
  </testcase> <!-- TC_CRO_SC011 -->
  <testcase classname="commonMethods.Testcases" name="TC_PartBL_TC007">
    <skipped/>
  </testcase> <!-- TC_PartBL_TC007 -->
  <testcase classname="commonMethods.Testcases" name="TC_DG_Creation_SC_004">
    <skipped/>
  </testcase> <!-- TC_DG_Creation_SC_004 -->
  <testcase classname="commonMethods.Testcases" name="TC_Ecommerce_Gateway_Validator_027">
    <skipped/>
  </testcase> <!-- TC_Ecommerce_Gateway_Validator_027 -->
  <testcase classname="commonMethods.Testcases" name="TC_Contract_Management_System_SC250">
    <skipped/>
  </testcase> <!-- TC_Contract_Management_System_SC250 -->
  <testcase classname="commonMethods.Testcases" name="TC_Manifest_Correction_Notes_SC06">
    <skipped/>
  </testcase> <!-- TC_Manifest_Correction_Notes_SC06 -->
  <testcase classname="commonMethods.Testcases" name="TC_Delivery_Order_TS_046">
    <skipped/>
  </testcase> <!-- TC_Delivery_Order_TS_046 -->
  <testcase classname="commonMethods.Testcases" name="TC_Discharge_Confirmation_SC_DC_01">
    <skipped/>
  </testcase> <!-- TC_Discharge_Confirmation_SC_DC_01 -->
  <testcase classname="commonMethods.Testcases" name="TC_Agency_Master_TS016">
    <skipped/>
  </testcase> <!-- TC_Agency_Master_TS016 -->
  <testcase classname="commonMethods.Testcases" name="TC_Transportation_Dispatch_Notice_SC_TDN_04">
    <skipped/>
  </testcase> <!-- TC_Transportation_Dispatch_Notice_SC_TDN_04 -->
  <testcase classname="commonMethods.Testcases" name="TC_Vendor_Contracts_SC009">
    <skipped/>
  </testcase> <!-- TC_Vendor_Contracts_SC009 -->
  <testcase classname="commonMethods.Testcases" name="TC_Contract_Management_System_SC183">
    <skipped/>
  </testcase> <!-- TC_Contract_Management_System_SC183 -->
  <testcase classname="commonMethods.Testcases" name="TC_Contract_Management_System_SC072">
    <skipped/>
  </testcase> <!-- TC_Contract_Management_System_SC072 -->
  <testcase classname="commonMethods.Testcases" name="TC_Cost_Activity_Report_TS034">
    <skipped/>
  </testcase> <!-- TC_Cost_Activity_Report_TS034 -->
  <testcase classname="commonMethods.Testcases" name="TC_Proforma_Service_Creation_PC05_I">
    <skipped/>
  </testcase> <!-- TC_Proforma_Service_Creation_PC05_I -->
  <testcase classname="commonMethods.Testcases" name="TC_Discharge_Reconciliation_MD69">
    <skipped/>
  </testcase> <!-- TC_Discharge_Reconciliation_MD69 -->
  <testcase classname="commonMethods.Testcases" name="TC_Contract_Management_System_SC032">
    <skipped/>
  </testcase> <!-- TC_Contract_Management_System_SC032 -->
  <testcase classname="commonMethods.Testcases" name="TC_Cost_Activity_Report_TS074">
    <skipped/>
  </testcase> <!-- TC_Cost_Activity_Report_TS074 -->
  <testcase classname="commonMethods.Testcases" name="TC_Contract_Management_System_SC143">
    <skipped/>
  </testcase> <!-- TC_Contract_Management_System_SC143 -->
  <testcase classname="commonMethods.Testcases" name="TC_Discharge_Reconciliation_MD29">
    <skipped/>
  </testcase> <!-- TC_Discharge_Reconciliation_MD29 -->
  <testcase classname="commonMethods.Testcases" name="TC_Vendor_Invoice_Registration_SC25">
    <skipped/>
  </testcase> <!-- TC_Vendor_Invoice_Registration_SC25 -->
</testsuite> <!-- commonMethods.Testcases -->
